{"/Users/dtysky/Complex_Mind/MoeNotes/src/parser.js":{"path":"/Users/dtysky/Complex_Mind/MoeNotes/src/parser.js","s":{"1":1,"2":1,"3":1,"4":1,"5":1,"6":1,"7":1,"8":1,"9":1,"10":3,"11":1,"12":1,"13":0,"14":1,"15":1,"16":1,"17":1,"18":5,"19":5,"20":5,"21":3,"22":3,"23":2,"24":2,"25":5,"26":5,"27":5,"28":1,"29":5,"30":1,"31":1,"32":1,"33":1},"b":{"1":[0,3],"2":[3,3],"3":[0,1],"4":[3,2]},"f":{"1":3,"2":5,"3":1},"fnMap":{"1":{"name":"_interopRequireDefault","line":0,"loc":{"start":{"line":0,"column":0},"end":{"line":0,"column":0}},"skip":true},"2":{"name":"highlight","line":30,"loc":{"start":{"line":30,"column":0},"end":{"line":30,"column":34}}},"3":{"name":"parse","line":64,"loc":{"start":{"line":64,"column":15},"end":{"line":64,"column":35}}}},"statementMap":{"1":{"start":{"line":0,"column":0},"end":{"line":0,"column":0},"skip":true},"2":{"start":{"line":64,"column":24},"end":{"line":null,"column":null}},"3":{"start":{"line":9,"column":0},"end":{"line":null,"column":null}},"4":{"start":{"line":0,"column":0},"end":{"line":0,"column":0},"skip":true},"5":{"start":{"line":10,"column":0},"end":{"line":null,"column":null}},"6":{"start":{"line":0,"column":0},"end":{"line":0,"column":0},"skip":true},"7":{"start":{"line":11,"column":0},"end":{"line":null,"column":null}},"8":{"start":{"line":0,"column":0},"end":{"line":0,"column":0},"skip":true},"9":{"start":{"line":0,"column":0},"end":{"line":0,"column":0},"skip":true},"10":{"start":{"line":0,"column":0},"end":{"line":0,"column":0},"skip":true},"11":{"start":{"line":14,"column":0},"end":{"line":null,"column":null}},"12":{"start":{"line":16,"column":0},"end":{"line":null,"column":null}},"13":{"start":{"line":17,"column":20},"end":{"line":null,"column":null}},"14":{"start":{"line":21,"column":20},"end":{"line":null,"column":null}},"15":{"start":{"line":26,"column":0},"end":{"line":null,"column":null}},"16":{"start":{"line":28,"column":0},"end":{"line":null,"column":null}},"17":{"start":{"line":30,"column":0},"end":{"line":null,"column":null}},"18":{"start":{"line":31,"column":10},"end":{"line":null,"column":null}},"19":{"start":{"line":32,"column":8},"end":{"line":null,"column":null}},"20":{"start":{"line":33,"column":7},"end":{"line":null,"column":null}},"21":{"start":{"line":34,"column":15},"end":{"line":null,"column":null}},"22":{"start":{"line":35,"column":18},"end":{"line":null,"column":null}},"23":{"start":{"line":38,"column":15},"end":{"line":null,"column":null}},"24":{"start":{"line":39,"column":18},"end":{"line":null,"column":null}},"25":{"start":{"line":41,"column":8},"end":{"line":null,"column":null}},"26":{"start":{"line":42,"column":7},"end":{"line":null,"column":null}},"27":{"start":{"line":43,"column":17},"end":{"line":null,"column":null}},"28":{"start":{"line":46,"column":17},"end":{"line":null,"column":null}},"29":{"start":{"line":48,"column":11},"end":{"line":null,"column":null}},"30":{"start":{"line":51,"column":0},"end":{"line":null,"column":null}},"31":{"start":{"line":64,"column":15},"end":{"line":null,"column":null}},"32":{"start":{"line":65,"column":10},"end":{"line":null,"column":null}},"33":{"start":{"line":69,"column":11},"end":{"line":null,"column":null}}},"branchMap":{"1":{"line":0,"type":"cond-expr","locations":[{"start":{"line":0,"column":0},"end":{"line":0,"column":0},"skip":true},{"start":{"line":0,"column":0},"end":{"line":0,"column":0},"skip":true}]},"2":{"line":0,"type":"binary-expr","locations":[{"start":{"line":0,"column":0},"end":{"line":0,"column":0},"skip":true},{"start":{"line":0,"column":0},"end":{"line":0,"column":0},"skip":true}]},"3":{"line":16,"type":"if","locations":[{"start":{"line":16,"column":0},"end":{"line":16,"column":0}},{"start":{"line":16,"column":0},"end":{"line":16,"column":0}}]},"4":{"line":33,"type":"if","locations":[{"start":{"line":33,"column":7},"end":{"line":33,"column":7}},{"start":{"line":33,"column":7},"end":{"line":33,"column":7}}]}}},"/Users/dtysky/Complex_Mind/MoeNotes/src/config-manager-zhizhang.js":{"path":"/Users/dtysky/Complex_Mind/MoeNotes/src/config-manager-zhizhang.js","s":{"1":1,"2":1,"3":1,"4":11,"5":11,"6":11,"7":11,"8":11,"9":11,"10":1,"11":1,"12":1,"13":1,"14":0,"15":1,"16":1,"17":1,"18":1,"19":1,"20":1,"21":1,"22":2,"23":1,"24":1,"25":0,"26":1,"27":1,"28":0,"29":1,"30":1,"31":1,"32":1,"33":1,"34":1,"35":1,"36":1,"37":1,"38":1,"39":1,"40":1,"41":1,"42":1,"43":1,"44":1,"45":1,"46":1,"47":7,"48":1,"49":1,"50":0,"51":1,"52":1,"53":1,"54":1,"55":1,"56":1,"57":25,"58":24,"59":0,"60":1,"61":0,"62":1,"63":1,"64":1,"65":0,"66":0,"67":1,"68":0,"69":0,"70":1,"71":1},"b":{"1":[11,11],"2":[11,0],"3":[1,0],"4":[0,1],"5":[0,2],"6":[2,2],"7":[0,1],"8":[0,1],"9":[0,1],"10":[0,1],"11":[24,1],"12":[0,1]},"f":{"1":1,"2":1,"3":1,"4":2,"5":1,"6":1,"7":1,"8":1,"9":7,"10":1,"11":1,"12":1,"13":1,"14":1,"15":0,"16":0,"17":1,"18":0,"19":0},"fnMap":{"1":{"name":"(anonymous_1)","line":0,"loc":{"start":{"line":0,"column":0},"end":{"line":0,"column":0}},"skip":true},"2":{"name":"defineProperties","line":0,"loc":{"start":{"line":0,"column":0},"end":{"line":0,"column":0}},"skip":true},"3":{"name":"(anonymous_3)","line":0,"loc":{"start":{"line":0,"column":0},"end":{"line":0,"column":0}},"skip":true},"4":{"name":"_interopRequireDefault","line":0,"loc":{"start":{"line":0,"column":0},"end":{"line":0,"column":0}},"skip":true},"5":{"name":"_classCallCheck","line":0,"loc":{"start":{"line":0,"column":0},"end":{"line":0,"column":0}},"skip":true},"6":{"name":"(anonymous_6)","line":0,"loc":{"start":{"line":0,"column":0},"end":{"line":0,"column":0}},"skip":true},"7":{"name":"ConfigManager","line":63,"loc":{"start":{"line":63,"column":17},"end":{"line":63,"column":17}}},"8":{"name":"getExistedThemes","line":89,"loc":{"start":{"line":89,"column":22},"end":{"line":89,"column":22}}},"9":{"name":"(anonymous_9)","line":91,"loc":{"start":{"line":91,"column":56},"end":{"line":91,"column":71}}},"10":{"name":"initTheme","line":98,"loc":{"start":{"line":98,"column":15},"end":{"line":98,"column":15}}},"11":{"name":"save","line":111,"loc":{"start":{"line":111,"column":10},"end":{"line":111,"column":10}}},"12":{"name":"loadTheme","line":119,"loc":{"start":{"line":119,"column":14},"end":{"line":119,"column":20}}},"13":{"name":"loadConfig","line":126,"loc":{"start":{"line":126,"column":15},"end":{"line":126,"column":31}}},"14":{"name":"refresh","line":142,"loc":{"start":{"line":142,"column":12},"end":{"line":142,"column":18}}},"15":{"name":"getThemes","line":151,"loc":{"start":{"line":151,"column":15},"end":{"line":151,"column":15}}},"16":{"name":"getNow","line":155,"loc":{"start":{"line":155,"column":12},"end":{"line":155,"column":12}}},"17":{"name":"getConfig","line":159,"loc":{"start":{"line":159,"column":15},"end":{"line":159,"column":15}}},"18":{"name":"getStyles","line":163,"loc":{"start":{"line":163,"column":15},"end":{"line":163,"column":15}}},"19":{"name":"getSysConfig","line":174,"loc":{"start":{"line":174,"column":18},"end":{"line":174,"column":18}}}},"statementMap":{"1":{"start":{"line":0,"column":0},"end":{"line":0,"column":0},"skip":true},"2":{"start":{"line":0,"column":0},"end":{"line":0,"column":0},"skip":true},"3":{"start":{"line":0,"column":0},"end":{"line":0,"column":0},"skip":true},"4":{"start":{"line":0,"column":0},"end":{"line":0,"column":0},"skip":true},"5":{"start":{"line":0,"column":0},"end":{"line":0,"column":0},"skip":true},"6":{"start":{"line":0,"column":0},"end":{"line":0,"column":0},"skip":true},"7":{"start":{"line":0,"column":0},"end":{"line":0,"column":0},"skip":true},"8":{"start":{"line":0,"column":0},"end":{"line":0,"column":0},"skip":true},"9":{"start":{"line":0,"column":0},"end":{"line":0,"column":0},"skip":true},"10":{"start":{"line":0,"column":0},"end":{"line":0,"column":0},"skip":true},"11":{"start":{"line":0,"column":0},"end":{"line":0,"column":0},"skip":true},"12":{"start":{"line":0,"column":0},"end":{"line":0,"column":0},"skip":true},"13":{"start":{"line":0,"column":0},"end":{"line":0,"column":0},"skip":true},"14":{"start":{"line":0,"column":0},"end":{"line":0,"column":0},"skip":true},"15":{"start":{"line":0,"column":0},"end":{"line":0,"column":0},"skip":true},"16":{"start":{"line":7,"column":0},"end":{"line":null,"column":null}},"17":{"start":{"line":0,"column":0},"end":{"line":0,"column":0},"skip":true},"18":{"start":{"line":8,"column":0},"end":{"line":null,"column":null}},"19":{"start":{"line":0,"column":0},"end":{"line":0,"column":0},"skip":true},"20":{"start":{"line":9,"column":0},"end":{"line":null,"column":null}},"21":{"start":{"line":0,"column":0},"end":{"line":0,"column":0},"skip":true},"22":{"start":{"line":0,"column":0},"end":{"line":0,"column":0},"skip":true},"23":{"start":{"line":0,"column":0},"end":{"line":0,"column":0},"skip":true},"24":{"start":{"line":0,"column":0},"end":{"line":0,"column":0},"skip":true},"25":{"start":{"line":0,"column":0},"end":{"line":0,"column":0},"skip":true},"26":{"start":{"line":11,"column":0},"end":{"line":null,"column":null}},"27":{"start":{"line":12,"column":0},"end":{"line":null,"column":null}},"28":{"start":{"line":13,"column":13},"end":{"line":null,"column":null}},"29":{"start":{"line":16,"column":13},"end":{"line":null,"column":null}},"30":{"start":{"line":19,"column":0},"end":{"line":null,"column":null}},"31":{"start":{"line":48,"column":0},"end":{"line":null,"column":null}},"32":{"start":{"line":52,"column":0},"end":{"line":null,"column":null}},"33":{"start":{"line":62,"column":6},"end":{"line":null,"column":null}},"34":{"start":{"line":63,"column":17},"end":{"line":null,"column":null}},"35":{"start":{"line":0,"column":0},"end":{"line":0,"column":0},"skip":true},"36":{"start":{"line":64,"column":13},"end":{"line":null,"column":null}},"37":{"start":{"line":65,"column":13},"end":{"line":null,"column":null}},"38":{"start":{"line":67,"column":12},"end":{"line":null,"column":null}},"39":{"start":{"line":82,"column":13},"end":{"line":null,"column":null}},"40":{"start":{"line":83,"column":13},"end":{"line":null,"column":null}},"41":{"start":{"line":84,"column":13},"end":{"line":null,"column":null}},"42":{"start":{"line":85,"column":13},"end":{"line":null,"column":null}},"43":{"start":{"line":86,"column":13},"end":{"line":null,"column":null}},"44":{"start":{"line":0,"column":0},"end":{"line":0,"column":0},"skip":true},"45":{"start":{"line":90,"column":14},"end":{"line":null,"column":null}},"46":{"start":{"line":91,"column":13},"end":{"line":null,"column":null}},"47":{"start":{"line":92,"column":19},"end":{"line":null,"column":null}},"48":{"start":{"line":99,"column":11},"end":{"line":null,"column":null}},"49":{"start":{"line":100,"column":17},"end":{"line":null,"column":null}},"50":{"start":{"line":107,"column":17},"end":{"line":null,"column":null}},"51":{"start":{"line":112,"column":11},"end":{"line":null,"column":null}},"52":{"start":{"line":120,"column":14},"end":{"line":null,"column":null}},"53":{"start":{"line":123,"column":13},"end":{"line":null,"column":null}},"54":{"start":{"line":127,"column":12},"end":{"line":null,"column":null}},"55":{"start":{"line":128,"column":18},"end":{"line":null,"column":null}},"56":{"start":{"line":131,"column":17},"end":{"line":null,"column":null}},"57":{"start":{"line":132,"column":19},"end":{"line":null,"column":null}},"58":{"start":{"line":133,"column":25},"end":{"line":null,"column":null}},"59":{"start":{"line":138,"column":17},"end":{"line":null,"column":null}},"60":{"start":{"line":143,"column":11},"end":{"line":null,"column":null}},"61":{"start":{"line":144,"column":20},"end":{"line":null,"column":null}},"62":{"start":{"line":146,"column":13},"end":{"line":null,"column":null}},"63":{"start":{"line":147,"column":13},"end":{"line":null,"column":null}},"64":{"start":{"line":148,"column":13},"end":{"line":null,"column":null}},"65":{"start":{"line":152,"column":15},"end":{"line":null,"column":null}},"66":{"start":{"line":156,"column":15},"end":{"line":null,"column":null}},"67":{"start":{"line":160,"column":15},"end":{"line":null,"column":null}},"68":{"start":{"line":164,"column":15},"end":{"line":null,"column":null}},"69":{"start":{"line":175,"column":15},"end":{"line":null,"column":null}},"70":{"start":{"line":0,"column":0},"end":{"line":0,"column":0},"skip":true},"71":{"start":{"line":180,"column":0},"end":{"line":null,"column":null}}},"branchMap":{"1":{"line":0,"type":"binary-expr","locations":[{"start":{"line":0,"column":0},"end":{"line":0,"column":0},"skip":true},{"start":{"line":0,"column":0},"end":{"line":0,"column":0},"skip":true}]},"2":{"line":0,"type":"if","locations":[{"start":{"line":0,"column":0},"end":{"line":0,"column":0},"skip":true},{"start":{"line":0,"column":0},"end":{"line":0,"column":0},"skip":true}]},"3":{"line":0,"type":"if","locations":[{"start":{"line":0,"column":0},"end":{"line":0,"column":0},"skip":true},{"start":{"line":0,"column":0},"end":{"line":0,"column":0},"skip":true}]},"4":{"line":0,"type":"if","locations":[{"start":{"line":0,"column":0},"end":{"line":0,"column":0},"skip":true},{"start":{"line":0,"column":0},"end":{"line":0,"column":0},"skip":true}]},"5":{"line":0,"type":"cond-expr","locations":[{"start":{"line":0,"column":0},"end":{"line":0,"column":0},"skip":true},{"start":{"line":0,"column":0},"end":{"line":0,"column":0},"skip":true}]},"6":{"line":0,"type":"binary-expr","locations":[{"start":{"line":0,"column":0},"end":{"line":0,"column":0},"skip":true},{"start":{"line":0,"column":0},"end":{"line":0,"column":0},"skip":true}]},"7":{"line":0,"type":"if","locations":[{"start":{"line":0,"column":0},"end":{"line":0,"column":0},"skip":true},{"start":{"line":0,"column":0},"end":{"line":0,"column":0},"skip":true}]},"8":{"line":12,"type":"if","locations":[{"start":{"line":12,"column":0},"end":{"line":12,"column":0}},{"start":{"line":12,"column":0},"end":{"line":12,"column":0}}]},"9":{"line":49,"type":"cond-expr","locations":[{"start":{"line":49,"column":4},"end":{"line":48,"column":17}},{"start":{"line":50,"column":4},"end":{"line":48,"column":0}}]},"10":{"line":56,"type":"cond-expr","locations":[{"start":{"line":56,"column":8},"end":{"line":55,"column":16}},{"start":{"line":57,"column":8},"end":{"line":52,"column":18}}]},"11":{"line":132,"type":"if","locations":[{"start":{"line":132,"column":19},"end":{"line":132,"column":19}},{"start":{"line":132,"column":19},"end":{"line":132,"column":19}}]},"12":{"line":143,"type":"if","locations":[{"start":{"line":143,"column":11},"end":{"line":143,"column":11}},{"start":{"line":143,"column":11},"end":{"line":143,"column":11}}]}}},"/Users/dtysky/Complex_Mind/MoeNotes/src/utils.js":{"path":"/Users/dtysky/Complex_Mind/MoeNotes/src/utils.js","s":{"1":1,"2":1,"3":1,"4":1,"5":1,"6":1,"7":1,"8":1,"9":1,"10":1,"11":1,"12":1,"13":1,"14":1,"15":1,"16":1,"17":1,"18":1,"19":1,"20":1,"21":1,"22":1,"23":1,"24":1,"25":1,"26":1,"27":1,"28":1,"29":1,"30":1,"31":1,"32":9,"33":1,"34":95,"35":194,"36":1,"37":120,"38":316,"39":1,"40":315,"41":34,"42":281,"43":281,"44":1,"45":3,"46":1,"47":6,"48":1,"49":204,"50":204,"51":204,"52":1,"53":162,"54":1,"55":7,"56":7,"57":7,"58":7,"59":7,"60":7,"61":7,"62":4,"63":3,"64":1,"65":7,"66":2,"67":7,"68":7,"69":7,"70":7,"71":7,"72":4,"73":12,"74":3,"75":2,"76":6,"77":1,"78":1,"79":3,"80":7,"81":7,"82":1,"83":513,"84":6,"85":6,"86":3,"87":1,"88":1,"89":2,"90":1,"91":28,"92":540,"93":540,"94":509,"95":28,"96":1,"97":28,"98":1,"99":1,"100":1,"101":1,"102":1,"103":1,"104":1,"105":73,"106":1212,"107":1212,"108":2},"b":{"1":[2,7],"2":[9,9],"3":[1,315],"4":[34,281],"5":[4,3],"6":[3,1],"7":[2,5],"8":[4,3],"9":[2,1],"10":[1,0],"11":[509,31],"12":[2,1210]},"f":{"1":9,"2":95,"3":194,"4":120,"5":316,"6":281,"7":3,"8":6,"9":204,"10":162,"11":7,"12":12,"13":6,"14":3,"15":513,"16":6,"17":1,"18":2,"19":28,"20":28,"21":1,"22":73,"23":1212},"fnMap":{"1":{"name":"_interopRequireDefault","line":0,"loc":{"start":{"line":0,"column":0},"end":{"line":0,"column":0}},"skip":true},"2":{"name":"getDirectories","line":18,"loc":{"start":{"line":18,"column":7},"end":{"line":18,"column":35}}},"3":{"name":"(anonymous_3)","line":19,"loc":{"start":{"line":19,"column":37},"end":{"line":19,"column":45}}},"4":{"name":"getFiles","line":24,"loc":{"start":{"line":24,"column":7},"end":{"line":24,"column":29}}},"5":{"name":"(anonymous_5)","line":25,"loc":{"start":{"line":25,"column":37},"end":{"line":25,"column":45}}},"6":{"name":"(anonymous_6)","line":33,"loc":{"start":{"line":33,"column":11},"end":{"line":33,"column":19}}},"7":{"name":"getNameFromPath","line":38,"loc":{"start":{"line":38,"column":7},"end":{"line":38,"column":35}}},"8":{"name":"arrayIsEqual","line":42,"loc":{"start":{"line":42,"column":7},"end":{"line":42,"column":36}}},"9":{"name":"arrayIsLike","line":46,"loc":{"start":{"line":46,"column":7},"end":{"line":46,"column":35}}},"10":{"name":"arrayHas","line":52,"loc":{"start":{"line":52,"column":7},"end":{"line":52,"column":30}}},"11":{"name":"stringToColor","line":56,"loc":{"start":{"line":56,"column":7},"end":{"line":56,"column":55}}},"12":{"name":"(anonymous_12)","line":79,"loc":{"start":{"line":79,"column":52},"end":{"line":null,"column":null}}},"13":{"name":"(anonymous_13)","line":82,"loc":{"start":{"line":82,"column":52},"end":{"line":null,"column":null}}},"14":{"name":"(anonymous_14)","line":85,"loc":{"start":{"line":85,"column":52},"end":{"line":null,"column":null}}},"15":{"name":"tryCatchWrapper","line":91,"loc":{"start":{"line":91,"column":0},"end":{"line":91,"column":37}}},"16":{"name":"(anonymous_16)","line":92,"loc":{"start":{"line":92,"column":11},"end":{"line":92,"column":22}}},"17":{"name":"bindTryCatchWrapper","line":101,"loc":{"start":{"line":101,"column":7},"end":{"line":101,"column":60}}},"18":{"name":"(anonymous_18)","line":102,"loc":{"start":{"line":102,"column":20},"end":{"line":102,"column":30}}},"19":{"name":"createObjectWithErrorHandler","line":109,"loc":{"start":{"line":109,"column":7},"end":{"line":109,"column":58}}},"20":{"name":"logError","line":119,"loc":{"start":{"line":119,"column":7},"end":{"line":119,"column":30}}},"21":{"name":"(anonymous_21)","line":120,"loc":{"start":{"line":120,"column":11},"end":{"line":120,"column":27}}},"22":{"name":"bindFunctions","line":130,"loc":{"start":{"line":130,"column":7},"end":{"line":130,"column":61}}},"23":{"name":"(anonymous_23)","line":131,"loc":{"start":{"line":131,"column":20},"end":{"line":131,"column":30}}}},"statementMap":{"1":{"start":{"line":0,"column":0},"end":{"line":0,"column":0},"skip":true},"2":{"start":{"line":18,"column":16},"end":{"line":null,"column":null}},"3":{"start":{"line":24,"column":16},"end":{"line":null,"column":null}},"4":{"start":{"line":38,"column":16},"end":{"line":null,"column":null}},"5":{"start":{"line":42,"column":16},"end":{"line":null,"column":null}},"6":{"start":{"line":46,"column":16},"end":{"line":null,"column":null}},"7":{"start":{"line":52,"column":16},"end":{"line":null,"column":null}},"8":{"start":{"line":56,"column":16},"end":{"line":null,"column":null}},"9":{"start":{"line":101,"column":16},"end":{"line":null,"column":null}},"10":{"start":{"line":109,"column":16},"end":{"line":null,"column":null}},"11":{"start":{"line":119,"column":16},"end":{"line":null,"column":null}},"12":{"start":{"line":130,"column":16},"end":{"line":null,"column":null}},"13":{"start":{"line":7,"column":0},"end":{"line":null,"column":null}},"14":{"start":{"line":0,"column":0},"end":{"line":0,"column":0},"skip":true},"15":{"start":{"line":8,"column":0},"end":{"line":null,"column":null}},"16":{"start":{"line":0,"column":0},"end":{"line":0,"column":0},"skip":true},"17":{"start":{"line":9,"column":0},"end":{"line":null,"column":null}},"18":{"start":{"line":0,"column":0},"end":{"line":0,"column":0},"skip":true},"19":{"start":{"line":10,"column":0},"end":{"line":null,"column":null}},"20":{"start":{"line":0,"column":0},"end":{"line":0,"column":0},"skip":true},"21":{"start":{"line":11,"column":0},"end":{"line":null,"column":null}},"22":{"start":{"line":0,"column":0},"end":{"line":0,"column":0},"skip":true},"23":{"start":{"line":12,"column":0},"end":{"line":null,"column":null}},"24":{"start":{"line":0,"column":0},"end":{"line":0,"column":0},"skip":true},"25":{"start":{"line":13,"column":0},"end":{"line":null,"column":null}},"26":{"start":{"line":0,"column":0},"end":{"line":0,"column":0},"skip":true},"27":{"start":{"line":14,"column":0},"end":{"line":null,"column":null}},"28":{"start":{"line":0,"column":0},"end":{"line":0,"column":0},"skip":true},"29":{"start":{"line":15,"column":0},"end":{"line":null,"column":null}},"30":{"start":{"line":0,"column":0},"end":{"line":0,"column":0},"skip":true},"31":{"start":{"line":0,"column":0},"end":{"line":0,"column":0},"skip":true},"32":{"start":{"line":0,"column":0},"end":{"line":0,"column":0},"skip":true},"33":{"start":{"line":18,"column":7},"end":{"line":null,"column":null}},"34":{"start":{"line":19,"column":11},"end":{"line":null,"column":null}},"35":{"start":{"line":20,"column":15},"end":{"line":null,"column":null}},"36":{"start":{"line":24,"column":7},"end":{"line":null,"column":null}},"37":{"start":{"line":25,"column":11},"end":{"line":null,"column":null}},"38":{"start":{"line":26,"column":11},"end":{"line":null,"column":null}},"39":{"start":{"line":27,"column":19},"end":{"line":null,"column":null}},"40":{"start":{"line":29,"column":12},"end":{"line":null,"column":null}},"41":{"start":{"line":30,"column":19},"end":{"line":null,"column":null}},"42":{"start":{"line":32,"column":15},"end":{"line":null,"column":null}},"43":{"start":{"line":34,"column":15},"end":{"line":null,"column":null}},"44":{"start":{"line":38,"column":7},"end":{"line":null,"column":null}},"45":{"start":{"line":39,"column":11},"end":{"line":null,"column":null}},"46":{"start":{"line":42,"column":7},"end":{"line":null,"column":null}},"47":{"start":{"line":43,"column":11},"end":{"line":null,"column":null}},"48":{"start":{"line":46,"column":7},"end":{"line":null,"column":null}},"49":{"start":{"line":47,"column":8},"end":{"line":null,"column":null}},"50":{"start":{"line":48,"column":8},"end":{"line":null,"column":null}},"51":{"start":{"line":49,"column":11},"end":{"line":null,"column":null}},"52":{"start":{"line":52,"column":7},"end":{"line":null,"column":null}},"53":{"start":{"line":53,"column":11},"end":{"line":null,"column":null}},"54":{"start":{"line":56,"column":7},"end":{"line":null,"column":null}},"55":{"start":{"line":57,"column":10},"end":{"line":null,"column":null}},"56":{"start":{"line":58,"column":8},"end":{"line":null,"column":null}},"57":{"start":{"line":59,"column":8},"end":{"line":null,"column":null}},"58":{"start":{"line":60,"column":10},"end":{"line":null,"column":null}},"59":{"start":{"line":61,"column":10},"end":{"line":null,"column":null}},"60":{"start":{"line":62,"column":10},"end":{"line":null,"column":null}},"61":{"start":{"line":63,"column":7},"end":{"line":null,"column":null}},"62":{"start":{"line":64,"column":11},"end":{"line":null,"column":null}},"63":{"start":{"line":65,"column":19},"end":{"line":null,"column":null}},"64":{"start":{"line":68,"column":18},"end":{"line":null,"column":null}},"65":{"start":{"line":71,"column":7},"end":{"line":null,"column":null}},"66":{"start":{"line":72,"column":14},"end":{"line":null,"column":null}},"67":{"start":{"line":74,"column":10},"end":{"line":null,"column":null}},"68":{"start":{"line":75,"column":10},"end":{"line":null,"column":null}},"69":{"start":{"line":76,"column":10},"end":{"line":null,"column":null}},"70":{"start":{"line":77,"column":8},"end":{"line":null,"column":null}},"71":{"start":{"line":78,"column":7},"end":{"line":null,"column":null}},"72":{"start":{"line":79,"column":16},"end":{"line":null,"column":null}},"73":{"start":{"line":79,"column":59},"end":{"line":null,"column":null}},"74":{"start":{"line":81,"column":9},"end":{"line":null,"column":null}},"75":{"start":{"line":82,"column":16},"end":{"line":null,"column":null}},"76":{"start":{"line":82,"column":59},"end":{"line":null,"column":null}},"77":{"start":{"line":84,"column":9},"end":{"line":null,"column":null}},"78":{"start":{"line":85,"column":16},"end":{"line":null,"column":null}},"79":{"start":{"line":85,"column":59},"end":{"line":null,"column":null}},"80":{"start":{"line":87,"column":10},"end":{"line":null,"column":null}},"81":{"start":{"line":88,"column":11},"end":{"line":null,"column":null}},"82":{"start":{"line":91,"column":0},"end":{"line":null,"column":null}},"83":{"start":{"line":92,"column":11},"end":{"line":null,"column":null}},"84":{"start":{"line":93,"column":12},"end":{"line":null,"column":null}},"85":{"start":{"line":94,"column":19},"end":{"line":null,"column":null}},"86":{"start":{"line":96,"column":19},"end":{"line":null,"column":null}},"87":{"start":{"line":101,"column":7},"end":{"line":null,"column":null}},"88":{"start":{"line":102,"column":12},"end":{"line":null,"column":null}},"89":{"start":{"line":103,"column":13},"end":{"line":null,"column":null}},"90":{"start":{"line":109,"column":7},"end":{"line":null,"column":null}},"91":{"start":{"line":110,"column":8},"end":{"line":null,"column":null}},"92":{"start":{"line":111,"column":14},"end":{"line":null,"column":null}},"93":{"start":{"line":112,"column":11},"end":{"line":null,"column":null}},"94":{"start":{"line":113,"column":16},"end":{"line":null,"column":null}},"95":{"start":{"line":116,"column":11},"end":{"line":null,"column":null}},"96":{"start":{"line":119,"column":7},"end":{"line":null,"column":null}},"97":{"start":{"line":120,"column":11},"end":{"line":null,"column":null}},"98":{"start":{"line":121,"column":14},"end":{"line":null,"column":null}},"99":{"start":{"line":122,"column":12},"end":{"line":null,"column":null}},"100":{"start":{"line":123,"column":32},"end":{"line":null,"column":null}},"101":{"start":{"line":124,"column":33},"end":{"line":null,"column":null}},"102":{"start":{"line":125,"column":15},"end":{"line":null,"column":null}},"103":{"start":{"line":126,"column":11},"end":{"line":null,"column":null}},"104":{"start":{"line":130,"column":7},"end":{"line":null,"column":null}},"105":{"start":{"line":131,"column":12},"end":{"line":null,"column":null}},"106":{"start":{"line":132,"column":13},"end":{"line":null,"column":null}},"107":{"start":{"line":133,"column":11},"end":{"line":null,"column":null}},"108":{"start":{"line":134,"column":17},"end":{"line":null,"column":null}}},"branchMap":{"1":{"line":0,"type":"cond-expr","locations":[{"start":{"line":0,"column":0},"end":{"line":0,"column":0},"skip":true},{"start":{"line":0,"column":0},"end":{"line":0,"column":0},"skip":true}]},"2":{"line":0,"type":"binary-expr","locations":[{"start":{"line":0,"column":0},"end":{"line":0,"column":0},"skip":true},{"start":{"line":0,"column":0},"end":{"line":0,"column":0},"skip":true}]},"3":{"line":26,"type":"if","locations":[{"start":{"line":26,"column":11},"end":{"line":26,"column":11}},{"start":{"line":26,"column":11},"end":{"line":26,"column":11}}]},"4":{"line":29,"type":"if","locations":[{"start":{"line":29,"column":12},"end":{"line":29,"column":12}},{"start":{"line":29,"column":12},"end":{"line":29,"column":12}}]},"5":{"line":63,"type":"if","locations":[{"start":{"line":63,"column":7},"end":{"line":63,"column":7}},{"start":{"line":63,"column":7},"end":{"line":63,"column":7}}]},"6":{"line":64,"type":"if","locations":[{"start":{"line":64,"column":11},"end":{"line":64,"column":11}},{"start":{"line":64,"column":11},"end":{"line":64,"column":11}}]},"7":{"line":71,"type":"if","locations":[{"start":{"line":71,"column":7},"end":{"line":71,"column":7}},{"start":{"line":71,"column":7},"end":{"line":71,"column":7}}]},"8":{"line":78,"type":"if","locations":[{"start":{"line":78,"column":7},"end":{"line":78,"column":7}},{"start":{"line":78,"column":7},"end":{"line":78,"column":7}}]},"9":{"line":81,"type":"if","locations":[{"start":{"line":81,"column":9},"end":{"line":81,"column":9}},{"start":{"line":81,"column":9},"end":{"line":81,"column":9}}]},"10":{"line":84,"type":"if","locations":[{"start":{"line":84,"column":9},"end":{"line":84,"column":9}},{"start":{"line":84,"column":9},"end":{"line":84,"column":9}}]},"11":{"line":112,"type":"if","locations":[{"start":{"line":112,"column":11},"end":{"line":112,"column":11}},{"start":{"line":112,"column":11},"end":{"line":112,"column":11}}]},"12":{"line":133,"type":"if","locations":[{"start":{"line":133,"column":11},"end":{"line":133,"column":11}},{"start":{"line":133,"column":11},"end":{"line":133,"column":11}}]}}},"/Users/dtysky/Complex_Mind/MoeNotes/src/config-manager.js":{"path":"/Users/dtysky/Complex_Mind/MoeNotes/src/config-manager.js","s":{"1":1,"2":1,"3":1,"4":1,"5":11,"6":11,"7":11,"8":11,"9":11,"10":11,"11":1,"12":1,"13":1,"14":1,"15":0,"16":1,"17":1,"18":1,"19":1,"20":1,"21":1,"22":1,"23":2,"24":1,"25":1,"26":0,"27":1,"28":1,"29":0,"30":1,"31":1,"32":1,"33":1,"34":1,"35":1,"36":1,"37":1,"38":1,"39":1,"40":1,"41":1,"42":1,"43":1,"44":1,"45":1,"46":1,"47":1,"48":7,"49":1,"50":1,"51":0,"52":1,"53":1,"54":1,"55":1,"56":1,"57":1,"58":25,"59":24,"60":0,"61":1,"62":0,"63":1,"64":1,"65":1,"66":0,"67":0,"68":7,"69":0,"70":28,"71":1,"72":1},"b":{"1":[11,11],"2":[11,0],"3":[1,0],"4":[0,1],"5":[0,2],"6":[2,2],"7":[0,1],"8":[0,1],"9":[0,1],"10":[0,1],"11":[24,1],"12":[0,1]},"f":{"1":1,"2":1,"3":1,"4":2,"5":1,"6":1,"7":1,"8":1,"9":7,"10":1,"11":1,"12":1,"13":1,"14":1,"15":0,"16":0,"17":7,"18":0,"19":28},"fnMap":{"1":{"name":"(anonymous_1)","line":0,"loc":{"start":{"line":0,"column":0},"end":{"line":0,"column":0}},"skip":true},"2":{"name":"defineProperties","line":0,"loc":{"start":{"line":0,"column":0},"end":{"line":0,"column":0}},"skip":true},"3":{"name":"(anonymous_3)","line":0,"loc":{"start":{"line":0,"column":0},"end":{"line":0,"column":0}},"skip":true},"4":{"name":"_interopRequireDefault","line":0,"loc":{"start":{"line":0,"column":0},"end":{"line":0,"column":0}},"skip":true},"5":{"name":"_classCallCheck","line":0,"loc":{"start":{"line":0,"column":0},"end":{"line":0,"column":0}},"skip":true},"6":{"name":"(anonymous_6)","line":0,"loc":{"start":{"line":0,"column":0},"end":{"line":0,"column":0}},"skip":true},"7":{"name":"ConfigManager","line":63,"loc":{"start":{"line":63,"column":17},"end":{"line":63,"column":17}}},"8":{"name":"getExistedThemes","line":89,"loc":{"start":{"line":89,"column":22},"end":{"line":89,"column":22}}},"9":{"name":"(anonymous_9)","line":91,"loc":{"start":{"line":91,"column":56},"end":{"line":91,"column":71}}},"10":{"name":"initTheme","line":98,"loc":{"start":{"line":98,"column":15},"end":{"line":98,"column":15}}},"11":{"name":"save","line":111,"loc":{"start":{"line":111,"column":10},"end":{"line":111,"column":10}}},"12":{"name":"loadTheme","line":119,"loc":{"start":{"line":119,"column":14},"end":{"line":119,"column":20}}},"13":{"name":"loadConfig","line":126,"loc":{"start":{"line":126,"column":15},"end":{"line":126,"column":31}}},"14":{"name":"refresh","line":142,"loc":{"start":{"line":142,"column":12},"end":{"line":142,"column":18}}},"15":{"name":"getThemes","line":151,"loc":{"start":{"line":151,"column":15},"end":{"line":151,"column":15}}},"16":{"name":"getNow","line":155,"loc":{"start":{"line":155,"column":12},"end":{"line":155,"column":12}}},"17":{"name":"getConfig","line":159,"loc":{"start":{"line":159,"column":15},"end":{"line":159,"column":15}}},"18":{"name":"getStyles","line":163,"loc":{"start":{"line":163,"column":15},"end":{"line":163,"column":15}}},"19":{"name":"getSysConfig","line":174,"loc":{"start":{"line":174,"column":18},"end":{"line":174,"column":18}}}},"statementMap":{"1":{"start":{"line":0,"column":0},"end":{"line":0,"column":0},"skip":true},"2":{"start":{"line":0,"column":0},"end":{"line":0,"column":0},"skip":true},"3":{"start":{"line":0,"column":0},"end":{"line":0,"column":0},"skip":true},"4":{"start":{"line":0,"column":0},"end":{"line":0,"column":0},"skip":true},"5":{"start":{"line":0,"column":0},"end":{"line":0,"column":0},"skip":true},"6":{"start":{"line":0,"column":0},"end":{"line":0,"column":0},"skip":true},"7":{"start":{"line":0,"column":0},"end":{"line":0,"column":0},"skip":true},"8":{"start":{"line":0,"column":0},"end":{"line":0,"column":0},"skip":true},"9":{"start":{"line":0,"column":0},"end":{"line":0,"column":0},"skip":true},"10":{"start":{"line":0,"column":0},"end":{"line":0,"column":0},"skip":true},"11":{"start":{"line":0,"column":0},"end":{"line":0,"column":0},"skip":true},"12":{"start":{"line":0,"column":0},"end":{"line":0,"column":0},"skip":true},"13":{"start":{"line":0,"column":0},"end":{"line":0,"column":0},"skip":true},"14":{"start":{"line":0,"column":0},"end":{"line":0,"column":0},"skip":true},"15":{"start":{"line":0,"column":0},"end":{"line":0,"column":0},"skip":true},"16":{"start":{"line":0,"column":0},"end":{"line":0,"column":0},"skip":true},"17":{"start":{"line":7,"column":0},"end":{"line":null,"column":null}},"18":{"start":{"line":0,"column":0},"end":{"line":0,"column":0},"skip":true},"19":{"start":{"line":8,"column":0},"end":{"line":null,"column":null}},"20":{"start":{"line":0,"column":0},"end":{"line":0,"column":0},"skip":true},"21":{"start":{"line":9,"column":0},"end":{"line":null,"column":null}},"22":{"start":{"line":0,"column":0},"end":{"line":0,"column":0},"skip":true},"23":{"start":{"line":0,"column":0},"end":{"line":0,"column":0},"skip":true},"24":{"start":{"line":0,"column":0},"end":{"line":0,"column":0},"skip":true},"25":{"start":{"line":0,"column":0},"end":{"line":0,"column":0},"skip":true},"26":{"start":{"line":0,"column":0},"end":{"line":0,"column":0},"skip":true},"27":{"start":{"line":11,"column":0},"end":{"line":null,"column":null}},"28":{"start":{"line":12,"column":0},"end":{"line":null,"column":null}},"29":{"start":{"line":13,"column":13},"end":{"line":null,"column":null}},"30":{"start":{"line":16,"column":13},"end":{"line":null,"column":null}},"31":{"start":{"line":19,"column":0},"end":{"line":null,"column":null}},"32":{"start":{"line":48,"column":0},"end":{"line":null,"column":null}},"33":{"start":{"line":52,"column":0},"end":{"line":null,"column":null}},"34":{"start":{"line":62,"column":6},"end":{"line":null,"column":null}},"35":{"start":{"line":63,"column":17},"end":{"line":null,"column":null}},"36":{"start":{"line":0,"column":0},"end":{"line":0,"column":0},"skip":true},"37":{"start":{"line":64,"column":13},"end":{"line":null,"column":null}},"38":{"start":{"line":65,"column":13},"end":{"line":null,"column":null}},"39":{"start":{"line":67,"column":12},"end":{"line":null,"column":null}},"40":{"start":{"line":82,"column":13},"end":{"line":null,"column":null}},"41":{"start":{"line":83,"column":13},"end":{"line":null,"column":null}},"42":{"start":{"line":84,"column":13},"end":{"line":null,"column":null}},"43":{"start":{"line":85,"column":13},"end":{"line":null,"column":null}},"44":{"start":{"line":86,"column":13},"end":{"line":null,"column":null}},"45":{"start":{"line":0,"column":0},"end":{"line":0,"column":0},"skip":true},"46":{"start":{"line":90,"column":14},"end":{"line":null,"column":null}},"47":{"start":{"line":91,"column":13},"end":{"line":null,"column":null}},"48":{"start":{"line":92,"column":19},"end":{"line":null,"column":null}},"49":{"start":{"line":99,"column":11},"end":{"line":null,"column":null}},"50":{"start":{"line":100,"column":17},"end":{"line":null,"column":null}},"51":{"start":{"line":107,"column":17},"end":{"line":null,"column":null}},"52":{"start":{"line":112,"column":11},"end":{"line":null,"column":null}},"53":{"start":{"line":120,"column":14},"end":{"line":null,"column":null}},"54":{"start":{"line":123,"column":13},"end":{"line":null,"column":null}},"55":{"start":{"line":127,"column":12},"end":{"line":null,"column":null}},"56":{"start":{"line":128,"column":18},"end":{"line":null,"column":null}},"57":{"start":{"line":131,"column":17},"end":{"line":null,"column":null}},"58":{"start":{"line":132,"column":19},"end":{"line":null,"column":null}},"59":{"start":{"line":133,"column":25},"end":{"line":null,"column":null}},"60":{"start":{"line":138,"column":17},"end":{"line":null,"column":null}},"61":{"start":{"line":143,"column":11},"end":{"line":null,"column":null}},"62":{"start":{"line":144,"column":20},"end":{"line":null,"column":null}},"63":{"start":{"line":146,"column":13},"end":{"line":null,"column":null}},"64":{"start":{"line":147,"column":13},"end":{"line":null,"column":null}},"65":{"start":{"line":148,"column":13},"end":{"line":null,"column":null}},"66":{"start":{"line":152,"column":15},"end":{"line":null,"column":null}},"67":{"start":{"line":156,"column":15},"end":{"line":null,"column":null}},"68":{"start":{"line":160,"column":15},"end":{"line":null,"column":null}},"69":{"start":{"line":164,"column":15},"end":{"line":null,"column":null}},"70":{"start":{"line":175,"column":15},"end":{"line":null,"column":null}},"71":{"start":{"line":0,"column":0},"end":{"line":0,"column":0},"skip":true},"72":{"start":{"line":180,"column":15},"end":{"line":null,"column":null}}},"branchMap":{"1":{"line":0,"type":"binary-expr","locations":[{"start":{"line":0,"column":0},"end":{"line":0,"column":0},"skip":true},{"start":{"line":0,"column":0},"end":{"line":0,"column":0},"skip":true}]},"2":{"line":0,"type":"if","locations":[{"start":{"line":0,"column":0},"end":{"line":0,"column":0},"skip":true},{"start":{"line":0,"column":0},"end":{"line":0,"column":0},"skip":true}]},"3":{"line":0,"type":"if","locations":[{"start":{"line":0,"column":0},"end":{"line":0,"column":0},"skip":true},{"start":{"line":0,"column":0},"end":{"line":0,"column":0},"skip":true}]},"4":{"line":0,"type":"if","locations":[{"start":{"line":0,"column":0},"end":{"line":0,"column":0},"skip":true},{"start":{"line":0,"column":0},"end":{"line":0,"column":0},"skip":true}]},"5":{"line":0,"type":"cond-expr","locations":[{"start":{"line":0,"column":0},"end":{"line":0,"column":0},"skip":true},{"start":{"line":0,"column":0},"end":{"line":0,"column":0},"skip":true}]},"6":{"line":0,"type":"binary-expr","locations":[{"start":{"line":0,"column":0},"end":{"line":0,"column":0},"skip":true},{"start":{"line":0,"column":0},"end":{"line":0,"column":0},"skip":true}]},"7":{"line":0,"type":"if","locations":[{"start":{"line":0,"column":0},"end":{"line":0,"column":0},"skip":true},{"start":{"line":0,"column":0},"end":{"line":0,"column":0},"skip":true}]},"8":{"line":12,"type":"if","locations":[{"start":{"line":12,"column":0},"end":{"line":12,"column":0}},{"start":{"line":12,"column":0},"end":{"line":12,"column":0}}]},"9":{"line":49,"type":"cond-expr","locations":[{"start":{"line":49,"column":4},"end":{"line":48,"column":17}},{"start":{"line":50,"column":4},"end":{"line":48,"column":0}}]},"10":{"line":56,"type":"cond-expr","locations":[{"start":{"line":56,"column":8},"end":{"line":55,"column":16}},{"start":{"line":57,"column":8},"end":{"line":52,"column":18}}]},"11":{"line":132,"type":"if","locations":[{"start":{"line":132,"column":19},"end":{"line":132,"column":19}},{"start":{"line":132,"column":19},"end":{"line":132,"column":19}}]},"12":{"line":143,"type":"if","locations":[{"start":{"line":143,"column":11},"end":{"line":143,"column":11}},{"start":{"line":143,"column":11},"end":{"line":143,"column":11}}]}}},"/Users/dtysky/Complex_Mind/MoeNotes/src/storage.js":{"path":"/Users/dtysky/Complex_Mind/MoeNotes/src/storage.js","s":{"1":1,"2":1,"3":1,"4":1,"5":1,"6":1,"7":1,"8":2,"9":1},"b":{"1":[2,0],"2":[2,2]},"f":{"1":2},"fnMap":{"1":{"name":"_interopRequireDefault","line":0,"loc":{"start":{"line":0,"column":0},"end":{"line":0,"column":0}},"skip":true}},"statementMap":{"1":{"start":{"line":0,"column":0},"end":{"line":0,"column":0},"skip":true},"2":{"start":{"line":8,"column":0},"end":{"line":null,"column":null}},"3":{"start":{"line":0,"column":0},"end":{"line":0,"column":0},"skip":true},"4":{"start":{"line":9,"column":0},"end":{"line":null,"column":null}},"5":{"start":{"line":10,"column":0},"end":{"line":null,"column":null}},"6":{"start":{"line":0,"column":0},"end":{"line":0,"column":0},"skip":true},"7":{"start":{"line":0,"column":0},"end":{"line":0,"column":0},"skip":true},"8":{"start":{"line":0,"column":0},"end":{"line":0,"column":0},"skip":true},"9":{"start":{"line":12,"column":15},"end":{"line":null,"column":null}}},"branchMap":{"1":{"line":0,"type":"cond-expr","locations":[{"start":{"line":0,"column":0},"end":{"line":0,"column":0},"skip":true},{"start":{"line":0,"column":0},"end":{"line":0,"column":0},"skip":true}]},"2":{"line":0,"type":"binary-expr","locations":[{"start":{"line":0,"column":0},"end":{"line":0,"column":0},"skip":true},{"start":{"line":0,"column":0},"end":{"line":0,"column":0},"skip":true}]}}},"/Users/dtysky/Complex_Mind/MoeNotes/src/storage-top.js":{"path":"/Users/dtysky/Complex_Mind/MoeNotes/src/storage-top.js","s":{"1":1,"2":1,"3":1,"4":1,"5":13,"6":13,"7":13,"8":13,"9":13,"10":13,"11":1,"12":1,"13":1,"14":1,"15":0,"16":1,"17":1,"18":1,"19":1,"20":1,"21":1,"22":1,"23":1,"24":1,"25":1,"26":1,"27":1,"28":1,"29":5,"30":1,"31":15,"32":0,"33":1,"34":1,"35":15,"36":15,"37":15,"38":15,"39":15,"40":15,"41":15,"42":1,"43":16,"44":2,"45":14,"46":16,"47":3,"48":3,"49":14,"50":14,"51":14,"52":14,"53":1,"54":14,"55":36,"56":11,"57":11,"58":25,"59":14,"60":14,"61":2,"62":12,"63":11,"64":11,"65":1,"66":1,"67":2,"68":1,"69":1,"70":2,"71":1,"72":1,"73":17,"74":1,"75":1,"76":1,"77":1,"78":1,"79":1,"80":1,"81":1,"82":1,"83":1},"b":{"1":[13,13],"2":[13,0],"3":[1,0],"4":[0,1],"5":[2,3],"6":[5,5],"7":[0,15],"8":[2,14],"9":[11,25],"10":[2,12],"11":[11,1]},"f":{"1":1,"2":1,"3":1,"4":5,"5":15,"6":1,"7":15,"8":16,"9":3,"10":14,"11":36,"12":1,"13":2,"14":1,"15":1,"16":2,"17":1,"18":17,"19":1,"20":1,"21":1},"fnMap":{"1":{"name":"(anonymous_1)","line":0,"loc":{"start":{"line":0,"column":0},"end":{"line":0,"column":0}},"skip":true},"2":{"name":"defineProperties","line":0,"loc":{"start":{"line":0,"column":0},"end":{"line":0,"column":0}},"skip":true},"3":{"name":"(anonymous_3)","line":0,"loc":{"start":{"line":0,"column":0},"end":{"line":0,"column":0}},"skip":true},"4":{"name":"_interopRequireDefault","line":0,"loc":{"start":{"line":0,"column":0},"end":{"line":0,"column":0}},"skip":true},"5":{"name":"_classCallCheck","line":0,"loc":{"start":{"line":0,"column":0},"end":{"line":0,"column":0}},"skip":true},"6":{"name":"(anonymous_6)","line":0,"loc":{"start":{"line":0,"column":0},"end":{"line":0,"column":0}},"skip":true},"7":{"name":"StorageTop","line":18,"loc":{"start":{"line":18,"column":16},"end":{"line":18,"column":25}}},"8":{"name":"load","line":44,"loc":{"start":{"line":44,"column":10},"end":{"line":44,"column":10}}},"9":{"name":"createTree","line":55,"loc":{"start":{"line":55,"column":16},"end":{"line":55,"column":16}}},"10":{"name":"parse","line":64,"loc":{"start":{"line":64,"column":11},"end":{"line":64,"column":11}}},"11":{"name":"(anonymous_11)","line":74,"loc":{"start":{"line":74,"column":35},"end":{"line":74,"column":44}}},"12":{"name":"getIndexes","line":100,"loc":{"start":{"line":100,"column":17},"end":{"line":100,"column":17}}},"13":{"name":"has","line":104,"loc":{"start":{"line":104,"column":8},"end":{"line":104,"column":14}}},"14":{"name":"getNow","line":108,"loc":{"start":{"line":108,"column":13},"end":{"line":108,"column":13}}},"15":{"name":"getName","line":112,"loc":{"start":{"line":112,"column":12},"end":{"line":112,"column":19}}},"16":{"name":"isEmpty","line":116,"loc":{"start":{"line":116,"column":14},"end":{"line":116,"column":14}}},"17":{"name":"change","line":120,"loc":{"start":{"line":120,"column":11},"end":{"line":120,"column":18}}},"18":{"name":"save","line":125,"loc":{"start":{"line":125,"column":10},"end":{"line":125,"column":10}}},"19":{"name":"create","line":132,"loc":{"start":{"line":132,"column":11},"end":{"line":132,"column":15}}},"20":{"name":"remove","line":140,"loc":{"start":{"line":140,"column":11},"end":{"line":140,"column":18}}},"21":{"name":"rename","line":147,"loc":{"start":{"line":147,"column":11},"end":{"line":147,"column":24}}}},"statementMap":{"1":{"start":{"line":0,"column":0},"end":{"line":0,"column":0},"skip":true},"2":{"start":{"line":0,"column":0},"end":{"line":0,"column":0},"skip":true},"3":{"start":{"line":0,"column":0},"end":{"line":0,"column":0},"skip":true},"4":{"start":{"line":0,"column":0},"end":{"line":0,"column":0},"skip":true},"5":{"start":{"line":0,"column":0},"end":{"line":0,"column":0},"skip":true},"6":{"start":{"line":0,"column":0},"end":{"line":0,"column":0},"skip":true},"7":{"start":{"line":0,"column":0},"end":{"line":0,"column":0},"skip":true},"8":{"start":{"line":0,"column":0},"end":{"line":0,"column":0},"skip":true},"9":{"start":{"line":0,"column":0},"end":{"line":0,"column":0},"skip":true},"10":{"start":{"line":0,"column":0},"end":{"line":0,"column":0},"skip":true},"11":{"start":{"line":0,"column":0},"end":{"line":0,"column":0},"skip":true},"12":{"start":{"line":0,"column":0},"end":{"line":0,"column":0},"skip":true},"13":{"start":{"line":0,"column":0},"end":{"line":0,"column":0},"skip":true},"14":{"start":{"line":0,"column":0},"end":{"line":0,"column":0},"skip":true},"15":{"start":{"line":0,"column":0},"end":{"line":0,"column":0},"skip":true},"16":{"start":{"line":0,"column":0},"end":{"line":0,"column":0},"skip":true},"17":{"start":{"line":8,"column":0},"end":{"line":null,"column":null}},"18":{"start":{"line":0,"column":0},"end":{"line":0,"column":0},"skip":true},"19":{"start":{"line":9,"column":0},"end":{"line":null,"column":null}},"20":{"start":{"line":0,"column":0},"end":{"line":0,"column":0},"skip":true},"21":{"start":{"line":10,"column":0},"end":{"line":null,"column":null}},"22":{"start":{"line":0,"column":0},"end":{"line":0,"column":0},"skip":true},"23":{"start":{"line":11,"column":0},"end":{"line":null,"column":null}},"24":{"start":{"line":0,"column":0},"end":{"line":0,"column":0},"skip":true},"25":{"start":{"line":12,"column":0},"end":{"line":null,"column":null}},"26":{"start":{"line":14,"column":0},"end":{"line":null,"column":null}},"27":{"start":{"line":0,"column":0},"end":{"line":0,"column":0},"skip":true},"28":{"start":{"line":0,"column":0},"end":{"line":0,"column":0},"skip":true},"29":{"start":{"line":0,"column":0},"end":{"line":0,"column":0},"skip":true},"30":{"start":{"line":0,"column":0},"end":{"line":0,"column":0},"skip":true},"31":{"start":{"line":0,"column":0},"end":{"line":0,"column":0},"skip":true},"32":{"start":{"line":0,"column":0},"end":{"line":0,"column":0},"skip":true},"33":{"start":{"line":17,"column":21},"end":{"line":null,"column":null}},"34":{"start":{"line":18,"column":16},"end":{"line":null,"column":null}},"35":{"start":{"line":0,"column":0},"end":{"line":0,"column":0},"skip":true},"36":{"start":{"line":19,"column":13},"end":{"line":null,"column":null}},"37":{"start":{"line":20,"column":13},"end":{"line":null,"column":null}},"38":{"start":{"line":21,"column":13},"end":{"line":null,"column":null}},"39":{"start":{"line":22,"column":13},"end":{"line":null,"column":null}},"40":{"start":{"line":23,"column":13},"end":{"line":null,"column":null}},"41":{"start":{"line":25,"column":12},"end":{"line":null,"column":null}},"42":{"start":{"line":0,"column":0},"end":{"line":0,"column":0},"skip":true},"43":{"start":{"line":45,"column":11},"end":{"line":null,"column":null}},"44":{"start":{"line":46,"column":17},"end":{"line":null,"column":null}},"45":{"start":{"line":49,"column":17},"end":{"line":null,"column":null}},"46":{"start":{"line":51,"column":13},"end":{"line":null,"column":null}},"47":{"start":{"line":56,"column":12},"end":{"line":null,"column":null}},"48":{"start":{"line":61,"column":15},"end":{"line":null,"column":null}},"49":{"start":{"line":0,"column":0},"end":{"line":0,"column":0},"skip":true},"50":{"start":{"line":65,"column":12},"end":{"line":null,"column":null}},"51":{"start":{"line":66,"column":11},"end":{"line":null,"column":null}},"52":{"start":{"line":67,"column":25},"end":{"line":null,"column":null}},"53":{"start":{"line":72,"column":25},"end":{"line":null,"column":null}},"54":{"start":{"line":74,"column":19},"end":{"line":null,"column":null}},"55":{"start":{"line":75,"column":15},"end":{"line":null,"column":null}},"56":{"start":{"line":76,"column":27},"end":{"line":null,"column":null}},"57":{"start":{"line":79,"column":23},"end":{"line":null,"column":null}},"58":{"start":{"line":82,"column":21},"end":{"line":null,"column":null}},"59":{"start":{"line":87,"column":13},"end":{"line":null,"column":null}},"60":{"start":{"line":88,"column":11},"end":{"line":null,"column":null}},"61":{"start":{"line":89,"column":17},"end":{"line":null,"column":null}},"62":{"start":{"line":91,"column":13},"end":{"line":null,"column":null}},"63":{"start":{"line":92,"column":17},"end":{"line":null,"column":null}},"64":{"start":{"line":93,"column":17},"end":{"line":null,"column":null}},"65":{"start":{"line":96,"column":17},"end":{"line":null,"column":null}},"66":{"start":{"line":101,"column":15},"end":{"line":null,"column":null}},"67":{"start":{"line":105,"column":15},"end":{"line":null,"column":null}},"68":{"start":{"line":109,"column":15},"end":{"line":null,"column":null}},"69":{"start":{"line":113,"column":15},"end":{"line":null,"column":null}},"70":{"start":{"line":117,"column":15},"end":{"line":null,"column":null}},"71":{"start":{"line":121,"column":13},"end":{"line":null,"column":null}},"72":{"start":{"line":122,"column":13},"end":{"line":null,"column":null}},"73":{"start":{"line":126,"column":11},"end":{"line":null,"column":null}},"74":{"start":{"line":133,"column":13},"end":{"line":null,"column":null}},"75":{"start":{"line":134,"column":13},"end":{"line":null,"column":null}},"76":{"start":{"line":135,"column":13},"end":{"line":null,"column":null}},"77":{"start":{"line":141,"column":14},"end":{"line":null,"column":null}},"78":{"start":{"line":142,"column":13},"end":{"line":null,"column":null}},"79":{"start":{"line":143,"column":15},"end":{"line":null,"column":null}},"80":{"start":{"line":144,"column":15},"end":{"line":null,"column":null}},"81":{"start":{"line":148,"column":13},"end":{"line":null,"column":null}},"82":{"start":{"line":0,"column":0},"end":{"line":0,"column":0},"skip":true},"83":{"start":{"line":17,"column":21},"end":{"line":null,"column":null}}},"branchMap":{"1":{"line":0,"type":"binary-expr","locations":[{"start":{"line":0,"column":0},"end":{"line":0,"column":0},"skip":true},{"start":{"line":0,"column":0},"end":{"line":0,"column":0},"skip":true}]},"2":{"line":0,"type":"if","locations":[{"start":{"line":0,"column":0},"end":{"line":0,"column":0},"skip":true},{"start":{"line":0,"column":0},"end":{"line":0,"column":0},"skip":true}]},"3":{"line":0,"type":"if","locations":[{"start":{"line":0,"column":0},"end":{"line":0,"column":0},"skip":true},{"start":{"line":0,"column":0},"end":{"line":0,"column":0},"skip":true}]},"4":{"line":0,"type":"if","locations":[{"start":{"line":0,"column":0},"end":{"line":0,"column":0},"skip":true},{"start":{"line":0,"column":0},"end":{"line":0,"column":0},"skip":true}]},"5":{"line":0,"type":"cond-expr","locations":[{"start":{"line":0,"column":0},"end":{"line":0,"column":0},"skip":true},{"start":{"line":0,"column":0},"end":{"line":0,"column":0},"skip":true}]},"6":{"line":0,"type":"binary-expr","locations":[{"start":{"line":0,"column":0},"end":{"line":0,"column":0},"skip":true},{"start":{"line":0,"column":0},"end":{"line":0,"column":0},"skip":true}]},"7":{"line":0,"type":"if","locations":[{"start":{"line":0,"column":0},"end":{"line":0,"column":0},"skip":true},{"start":{"line":0,"column":0},"end":{"line":0,"column":0},"skip":true}]},"8":{"line":45,"type":"if","locations":[{"start":{"line":45,"column":11},"end":{"line":45,"column":11}},{"start":{"line":45,"column":11},"end":{"line":45,"column":11}}]},"9":{"line":75,"type":"if","locations":[{"start":{"line":75,"column":15},"end":{"line":75,"column":15}},{"start":{"line":75,"column":15},"end":{"line":75,"column":15}}]},"10":{"line":88,"type":"if","locations":[{"start":{"line":88,"column":11},"end":{"line":88,"column":11}},{"start":{"line":88,"column":11},"end":{"line":88,"column":11}}]},"11":{"line":91,"type":"if","locations":[{"start":{"line":91,"column":13},"end":{"line":91,"column":13}},{"start":{"line":91,"column":13},"end":{"line":91,"column":13}}]}}},"/Users/dtysky/Complex_Mind/MoeNotes/src/storage-book.js":{"path":"/Users/dtysky/Complex_Mind/MoeNotes/src/storage-book.js","s":{"1":1,"2":1,"3":1,"4":1,"5":20,"6":20,"7":20,"8":20,"9":20,"10":20,"11":1,"12":1,"13":1,"14":1,"15":0,"16":1,"17":1,"18":1,"19":1,"20":1,"21":1,"22":1,"23":1,"24":1,"25":1,"26":1,"27":4,"28":1,"29":52,"30":0,"31":1,"32":1,"33":52,"34":52,"35":52,"36":52,"37":1,"38":53,"39":53,"40":39,"41":14,"42":14,"43":1,"44":53,"45":53,"46":93,"47":93,"48":93,"49":93,"50":93,"51":118,"52":118,"53":118,"54":118,"55":31,"56":31,"57":31,"58":87,"59":87,"60":93,"61":56,"62":37,"63":93,"64":199,"65":1,"66":198,"67":1,"68":197,"69":194,"70":3,"71":3,"72":2,"73":3,"74":53,"75":53,"76":53,"77":53,"78":53,"79":73,"80":1,"81":1,"82":1,"83":72,"84":53,"85":72,"86":1,"87":1,"88":72,"89":53,"90":10,"91":5,"92":5,"93":5,"94":1,"95":4,"96":7,"97":3,"98":4,"99":5,"100":3,"101":1,"102":2,"103":2,"104":2,"105":1,"106":1,"107":2,"108":2,"109":54,"110":1,"111":1,"112":54,"113":54,"114":4,"115":2,"116":2,"117":4,"118":2,"119":2,"120":4,"121":2,"122":2,"123":2,"124":1,"125":1,"126":1,"127":2,"128":2,"129":1,"130":1,"131":2,"132":1,"133":1,"134":1,"135":1,"136":1,"137":1,"138":2,"139":2,"140":1,"141":1,"142":2,"143":2,"144":1,"145":1,"146":1,"147":1,"148":1,"149":1,"150":1,"151":1,"152":2,"153":2,"154":2,"155":2,"156":2,"157":1,"158":1,"159":1,"160":1,"161":1,"162":1,"163":1,"164":1,"165":1,"166":1,"167":1},"b":{"1":[20,20],"2":[20,0],"3":[1,0],"4":[0,1],"5":[0,4],"6":[4,4],"7":[0,52],"8":[39,14],"9":[31,87],"10":[56,37],"11":[1,198],"12":[1,197],"13":[194,3],"14":[2,1],"15":[1,72],"16":[1,71],"17":[5,5],"18":[1,4],"19":[3,4],"20":[3,2],"21":[1,2],"22":[1,1],"23":[1,53],"24":[2,2],"25":[2,2],"26":[2,2],"27":[1,1],"28":[1,1],"29":[1,1],"30":[1,1],"31":[1,1],"32":[1,1]},"f":{"1":1,"2":1,"3":1,"4":4,"5":52,"6":1,"7":52,"8":53,"9":93,"10":118,"11":199,"12":53,"13":10,"14":5,"15":7,"16":5,"17":2,"18":54,"19":4,"20":4,"21":4,"22":2,"23":2,"24":2,"25":2,"26":2,"27":2,"28":2},"fnMap":{"1":{"name":"(anonymous_1)","line":0,"loc":{"start":{"line":0,"column":0},"end":{"line":0,"column":0}},"skip":true},"2":{"name":"defineProperties","line":0,"loc":{"start":{"line":0,"column":0},"end":{"line":0,"column":0}},"skip":true},"3":{"name":"(anonymous_3)","line":0,"loc":{"start":{"line":0,"column":0},"end":{"line":0,"column":0}},"skip":true},"4":{"name":"_interopRequireDefault","line":0,"loc":{"start":{"line":0,"column":0},"end":{"line":0,"column":0}},"skip":true},"5":{"name":"_classCallCheck","line":0,"loc":{"start":{"line":0,"column":0},"end":{"line":0,"column":0}},"skip":true},"6":{"name":"(anonymous_6)","line":0,"loc":{"start":{"line":0,"column":0},"end":{"line":0,"column":0}},"skip":true},"7":{"name":"StorageBook","line":15,"loc":{"start":{"line":15,"column":16},"end":{"line":15,"column":19}}},"8":{"name":"load","line":44,"loc":{"start":{"line":44,"column":9},"end":{"line":44,"column":13}}},"9":{"name":"createTree","line":69,"loc":{"start":{"line":69,"column":15},"end":{"line":69,"column":18}}},"10":{"name":"(anonymous_10)","line":74,"loc":{"start":{"line":74,"column":35},"end":{"line":74,"column":41}}},"11":{"name":"recreateIndexesWithNow","line":95,"loc":{"start":{"line":95,"column":27},"end":{"line":95,"column":42}}},"12":{"name":"parse","line":112,"loc":{"start":{"line":112,"column":10},"end":{"line":112,"column":13}}},"13":{"name":"getNow","line":145,"loc":{"start":{"line":145,"column":11},"end":{"line":145,"column":20}}},"14":{"name":"getPath","line":152,"loc":{"start":{"line":152,"column":12},"end":{"line":152,"column":27}}},"15":{"name":"getIndexes","line":166,"loc":{"start":{"line":166,"column":15},"end":{"line":166,"column":24}}},"16":{"name":"setIndexes","line":173,"loc":{"start":{"line":173,"column":15},"end":{"line":173,"column":33}}},"17":{"name":"readNowPage","line":191,"loc":{"start":{"line":191,"column":17},"end":{"line":191,"column":17}}},"18":{"name":"save","line":199,"loc":{"start":{"line":199,"column":9},"end":{"line":199,"column":14}}},"19":{"name":"has","line":214,"loc":{"start":{"line":214,"column":8},"end":{"line":214,"column":23}}},"20":{"name":"isEmpty","line":221,"loc":{"start":{"line":221,"column":12},"end":{"line":221,"column":21}}},"21":{"name":"canNotRemove","line":228,"loc":{"start":{"line":228,"column":17},"end":{"line":228,"column":26}}},"22":{"name":"change","line":235,"loc":{"start":{"line":235,"column":11},"end":{"line":235,"column":26}}},"23":{"name":"createToDevice","line":243,"loc":{"start":{"line":243,"column":19},"end":{"line":243,"column":31}}},"24":{"name":"create","line":253,"loc":{"start":{"line":253,"column":11},"end":{"line":253,"column":30}}},"25":{"name":"removeFromDevice","line":270,"loc":{"start":{"line":270,"column":21},"end":{"line":270,"column":33}}},"26":{"name":"remove","line":280,"loc":{"start":{"line":280,"column":11},"end":{"line":280,"column":26}}},"27":{"name":"renameFromDevice","line":300,"loc":{"start":{"line":300,"column":21},"end":{"line":300,"column":36}}},"28":{"name":"rename","line":306,"loc":{"start":{"line":306,"column":11},"end":{"line":306,"column":35}}}},"statementMap":{"1":{"start":{"line":0,"column":0},"end":{"line":0,"column":0},"skip":true},"2":{"start":{"line":0,"column":0},"end":{"line":0,"column":0},"skip":true},"3":{"start":{"line":0,"column":0},"end":{"line":0,"column":0},"skip":true},"4":{"start":{"line":0,"column":0},"end":{"line":0,"column":0},"skip":true},"5":{"start":{"line":0,"column":0},"end":{"line":0,"column":0},"skip":true},"6":{"start":{"line":0,"column":0},"end":{"line":0,"column":0},"skip":true},"7":{"start":{"line":0,"column":0},"end":{"line":0,"column":0},"skip":true},"8":{"start":{"line":0,"column":0},"end":{"line":0,"column":0},"skip":true},"9":{"start":{"line":0,"column":0},"end":{"line":0,"column":0},"skip":true},"10":{"start":{"line":0,"column":0},"end":{"line":0,"column":0},"skip":true},"11":{"start":{"line":0,"column":0},"end":{"line":0,"column":0},"skip":true},"12":{"start":{"line":0,"column":0},"end":{"line":0,"column":0},"skip":true},"13":{"start":{"line":0,"column":0},"end":{"line":0,"column":0},"skip":true},"14":{"start":{"line":0,"column":0},"end":{"line":0,"column":0},"skip":true},"15":{"start":{"line":0,"column":0},"end":{"line":0,"column":0},"skip":true},"16":{"start":{"line":0,"column":0},"end":{"line":0,"column":0},"skip":true},"17":{"start":{"line":8,"column":0},"end":{"line":null,"column":null}},"18":{"start":{"line":0,"column":0},"end":{"line":0,"column":0},"skip":true},"19":{"start":{"line":9,"column":0},"end":{"line":null,"column":null}},"20":{"start":{"line":0,"column":0},"end":{"line":0,"column":0},"skip":true},"21":{"start":{"line":10,"column":0},"end":{"line":null,"column":null}},"22":{"start":{"line":0,"column":0},"end":{"line":0,"column":0},"skip":true},"23":{"start":{"line":11,"column":0},"end":{"line":null,"column":null}},"24":{"start":{"line":0,"column":0},"end":{"line":0,"column":0},"skip":true},"25":{"start":{"line":12,"column":0},"end":{"line":null,"column":null}},"26":{"start":{"line":0,"column":0},"end":{"line":0,"column":0},"skip":true},"27":{"start":{"line":0,"column":0},"end":{"line":0,"column":0},"skip":true},"28":{"start":{"line":0,"column":0},"end":{"line":0,"column":0},"skip":true},"29":{"start":{"line":0,"column":0},"end":{"line":0,"column":0},"skip":true},"30":{"start":{"line":0,"column":0},"end":{"line":0,"column":0},"skip":true},"31":{"start":{"line":14,"column":21},"end":{"line":null,"column":null}},"32":{"start":{"line":15,"column":16},"end":{"line":null,"column":null}},"33":{"start":{"line":0,"column":0},"end":{"line":0,"column":0},"skip":true},"34":{"start":{"line":16,"column":13},"end":{"line":null,"column":null}},"35":{"start":{"line":17,"column":13},"end":{"line":null,"column":null}},"36":{"start":{"line":19,"column":12},"end":{"line":null,"column":null}},"37":{"start":{"line":0,"column":0},"end":{"line":0,"column":0},"skip":true},"38":{"start":{"line":45,"column":14},"end":{"line":null,"column":null}},"39":{"start":{"line":46,"column":12},"end":{"line":null,"column":null}},"40":{"start":{"line":47,"column":15},"end":{"line":null,"column":null}},"41":{"start":{"line":53,"column":15},"end":{"line":null,"column":null}},"42":{"start":{"line":54,"column":21},"end":{"line":null,"column":null}},"43":{"start":{"line":59,"column":19},"end":{"line":null,"column":null}},"44":{"start":{"line":65,"column":13},"end":{"line":null,"column":null}},"45":{"start":{"line":66,"column":13},"end":{"line":null,"column":null}},"46":{"start":{"line":70,"column":12},"end":{"line":null,"column":null}},"47":{"start":{"line":71,"column":13},"end":{"line":null,"column":null}},"48":{"start":{"line":72,"column":13},"end":{"line":null,"column":null}},"49":{"start":{"line":73,"column":13},"end":{"line":null,"column":null}},"50":{"start":{"line":74,"column":23},"end":{"line":null,"column":null}},"51":{"start":{"line":75,"column":18},"end":{"line":null,"column":null}},"52":{"start":{"line":76,"column":17},"end":{"line":null,"column":null}},"53":{"start":{"line":77,"column":17},"end":{"line":null,"column":null}},"54":{"start":{"line":78,"column":16},"end":{"line":null,"column":null}},"55":{"start":{"line":79,"column":21},"end":{"line":null,"column":null}},"56":{"start":{"line":80,"column":21},"end":{"line":null,"column":null}},"57":{"start":{"line":0,"column":0},"end":{"line":0,"column":0},"skip":true},"58":{"start":{"line":83,"column":17},"end":{"line":null,"column":null}},"59":{"start":{"line":84,"column":17},"end":{"line":null,"column":null}},"60":{"start":{"line":86,"column":11},"end":{"line":null,"column":null}},"61":{"start":{"line":87,"column":17},"end":{"line":null,"column":null}},"62":{"start":{"line":90,"column":17},"end":{"line":null,"column":null}},"63":{"start":{"line":92,"column":15},"end":{"line":null,"column":null}},"64":{"start":{"line":96,"column":11},"end":{"line":null,"column":null}},"65":{"start":{"line":97,"column":19},"end":{"line":null,"column":null}},"66":{"start":{"line":99,"column":11},"end":{"line":null,"column":null}},"67":{"start":{"line":100,"column":19},"end":{"line":null,"column":null}},"68":{"start":{"line":102,"column":11},"end":{"line":null,"column":null}},"69":{"start":{"line":103,"column":19},"end":{"line":null,"column":null}},"70":{"start":{"line":105,"column":15},"end":{"line":null,"column":null}},"71":{"start":{"line":106,"column":11},"end":{"line":null,"column":null}},"72":{"start":{"line":107,"column":19},"end":{"line":null,"column":null}},"73":{"start":{"line":109,"column":15},"end":{"line":null,"column":null}},"74":{"start":{"line":113,"column":14},"end":{"line":null,"column":null}},"75":{"start":{"line":114,"column":12},"end":{"line":null,"column":null}},"76":{"start":{"line":117,"column":12},"end":{"line":null,"column":null}},"77":{"start":{"line":118,"column":21},"end":{"line":null,"column":null}},"78":{"start":{"line":119,"column":12},"end":{"line":null,"column":null}},"79":{"start":{"line":120,"column":15},"end":{"line":null,"column":null}},"80":{"start":{"line":121,"column":27},"end":{"line":null,"column":null}},"81":{"start":{"line":124,"column":23},"end":{"line":null,"column":null}},"82":{"start":{"line":0,"column":0},"end":{"line":0,"column":0},"skip":true},"83":{"start":{"line":127,"column":23},"end":{"line":null,"column":null}},"84":{"start":{"line":132,"column":12},"end":{"line":null,"column":null}},"85":{"start":{"line":133,"column":15},"end":{"line":null,"column":null}},"86":{"start":{"line":134,"column":27},"end":{"line":null,"column":null}},"87":{"start":{"line":135,"column":27},"end":{"line":null,"column":null}},"88":{"start":{"line":137,"column":23},"end":{"line":null,"column":null}},"89":{"start":{"line":142,"column":15},"end":{"line":null,"column":null}},"90":{"start":{"line":146,"column":11},"end":{"line":null,"column":null}},"91":{"start":{"line":147,"column":19},"end":{"line":null,"column":null}},"92":{"start":{"line":149,"column":15},"end":{"line":null,"column":null}},"93":{"start":{"line":153,"column":11},"end":{"line":null,"column":null}},"94":{"start":{"line":154,"column":19},"end":{"line":null,"column":null}},"95":{"start":{"line":159,"column":15},"end":{"line":null,"column":null}},"96":{"start":{"line":167,"column":11},"end":{"line":null,"column":null}},"97":{"start":{"line":168,"column":19},"end":{"line":null,"column":null}},"98":{"start":{"line":170,"column":15},"end":{"line":null,"column":null}},"99":{"start":{"line":174,"column":11},"end":{"line":null,"column":null}},"100":{"start":{"line":175,"column":15},"end":{"line":null,"column":null}},"101":{"start":{"line":176,"column":22},"end":{"line":null,"column":null}},"102":{"start":{"line":180,"column":17},"end":{"line":null,"column":null}},"103":{"start":{"line":0,"column":0},"end":{"line":0,"column":0},"skip":true},"104":{"start":{"line":183,"column":11},"end":{"line":null,"column":null}},"105":{"start":{"line":184,"column":18},"end":{"line":null,"column":null}},"106":{"start":{"line":188,"column":13},"end":{"line":null,"column":null}},"107":{"start":{"line":192,"column":14},"end":{"line":null,"column":null}},"108":{"start":{"line":193,"column":15},"end":{"line":null,"column":null}},"109":{"start":{"line":200,"column":11},"end":{"line":null,"column":null}},"110":{"start":{"line":201,"column":18},"end":{"line":null,"column":null}},"111":{"start":{"line":202,"column":15},"end":{"line":null,"column":null}},"112":{"start":{"line":207,"column":14},"end":{"line":null,"column":null}},"113":{"start":{"line":208,"column":11},"end":{"line":null,"column":null}},"114":{"start":{"line":215,"column":11},"end":{"line":null,"column":null}},"115":{"start":{"line":216,"column":19},"end":{"line":null,"column":null}},"116":{"start":{"line":218,"column":15},"end":{"line":null,"column":null}},"117":{"start":{"line":222,"column":11},"end":{"line":null,"column":null}},"118":{"start":{"line":223,"column":19},"end":{"line":null,"column":null}},"119":{"start":{"line":225,"column":15},"end":{"line":null,"column":null}},"120":{"start":{"line":229,"column":11},"end":{"line":null,"column":null}},"121":{"start":{"line":230,"column":19},"end":{"line":null,"column":null}},"122":{"start":{"line":232,"column":15},"end":{"line":null,"column":null}},"123":{"start":{"line":236,"column":11},"end":{"line":null,"column":null}},"124":{"start":{"line":237,"column":17},"end":{"line":null,"column":null}},"125":{"start":{"line":0,"column":0},"end":{"line":0,"column":0},"skip":true},"126":{"start":{"line":240,"column":13},"end":{"line":null,"column":null}},"127":{"start":{"line":244,"column":12},"end":{"line":null,"column":null}},"128":{"start":{"line":245,"column":11},"end":{"line":null,"column":null}},"129":{"start":{"line":246,"column":15},"end":{"line":null,"column":null}},"130":{"start":{"line":249,"column":15},"end":{"line":null,"column":null}},"131":{"start":{"line":254,"column":11},"end":{"line":null,"column":null}},"132":{"start":{"line":255,"column":17},"end":{"line":null,"column":null}},"133":{"start":{"line":256,"column":17},"end":{"line":null,"column":null}},"134":{"start":{"line":260,"column":17},"end":{"line":null,"column":null}},"135":{"start":{"line":0,"column":0},"end":{"line":0,"column":0},"skip":true},"136":{"start":{"line":263,"column":13},"end":{"line":null,"column":null}},"137":{"start":{"line":264,"column":13},"end":{"line":null,"column":null}},"138":{"start":{"line":271,"column":12},"end":{"line":null,"column":null}},"139":{"start":{"line":272,"column":11},"end":{"line":null,"column":null}},"140":{"start":{"line":273,"column":15},"end":{"line":null,"column":null}},"141":{"start":{"line":276,"column":18},"end":{"line":null,"column":null}},"142":{"start":{"line":281,"column":12},"end":{"line":null,"column":null}},"143":{"start":{"line":282,"column":11},"end":{"line":null,"column":null}},"144":{"start":{"line":283,"column":16},"end":{"line":null,"column":null}},"145":{"start":{"line":284,"column":17},"end":{"line":null,"column":null}},"146":{"start":{"line":285,"column":19},"end":{"line":null,"column":null}},"147":{"start":{"line":286,"column":17},"end":{"line":null,"column":null}},"148":{"start":{"line":0,"column":0},"end":{"line":0,"column":0},"skip":true},"149":{"start":{"line":292,"column":12},"end":{"line":null,"column":null}},"150":{"start":{"line":293,"column":13},"end":{"line":null,"column":null}},"151":{"start":{"line":294,"column":13},"end":{"line":null,"column":null}},"152":{"start":{"line":301,"column":12},"end":{"line":null,"column":null}},"153":{"start":{"line":302,"column":12},"end":{"line":null,"column":null}},"154":{"start":{"line":303,"column":11},"end":{"line":null,"column":null}},"155":{"start":{"line":307,"column":12},"end":{"line":null,"column":null}},"156":{"start":{"line":308,"column":11},"end":{"line":null,"column":null}},"157":{"start":{"line":309,"column":16},"end":{"line":null,"column":null}},"158":{"start":{"line":310,"column":17},"end":{"line":null,"column":null}},"159":{"start":{"line":311,"column":17},"end":{"line":null,"column":null}},"160":{"start":{"line":312,"column":19},"end":{"line":null,"column":null}},"161":{"start":{"line":313,"column":17},"end":{"line":null,"column":null}},"162":{"start":{"line":0,"column":0},"end":{"line":0,"column":0},"skip":true},"163":{"start":{"line":319,"column":12},"end":{"line":null,"column":null}},"164":{"start":{"line":320,"column":13},"end":{"line":null,"column":null}},"165":{"start":{"line":321,"column":13},"end":{"line":null,"column":null}},"166":{"start":{"line":0,"column":0},"end":{"line":0,"column":0},"skip":true},"167":{"start":{"line":14,"column":21},"end":{"line":null,"column":null}}},"branchMap":{"1":{"line":0,"type":"binary-expr","locations":[{"start":{"line":0,"column":0},"end":{"line":0,"column":0},"skip":true},{"start":{"line":0,"column":0},"end":{"line":0,"column":0},"skip":true}]},"2":{"line":0,"type":"if","locations":[{"start":{"line":0,"column":0},"end":{"line":0,"column":0},"skip":true},{"start":{"line":0,"column":0},"end":{"line":0,"column":0},"skip":true}]},"3":{"line":0,"type":"if","locations":[{"start":{"line":0,"column":0},"end":{"line":0,"column":0},"skip":true},{"start":{"line":0,"column":0},"end":{"line":0,"column":0},"skip":true}]},"4":{"line":0,"type":"if","locations":[{"start":{"line":0,"column":0},"end":{"line":0,"column":0},"skip":true},{"start":{"line":0,"column":0},"end":{"line":0,"column":0},"skip":true}]},"5":{"line":0,"type":"cond-expr","locations":[{"start":{"line":0,"column":0},"end":{"line":0,"column":0},"skip":true},{"start":{"line":0,"column":0},"end":{"line":0,"column":0},"skip":true}]},"6":{"line":0,"type":"binary-expr","locations":[{"start":{"line":0,"column":0},"end":{"line":0,"column":0},"skip":true},{"start":{"line":0,"column":0},"end":{"line":0,"column":0},"skip":true}]},"7":{"line":0,"type":"if","locations":[{"start":{"line":0,"column":0},"end":{"line":0,"column":0},"skip":true},{"start":{"line":0,"column":0},"end":{"line":0,"column":0},"skip":true}]},"8":{"line":46,"type":"if","locations":[{"start":{"line":46,"column":12},"end":{"line":46,"column":12}},{"start":{"line":46,"column":12},"end":{"line":46,"column":12}}]},"9":{"line":78,"type":"if","locations":[{"start":{"line":78,"column":16},"end":{"line":78,"column":16}},{"start":{"line":78,"column":16},"end":{"line":78,"column":16}}]},"10":{"line":86,"type":"if","locations":[{"start":{"line":86,"column":11},"end":{"line":86,"column":11}},{"start":{"line":86,"column":11},"end":{"line":86,"column":11}}]},"11":{"line":96,"type":"if","locations":[{"start":{"line":96,"column":11},"end":{"line":96,"column":11}},{"start":{"line":96,"column":11},"end":{"line":96,"column":11}}]},"12":{"line":99,"type":"if","locations":[{"start":{"line":99,"column":11},"end":{"line":99,"column":11}},{"start":{"line":99,"column":11},"end":{"line":99,"column":11}}]},"13":{"line":102,"type":"if","locations":[{"start":{"line":102,"column":11},"end":{"line":102,"column":11}},{"start":{"line":102,"column":11},"end":{"line":102,"column":11}}]},"14":{"line":106,"type":"if","locations":[{"start":{"line":106,"column":11},"end":{"line":106,"column":11}},{"start":{"line":106,"column":11},"end":{"line":106,"column":11}}]},"15":{"line":120,"type":"if","locations":[{"start":{"line":120,"column":15},"end":{"line":120,"column":15}},{"start":{"line":120,"column":15},"end":{"line":120,"column":15}}]},"16":{"line":133,"type":"if","locations":[{"start":{"line":133,"column":15},"end":{"line":133,"column":15}},{"start":{"line":133,"column":15},"end":{"line":133,"column":15}}]},"17":{"line":146,"type":"if","locations":[{"start":{"line":146,"column":11},"end":{"line":146,"column":11}},{"start":{"line":146,"column":11},"end":{"line":146,"column":11}}]},"18":{"line":153,"type":"if","locations":[{"start":{"line":153,"column":11},"end":{"line":153,"column":11}},{"start":{"line":153,"column":11},"end":{"line":153,"column":11}}]},"19":{"line":167,"type":"if","locations":[{"start":{"line":167,"column":11},"end":{"line":167,"column":11}},{"start":{"line":167,"column":11},"end":{"line":167,"column":11}}]},"20":{"line":174,"type":"if","locations":[{"start":{"line":174,"column":11},"end":{"line":174,"column":11}},{"start":{"line":174,"column":11},"end":{"line":174,"column":11}}]},"21":{"line":175,"type":"if","locations":[{"start":{"line":175,"column":15},"end":{"line":175,"column":15}},{"start":{"line":175,"column":15},"end":{"line":175,"column":15}}]},"22":{"line":183,"type":"if","locations":[{"start":{"line":183,"column":11},"end":{"line":183,"column":11}},{"start":{"line":183,"column":11},"end":{"line":183,"column":11}}]},"23":{"line":200,"type":"if","locations":[{"start":{"line":200,"column":11},"end":{"line":200,"column":11}},{"start":{"line":200,"column":11},"end":{"line":200,"column":11}}]},"24":{"line":215,"type":"if","locations":[{"start":{"line":215,"column":11},"end":{"line":215,"column":11}},{"start":{"line":215,"column":11},"end":{"line":215,"column":11}}]},"25":{"line":222,"type":"if","locations":[{"start":{"line":222,"column":11},"end":{"line":222,"column":11}},{"start":{"line":222,"column":11},"end":{"line":222,"column":11}}]},"26":{"line":229,"type":"if","locations":[{"start":{"line":229,"column":11},"end":{"line":229,"column":11}},{"start":{"line":229,"column":11},"end":{"line":229,"column":11}}]},"27":{"line":236,"type":"if","locations":[{"start":{"line":236,"column":11},"end":{"line":236,"column":11}},{"start":{"line":236,"column":11},"end":{"line":236,"column":11}}]},"28":{"line":245,"type":"if","locations":[{"start":{"line":245,"column":11},"end":{"line":245,"column":11}},{"start":{"line":245,"column":11},"end":{"line":245,"column":11}}]},"29":{"line":254,"type":"if","locations":[{"start":{"line":254,"column":11},"end":{"line":254,"column":11}},{"start":{"line":254,"column":11},"end":{"line":254,"column":11}}]},"30":{"line":272,"type":"if","locations":[{"start":{"line":272,"column":11},"end":{"line":272,"column":11}},{"start":{"line":272,"column":11},"end":{"line":272,"column":11}}]},"31":{"line":282,"type":"if","locations":[{"start":{"line":282,"column":11},"end":{"line":282,"column":11}},{"start":{"line":282,"column":11},"end":{"line":282,"column":11}}]},"32":{"line":308,"type":"if","locations":[{"start":{"line":308,"column":11},"end":{"line":308,"column":11}},{"start":{"line":308,"column":11},"end":{"line":308,"column":11}}]}}}}