{"/Users/dtysky/Complex_Mind/MoeNotes/src/parser.js":{"path":"/Users/dtysky/Complex_Mind/MoeNotes/src/parser.js","s":{"1":1,"2":1,"3":1,"4":1,"5":1,"6":1,"7":1,"8":1,"9":1,"10":3,"11":1,"12":1,"13":4,"14":4,"15":4,"16":2,"17":2,"18":2,"19":2,"20":4,"21":1,"22":1,"23":1,"24":1},"b":{"1":[1,2],"2":[3,3],"3":[2,2]},"f":{"1":3,"2":4,"3":1},"fnMap":{"1":{"name":"_interopRequireDefault","line":0,"loc":{"start":{"line":0,"column":0},"end":{"line":0,"column":0}},"skip":true},"2":{"name":"highlight","line":15,"loc":{"start":{"line":15,"column":0},"end":{"line":15,"column":34}}},"3":{"name":"parse","line":42,"loc":{"start":{"line":42,"column":15},"end":{"line":42,"column":35}}}},"statementMap":{"1":{"start":{"line":0,"column":0},"end":{"line":0,"column":0},"skip":true},"2":{"start":{"line":42,"column":24},"end":{"line":null,"column":null}},"3":{"start":{"line":9,"column":0},"end":{"line":null,"column":null}},"4":{"start":{"line":0,"column":0},"end":{"line":0,"column":0},"skip":true},"5":{"start":{"line":10,"column":0},"end":{"line":null,"column":null}},"6":{"start":{"line":0,"column":0},"end":{"line":0,"column":0},"skip":true},"7":{"start":{"line":11,"column":0},"end":{"line":null,"column":null}},"8":{"start":{"line":0,"column":0},"end":{"line":0,"column":0},"skip":true},"9":{"start":{"line":0,"column":0},"end":{"line":0,"column":0},"skip":true},"10":{"start":{"line":0,"column":0},"end":{"line":0,"column":0},"skip":true},"11":{"start":{"line":13,"column":0},"end":{"line":null,"column":null}},"12":{"start":{"line":15,"column":0},"end":{"line":15,"column":0}},"13":{"start":{"line":16,"column":8},"end":{"line":15,"column":34}},"14":{"start":{"line":17,"column":8},"end":{"line":15,"column":34}},"15":{"start":{"line":18,"column":7},"end":{"line":18,"column":4}},"16":{"start":{"line":19,"column":15},"end":{"line":18,"column":10}},"17":{"start":{"line":20,"column":18},"end":{"line":18,"column":10}},"18":{"start":{"line":23,"column":15},"end":{"line":22,"column":8}},"19":{"start":{"line":24,"column":18},"end":{"line":22,"column":8}},"20":{"start":{"line":26,"column":11},"end":{"line":15,"column":34}},"21":{"start":{"line":29,"column":0},"end":{"line":null,"column":null}},"22":{"start":{"line":42,"column":15},"end":{"line":42,"column":15}},"23":{"start":{"line":43,"column":8},"end":{"line":42,"column":35}},"24":{"start":{"line":47,"column":11},"end":{"line":42,"column":35}}},"branchMap":{"1":{"line":0,"type":"cond-expr","locations":[{"start":{"line":0,"column":0},"end":{"line":0,"column":0},"skip":true},{"start":{"line":0,"column":0},"end":{"line":0,"column":0},"skip":true}]},"2":{"line":0,"type":"binary-expr","locations":[{"start":{"line":0,"column":0},"end":{"line":0,"column":0},"skip":true},{"start":{"line":0,"column":0},"end":{"line":0,"column":0},"skip":true}]},"3":{"line":18,"type":"if","locations":[{"start":{"line":18,"column":7},"end":{"line":18,"column":7}},{"start":{"line":18,"column":7},"end":{"line":18,"column":7}}]}}},"/Users/dtysky/Complex_Mind/MoeNotes/src/config.js":{"path":"/Users/dtysky/Complex_Mind/MoeNotes/src/config.js","s":{"1":1,"2":1,"3":1,"4":1,"5":5,"6":5,"7":5,"8":5,"9":5,"10":5,"11":1,"12":1,"13":1,"14":1,"15":0,"16":1,"17":1,"18":1,"19":0,"20":1,"21":1,"22":1,"23":1,"24":1,"25":1,"26":1,"27":1,"28":4,"29":24,"30":1,"31":1},"b":{"1":[5,5],"2":[5,0],"3":[1,0],"4":[0,1],"5":[0,1]},"f":{"1":1,"2":1,"3":1,"4":1,"5":1,"6":1,"7":0,"8":0,"9":4,"10":24,"11":0},"fnMap":{"1":{"name":"(anonymous_1)","line":0,"loc":{"start":{"line":0,"column":0},"end":{"line":0,"column":0}},"skip":true},"2":{"name":"defineProperties","line":0,"loc":{"start":{"line":0,"column":0},"end":{"line":0,"column":0}},"skip":true},"3":{"name":"(anonymous_3)","line":0,"loc":{"start":{"line":0,"column":0},"end":{"line":0,"column":0}},"skip":true},"4":{"name":"_classCallCheck","line":0,"loc":{"start":{"line":0,"column":0},"end":{"line":0,"column":0}},"skip":true},"5":{"name":"(anonymous_5)","line":0,"loc":{"start":{"line":0,"column":0},"end":{"line":0,"column":0}},"skip":true},"6":{"name":"ConfigManager","line":42,"loc":{"start":{"line":42,"column":6},"end":{"line":43,"column":17}}},"7":{"name":"loadConfig","line":47,"loc":{"start":{"line":47,"column":15},"end":{"line":47,"column":26}}},"8":{"name":"saveConfig","line":50,"loc":{"start":{"line":50,"column":16},"end":{"line":50,"column":16}}},"9":{"name":"getConfig","line":53,"loc":{"start":{"line":53,"column":15},"end":{"line":53,"column":15}}},"10":{"name":"getSysConfig","line":56,"loc":{"start":{"line":56,"column":18},"end":{"line":56,"column":18}}},"11":{"name":"generateCss","line":59,"loc":{"start":{"line":59,"column":16},"end":{"line":59,"column":31}}}},"statementMap":{"1":{"start":{"line":0,"column":0},"end":{"line":0,"column":0},"skip":true},"2":{"start":{"line":0,"column":0},"end":{"line":0,"column":0},"skip":true},"3":{"start":{"line":0,"column":0},"end":{"line":0,"column":0},"skip":true},"4":{"start":{"line":0,"column":0},"end":{"line":0,"column":0},"skip":true},"5":{"start":{"line":0,"column":0},"end":{"line":0,"column":0},"skip":true},"6":{"start":{"line":0,"column":0},"end":{"line":0,"column":0},"skip":true},"7":{"start":{"line":0,"column":0},"end":{"line":0,"column":0},"skip":true},"8":{"start":{"line":0,"column":0},"end":{"line":0,"column":0},"skip":true},"9":{"start":{"line":0,"column":0},"end":{"line":0,"column":0},"skip":true},"10":{"start":{"line":0,"column":0},"end":{"line":0,"column":0},"skip":true},"11":{"start":{"line":0,"column":0},"end":{"line":0,"column":0},"skip":true},"12":{"start":{"line":0,"column":0},"end":{"line":0,"column":0},"skip":true},"13":{"start":{"line":0,"column":0},"end":{"line":0,"column":0},"skip":true},"14":{"start":{"line":0,"column":0},"end":{"line":0,"column":0},"skip":true},"15":{"start":{"line":0,"column":0},"end":{"line":0,"column":0},"skip":true},"16":{"start":{"line":0,"column":0},"end":{"line":0,"column":0},"skip":true},"17":{"start":{"line":0,"column":0},"end":{"line":0,"column":0},"skip":true},"18":{"start":{"line":0,"column":0},"end":{"line":0,"column":0},"skip":true},"19":{"start":{"line":0,"column":0},"end":{"line":0,"column":0},"skip":true},"20":{"start":{"line":8,"column":0},"end":{"line":null,"column":null}},"21":{"start":{"line":37,"column":0},"end":{"line":null,"column":null}},"22":{"start":{"line":42,"column":6},"end":{"line":null,"column":null}},"23":{"start":{"line":42,"column":6},"end":{"line":43,"column":4}},"24":{"start":{"line":42,"column":6},"end":{"line":43,"column":17}},"25":{"start":{"line":44,"column":13},"end":{"line":43,"column":17}},"26":{"start":{"line":45,"column":13},"end":{"line":43,"column":17}},"27":{"start":{"line":42,"column":6},"end":{"line":null,"column":null}},"28":{"start":{"line":54,"column":15},"end":{"line":53,"column":15}},"29":{"start":{"line":57,"column":15},"end":{"line":56,"column":18}},"30":{"start":{"line":42,"column":6},"end":{"line":null,"column":null}},"31":{"start":{"line":64,"column":15},"end":{"line":null,"column":null}}},"branchMap":{"1":{"line":0,"type":"binary-expr","locations":[{"start":{"line":0,"column":0},"end":{"line":0,"column":0},"skip":true},{"start":{"line":0,"column":0},"end":{"line":0,"column":0},"skip":true}]},"2":{"line":0,"type":"if","locations":[{"start":{"line":0,"column":0},"end":{"line":0,"column":0},"skip":true},{"start":{"line":0,"column":0},"end":{"line":0,"column":0},"skip":true}]},"3":{"line":0,"type":"if","locations":[{"start":{"line":0,"column":0},"end":{"line":0,"column":0},"skip":true},{"start":{"line":0,"column":0},"end":{"line":0,"column":0},"skip":true}]},"4":{"line":0,"type":"if","locations":[{"start":{"line":0,"column":0},"end":{"line":0,"column":0},"skip":true},{"start":{"line":0,"column":0},"end":{"line":0,"column":0},"skip":true}]},"5":{"line":0,"type":"if","locations":[{"start":{"line":0,"column":0},"end":{"line":0,"column":0},"skip":true},{"start":{"line":0,"column":0},"end":{"line":0,"column":0},"skip":true}]}}},"/Users/dtysky/Complex_Mind/MoeNotes/src/storage-book.js":{"path":"/Users/dtysky/Complex_Mind/MoeNotes/src/storage-book.js","s":{"1":1,"2":1,"3":1,"4":1,"5":20,"6":20,"7":20,"8":20,"9":20,"10":20,"11":1,"12":1,"13":1,"14":1,"15":0,"16":1,"17":1,"18":1,"19":1,"20":1,"21":1,"22":1,"23":1,"24":1,"25":1,"26":1,"27":4,"28":1,"29":49,"30":0,"31":1,"32":1,"33":49,"34":49,"35":49,"36":49,"37":1,"38":50,"39":50,"40":39,"41":11,"42":11,"43":1,"44":50,"45":50,"46":90,"47":90,"48":90,"49":90,"50":90,"51":97,"52":97,"53":97,"54":97,"55":31,"56":31,"57":31,"58":66,"59":66,"60":90,"61":56,"62":34,"63":90,"64":154,"65":1,"66":153,"67":1,"68":152,"69":149,"70":3,"71":3,"72":2,"73":3,"74":50,"75":50,"76":50,"77":50,"78":50,"79":52,"80":1,"81":1,"82":1,"83":51,"84":50,"85":51,"86":1,"87":1,"88":51,"89":50,"90":10,"91":5,"92":5,"93":5,"94":1,"95":4,"96":7,"97":3,"98":4,"99":5,"100":3,"101":1,"102":2,"103":2,"104":2,"105":1,"106":1,"107":2,"108":2,"109":51,"110":1,"111":1,"112":51,"113":51,"114":4,"115":2,"116":2,"117":4,"118":2,"119":2,"120":4,"121":2,"122":2,"123":2,"124":1,"125":1,"126":1,"127":2,"128":2,"129":1,"130":1,"131":2,"132":1,"133":1,"134":1,"135":1,"136":1,"137":1,"138":2,"139":2,"140":1,"141":1,"142":2,"143":2,"144":1,"145":1,"146":1,"147":1,"148":1,"149":1,"150":1,"151":1,"152":2,"153":2,"154":2,"155":2,"156":2,"157":1,"158":1,"159":1,"160":1,"161":1,"162":1,"163":1,"164":1,"165":1,"166":1,"167":1},"b":{"1":[20,20],"2":[20,0],"3":[1,0],"4":[0,1],"5":[0,4],"6":[4,4],"7":[0,49],"8":[39,11],"9":[31,66],"10":[56,34],"11":[1,153],"12":[1,152],"13":[149,3],"14":[2,1],"15":[1,51],"16":[1,50],"17":[5,5],"18":[1,4],"19":[3,4],"20":[3,2],"21":[1,2],"22":[1,1],"23":[1,50],"24":[2,2],"25":[2,2],"26":[2,2],"27":[1,1],"28":[1,1],"29":[1,1],"30":[1,1],"31":[1,1],"32":[1,1]},"f":{"1":1,"2":1,"3":1,"4":4,"5":49,"6":1,"7":49,"8":50,"9":90,"10":97,"11":154,"12":50,"13":10,"14":5,"15":7,"16":5,"17":2,"18":51,"19":4,"20":4,"21":4,"22":2,"23":2,"24":2,"25":2,"26":2,"27":2,"28":2},"fnMap":{"1":{"name":"(anonymous_1)","line":0,"loc":{"start":{"line":0,"column":0},"end":{"line":0,"column":0}},"skip":true},"2":{"name":"defineProperties","line":0,"loc":{"start":{"line":0,"column":0},"end":{"line":0,"column":0}},"skip":true},"3":{"name":"(anonymous_3)","line":0,"loc":{"start":{"line":0,"column":0},"end":{"line":0,"column":0}},"skip":true},"4":{"name":"_interopRequireDefault","line":0,"loc":{"start":{"line":0,"column":0},"end":{"line":0,"column":0}},"skip":true},"5":{"name":"_classCallCheck","line":0,"loc":{"start":{"line":0,"column":0},"end":{"line":0,"column":0}},"skip":true},"6":{"name":"(anonymous_6)","line":0,"loc":{"start":{"line":0,"column":0},"end":{"line":0,"column":0}},"skip":true},"7":{"name":"StorageBook","line":15,"loc":{"start":{"line":15,"column":21},"end":{"line":16,"column":19}}},"8":{"name":"load","line":45,"loc":{"start":{"line":45,"column":9},"end":{"line":45,"column":13}}},"9":{"name":"createTree","line":70,"loc":{"start":{"line":70,"column":15},"end":{"line":70,"column":18}}},"10":{"name":"(anonymous_10)","line":75,"loc":{"start":{"line":75,"column":35},"end":{"line":75,"column":41}}},"11":{"name":"recreateIndexesWithNow","line":96,"loc":{"start":{"line":96,"column":27},"end":{"line":96,"column":42}}},"12":{"name":"parse","line":113,"loc":{"start":{"line":113,"column":10},"end":{"line":113,"column":13}}},"13":{"name":"getNow","line":146,"loc":{"start":{"line":146,"column":11},"end":{"line":146,"column":20}}},"14":{"name":"getPath","line":153,"loc":{"start":{"line":153,"column":12},"end":{"line":153,"column":27}}},"15":{"name":"getIndexes","line":167,"loc":{"start":{"line":167,"column":15},"end":{"line":167,"column":24}}},"16":{"name":"setIndexes","line":174,"loc":{"start":{"line":174,"column":15},"end":{"line":174,"column":33}}},"17":{"name":"readNowPage","line":192,"loc":{"start":{"line":192,"column":17},"end":{"line":192,"column":17}}},"18":{"name":"save","line":200,"loc":{"start":{"line":200,"column":9},"end":{"line":200,"column":14}}},"19":{"name":"has","line":215,"loc":{"start":{"line":215,"column":8},"end":{"line":215,"column":23}}},"20":{"name":"isEmpty","line":222,"loc":{"start":{"line":222,"column":12},"end":{"line":222,"column":21}}},"21":{"name":"canNotRemove","line":229,"loc":{"start":{"line":229,"column":17},"end":{"line":229,"column":26}}},"22":{"name":"change","line":236,"loc":{"start":{"line":236,"column":11},"end":{"line":236,"column":26}}},"23":{"name":"createToDevice","line":244,"loc":{"start":{"line":244,"column":19},"end":{"line":244,"column":31}}},"24":{"name":"create","line":254,"loc":{"start":{"line":254,"column":11},"end":{"line":254,"column":30}}},"25":{"name":"removeFromDevice","line":271,"loc":{"start":{"line":271,"column":21},"end":{"line":271,"column":33}}},"26":{"name":"remove","line":281,"loc":{"start":{"line":281,"column":11},"end":{"line":281,"column":26}}},"27":{"name":"renameFromDevice","line":301,"loc":{"start":{"line":301,"column":21},"end":{"line":301,"column":36}}},"28":{"name":"rename","line":307,"loc":{"start":{"line":307,"column":11},"end":{"line":307,"column":35}}}},"statementMap":{"1":{"start":{"line":0,"column":0},"end":{"line":0,"column":0},"skip":true},"2":{"start":{"line":0,"column":0},"end":{"line":0,"column":0},"skip":true},"3":{"start":{"line":0,"column":0},"end":{"line":0,"column":0},"skip":true},"4":{"start":{"line":0,"column":0},"end":{"line":0,"column":0},"skip":true},"5":{"start":{"line":0,"column":0},"end":{"line":0,"column":0},"skip":true},"6":{"start":{"line":0,"column":0},"end":{"line":0,"column":0},"skip":true},"7":{"start":{"line":0,"column":0},"end":{"line":0,"column":0},"skip":true},"8":{"start":{"line":0,"column":0},"end":{"line":0,"column":0},"skip":true},"9":{"start":{"line":0,"column":0},"end":{"line":0,"column":0},"skip":true},"10":{"start":{"line":0,"column":0},"end":{"line":0,"column":0},"skip":true},"11":{"start":{"line":0,"column":0},"end":{"line":0,"column":0},"skip":true},"12":{"start":{"line":0,"column":0},"end":{"line":0,"column":0},"skip":true},"13":{"start":{"line":0,"column":0},"end":{"line":0,"column":0},"skip":true},"14":{"start":{"line":0,"column":0},"end":{"line":0,"column":0},"skip":true},"15":{"start":{"line":0,"column":0},"end":{"line":0,"column":0},"skip":true},"16":{"start":{"line":0,"column":0},"end":{"line":0,"column":0},"skip":true},"17":{"start":{"line":8,"column":0},"end":{"line":null,"column":null}},"18":{"start":{"line":0,"column":0},"end":{"line":0,"column":0},"skip":true},"19":{"start":{"line":9,"column":0},"end":{"line":null,"column":null}},"20":{"start":{"line":0,"column":0},"end":{"line":0,"column":0},"skip":true},"21":{"start":{"line":10,"column":0},"end":{"line":null,"column":null}},"22":{"start":{"line":0,"column":0},"end":{"line":0,"column":0},"skip":true},"23":{"start":{"line":11,"column":0},"end":{"line":null,"column":null}},"24":{"start":{"line":0,"column":0},"end":{"line":0,"column":0},"skip":true},"25":{"start":{"line":12,"column":0},"end":{"line":null,"column":null}},"26":{"start":{"line":0,"column":0},"end":{"line":0,"column":0},"skip":true},"27":{"start":{"line":0,"column":0},"end":{"line":0,"column":0},"skip":true},"28":{"start":{"line":0,"column":0},"end":{"line":0,"column":0},"skip":true},"29":{"start":{"line":0,"column":0},"end":{"line":0,"column":0},"skip":true},"30":{"start":{"line":0,"column":0},"end":{"line":0,"column":0},"skip":true},"31":{"start":{"line":15,"column":21},"end":{"line":null,"column":null}},"32":{"start":{"line":15,"column":21},"end":{"line":16,"column":4}},"33":{"start":{"line":15,"column":21},"end":{"line":16,"column":19}},"34":{"start":{"line":17,"column":13},"end":{"line":16,"column":19}},"35":{"start":{"line":18,"column":13},"end":{"line":16,"column":19}},"36":{"start":{"line":20,"column":12},"end":{"line":16,"column":19}},"37":{"start":{"line":15,"column":21},"end":{"line":null,"column":null}},"38":{"start":{"line":46,"column":14},"end":{"line":45,"column":13}},"39":{"start":{"line":47,"column":12},"end":{"line":47,"column":8}},"40":{"start":{"line":48,"column":15},"end":{"line":47,"column":37}},"41":{"start":{"line":54,"column":15},"end":{"line":59,"column":12}},"42":{"start":{"line":55,"column":21},"end":{"line":54,"column":15}},"43":{"start":{"line":60,"column":19},"end":{"line":59,"column":20}},"44":{"start":{"line":66,"column":13},"end":{"line":45,"column":13}},"45":{"start":{"line":67,"column":13},"end":{"line":45,"column":13}},"46":{"start":{"line":71,"column":12},"end":{"line":70,"column":18}},"47":{"start":{"line":72,"column":13},"end":{"line":70,"column":18}},"48":{"start":{"line":73,"column":13},"end":{"line":70,"column":18}},"49":{"start":{"line":74,"column":13},"end":{"line":70,"column":18}},"50":{"start":{"line":75,"column":23},"end":{"line":70,"column":18}},"51":{"start":{"line":76,"column":18},"end":{"line":75,"column":41}},"52":{"start":{"line":77,"column":17},"end":{"line":75,"column":41}},"53":{"start":{"line":78,"column":17},"end":{"line":75,"column":41}},"54":{"start":{"line":79,"column":16},"end":{"line":79,"column":12}},"55":{"start":{"line":80,"column":21},"end":{"line":79,"column":35}},"56":{"start":{"line":81,"column":21},"end":{"line":79,"column":35}},"57":{"start":{"line":79,"column":35},"end":{"line":79,"column":35}},"58":{"start":{"line":84,"column":17},"end":{"line":75,"column":41}},"59":{"start":{"line":85,"column":17},"end":{"line":75,"column":41}},"60":{"start":{"line":87,"column":11},"end":{"line":87,"column":8}},"61":{"start":{"line":88,"column":17},"end":{"line":87,"column":37}},"62":{"start":{"line":91,"column":17},"end":{"line":90,"column":12}},"63":{"start":{"line":93,"column":15},"end":{"line":70,"column":18}},"64":{"start":{"line":97,"column":11},"end":{"line":97,"column":8}},"65":{"start":{"line":98,"column":19},"end":{"line":97,"column":32}},"66":{"start":{"line":100,"column":11},"end":{"line":100,"column":8}},"67":{"start":{"line":101,"column":19},"end":{"line":100,"column":32}},"68":{"start":{"line":103,"column":11},"end":{"line":103,"column":8}},"69":{"start":{"line":104,"column":19},"end":{"line":103,"column":55}},"70":{"start":{"line":106,"column":15},"end":{"line":96,"column":42}},"71":{"start":{"line":107,"column":11},"end":{"line":107,"column":8}},"72":{"start":{"line":108,"column":19},"end":{"line":107,"column":49}},"73":{"start":{"line":110,"column":15},"end":{"line":96,"column":42}},"74":{"start":{"line":114,"column":14},"end":{"line":113,"column":13}},"75":{"start":{"line":115,"column":12},"end":{"line":113,"column":13}},"76":{"start":{"line":118,"column":12},"end":{"line":113,"column":13}},"77":{"start":{"line":119,"column":21},"end":{"line":113,"column":13}},"78":{"start":{"line":120,"column":12},"end":{"line":120,"column":8}},"79":{"start":{"line":121,"column":15},"end":{"line":121,"column":12}},"80":{"start":{"line":122,"column":27},"end":{"line":121,"column":47}},"81":{"start":{"line":125,"column":23},"end":{"line":121,"column":47}},"82":{"start":{"line":121,"column":47},"end":{"line":121,"column":47}},"83":{"start":{"line":128,"column":23},"end":{"line":120,"column":43}},"84":{"start":{"line":133,"column":12},"end":{"line":133,"column":8}},"85":{"start":{"line":134,"column":15},"end":{"line":134,"column":12}},"86":{"start":{"line":135,"column":27},"end":{"line":134,"column":50}},"87":{"start":{"line":136,"column":27},"end":{"line":134,"column":50}},"88":{"start":{"line":138,"column":23},"end":{"line":133,"column":40}},"89":{"start":{"line":143,"column":15},"end":{"line":113,"column":13}},"90":{"start":{"line":147,"column":11},"end":{"line":147,"column":8}},"91":{"start":{"line":148,"column":19},"end":{"line":147,"column":33}},"92":{"start":{"line":150,"column":15},"end":{"line":146,"column":20}},"93":{"start":{"line":154,"column":11},"end":{"line":154,"column":8}},"94":{"start":{"line":155,"column":19},"end":{"line":154,"column":33}},"95":{"start":{"line":160,"column":15},"end":{"line":153,"column":27}},"96":{"start":{"line":168,"column":11},"end":{"line":168,"column":8}},"97":{"start":{"line":169,"column":19},"end":{"line":168,"column":33}},"98":{"start":{"line":171,"column":15},"end":{"line":167,"column":24}},"99":{"start":{"line":175,"column":11},"end":{"line":175,"column":8}},"100":{"start":{"line":176,"column":15},"end":{"line":176,"column":12}},"101":{"start":{"line":177,"column":22},"end":{"line":176,"column":56}},"102":{"start":{"line":181,"column":17},"end":{"line":175,"column":33}},"103":{"start":{"line":175,"column":33},"end":{"line":175,"column":33}},"104":{"start":{"line":184,"column":11},"end":{"line":184,"column":8}},"105":{"start":{"line":185,"column":18},"end":{"line":184,"column":60}},"106":{"start":{"line":189,"column":13},"end":{"line":174,"column":33}},"107":{"start":{"line":193,"column":14},"end":{"line":192,"column":17}},"108":{"start":{"line":194,"column":15},"end":{"line":192,"column":17}},"109":{"start":{"line":201,"column":11},"end":{"line":201,"column":8}},"110":{"start":{"line":202,"column":18},"end":{"line":201,"column":30}},"111":{"start":{"line":203,"column":15},"end":{"line":201,"column":30}},"112":{"start":{"line":208,"column":14},"end":{"line":200,"column":14}},"113":{"start":{"line":209,"column":11},"end":{"line":200,"column":14}},"114":{"start":{"line":216,"column":11},"end":{"line":216,"column":8}},"115":{"start":{"line":217,"column":19},"end":{"line":216,"column":33}},"116":{"start":{"line":219,"column":15},"end":{"line":215,"column":23}},"117":{"start":{"line":223,"column":11},"end":{"line":223,"column":8}},"118":{"start":{"line":224,"column":19},"end":{"line":223,"column":33}},"119":{"start":{"line":226,"column":15},"end":{"line":222,"column":21}},"120":{"start":{"line":230,"column":11},"end":{"line":230,"column":8}},"121":{"start":{"line":231,"column":19},"end":{"line":230,"column":33}},"122":{"start":{"line":233,"column":15},"end":{"line":229,"column":26}},"123":{"start":{"line":237,"column":11},"end":{"line":237,"column":8}},"124":{"start":{"line":238,"column":17},"end":{"line":237,"column":33}},"125":{"start":{"line":237,"column":33},"end":{"line":237,"column":33}},"126":{"start":{"line":241,"column":13},"end":{"line":236,"column":26}},"127":{"start":{"line":245,"column":12},"end":{"line":244,"column":31}},"128":{"start":{"line":246,"column":11},"end":{"line":246,"column":8}},"129":{"start":{"line":247,"column":15},"end":{"line":246,"column":29}},"130":{"start":{"line":250,"column":15},"end":{"line":249,"column":12}},"131":{"start":{"line":255,"column":11},"end":{"line":255,"column":8}},"132":{"start":{"line":256,"column":17},"end":{"line":255,"column":33}},"133":{"start":{"line":257,"column":17},"end":{"line":255,"column":33}},"134":{"start":{"line":261,"column":17},"end":{"line":255,"column":33}},"135":{"start":{"line":255,"column":33},"end":{"line":255,"column":33}},"136":{"start":{"line":264,"column":13},"end":{"line":254,"column":30}},"137":{"start":{"line":265,"column":13},"end":{"line":254,"column":30}},"138":{"start":{"line":272,"column":12},"end":{"line":271,"column":33}},"139":{"start":{"line":273,"column":11},"end":{"line":273,"column":8}},"140":{"start":{"line":274,"column":15},"end":{"line":273,"column":27}},"141":{"start":{"line":277,"column":18},"end":{"line":276,"column":12}},"142":{"start":{"line":282,"column":12},"end":{"line":281,"column":26}},"143":{"start":{"line":283,"column":11},"end":{"line":283,"column":8}},"144":{"start":{"line":284,"column":16},"end":{"line":283,"column":33}},"145":{"start":{"line":285,"column":17},"end":{"line":283,"column":33}},"146":{"start":{"line":286,"column":19},"end":{"line":283,"column":33}},"147":{"start":{"line":287,"column":17},"end":{"line":283,"column":33}},"148":{"start":{"line":283,"column":33},"end":{"line":283,"column":33}},"149":{"start":{"line":293,"column":12},"end":{"line":281,"column":26}},"150":{"start":{"line":294,"column":13},"end":{"line":281,"column":26}},"151":{"start":{"line":295,"column":13},"end":{"line":281,"column":26}},"152":{"start":{"line":302,"column":12},"end":{"line":301,"column":36}},"153":{"start":{"line":303,"column":12},"end":{"line":301,"column":36}},"154":{"start":{"line":304,"column":11},"end":{"line":301,"column":36}},"155":{"start":{"line":308,"column":12},"end":{"line":307,"column":35}},"156":{"start":{"line":309,"column":11},"end":{"line":309,"column":8}},"157":{"start":{"line":310,"column":16},"end":{"line":309,"column":33}},"158":{"start":{"line":311,"column":17},"end":{"line":309,"column":33}},"159":{"start":{"line":312,"column":17},"end":{"line":309,"column":33}},"160":{"start":{"line":313,"column":19},"end":{"line":309,"column":33}},"161":{"start":{"line":314,"column":17},"end":{"line":309,"column":33}},"162":{"start":{"line":309,"column":33},"end":{"line":309,"column":33}},"163":{"start":{"line":320,"column":12},"end":{"line":307,"column":35}},"164":{"start":{"line":321,"column":13},"end":{"line":307,"column":35}},"165":{"start":{"line":322,"column":13},"end":{"line":307,"column":35}},"166":{"start":{"line":15,"column":21},"end":{"line":null,"column":null}},"167":{"start":{"line":0,"column":0},"end":{"line":0,"column":0},"skip":true}},"branchMap":{"1":{"line":0,"type":"binary-expr","locations":[{"start":{"line":0,"column":0},"end":{"line":0,"column":0},"skip":true},{"start":{"line":0,"column":0},"end":{"line":0,"column":0},"skip":true}]},"2":{"line":0,"type":"if","locations":[{"start":{"line":0,"column":0},"end":{"line":0,"column":0},"skip":true},{"start":{"line":0,"column":0},"end":{"line":0,"column":0},"skip":true}]},"3":{"line":0,"type":"if","locations":[{"start":{"line":0,"column":0},"end":{"line":0,"column":0},"skip":true},{"start":{"line":0,"column":0},"end":{"line":0,"column":0},"skip":true}]},"4":{"line":0,"type":"if","locations":[{"start":{"line":0,"column":0},"end":{"line":0,"column":0},"skip":true},{"start":{"line":0,"column":0},"end":{"line":0,"column":0},"skip":true}]},"5":{"line":0,"type":"cond-expr","locations":[{"start":{"line":0,"column":0},"end":{"line":0,"column":0},"skip":true},{"start":{"line":0,"column":0},"end":{"line":0,"column":0},"skip":true}]},"6":{"line":0,"type":"binary-expr","locations":[{"start":{"line":0,"column":0},"end":{"line":0,"column":0},"skip":true},{"start":{"line":0,"column":0},"end":{"line":0,"column":0},"skip":true}]},"7":{"line":0,"type":"if","locations":[{"start":{"line":0,"column":0},"end":{"line":0,"column":0},"skip":true},{"start":{"line":0,"column":0},"end":{"line":0,"column":0},"skip":true}]},"8":{"line":47,"type":"if","locations":[{"start":{"line":47,"column":12},"end":{"line":47,"column":12}},{"start":{"line":47,"column":12},"end":{"line":47,"column":12}}]},"9":{"line":79,"type":"if","locations":[{"start":{"line":79,"column":16},"end":{"line":79,"column":16}},{"start":{"line":79,"column":16},"end":{"line":79,"column":16}}]},"10":{"line":87,"type":"if","locations":[{"start":{"line":87,"column":11},"end":{"line":87,"column":11}},{"start":{"line":87,"column":11},"end":{"line":87,"column":11}}]},"11":{"line":97,"type":"if","locations":[{"start":{"line":97,"column":11},"end":{"line":97,"column":11}},{"start":{"line":97,"column":11},"end":{"line":97,"column":11}}]},"12":{"line":100,"type":"if","locations":[{"start":{"line":100,"column":11},"end":{"line":100,"column":11}},{"start":{"line":100,"column":11},"end":{"line":100,"column":11}}]},"13":{"line":103,"type":"if","locations":[{"start":{"line":103,"column":11},"end":{"line":103,"column":11}},{"start":{"line":103,"column":11},"end":{"line":103,"column":11}}]},"14":{"line":107,"type":"if","locations":[{"start":{"line":107,"column":11},"end":{"line":107,"column":11}},{"start":{"line":107,"column":11},"end":{"line":107,"column":11}}]},"15":{"line":121,"type":"if","locations":[{"start":{"line":121,"column":15},"end":{"line":121,"column":15}},{"start":{"line":121,"column":15},"end":{"line":121,"column":15}}]},"16":{"line":134,"type":"if","locations":[{"start":{"line":134,"column":15},"end":{"line":134,"column":15}},{"start":{"line":134,"column":15},"end":{"line":134,"column":15}}]},"17":{"line":147,"type":"if","locations":[{"start":{"line":147,"column":11},"end":{"line":147,"column":11}},{"start":{"line":147,"column":11},"end":{"line":147,"column":11}}]},"18":{"line":154,"type":"if","locations":[{"start":{"line":154,"column":11},"end":{"line":154,"column":11}},{"start":{"line":154,"column":11},"end":{"line":154,"column":11}}]},"19":{"line":168,"type":"if","locations":[{"start":{"line":168,"column":11},"end":{"line":168,"column":11}},{"start":{"line":168,"column":11},"end":{"line":168,"column":11}}]},"20":{"line":175,"type":"if","locations":[{"start":{"line":175,"column":11},"end":{"line":175,"column":11}},{"start":{"line":175,"column":11},"end":{"line":175,"column":11}}]},"21":{"line":176,"type":"if","locations":[{"start":{"line":176,"column":15},"end":{"line":176,"column":15}},{"start":{"line":176,"column":15},"end":{"line":176,"column":15}}]},"22":{"line":184,"type":"if","locations":[{"start":{"line":184,"column":11},"end":{"line":184,"column":11}},{"start":{"line":184,"column":11},"end":{"line":184,"column":11}}]},"23":{"line":201,"type":"if","locations":[{"start":{"line":201,"column":11},"end":{"line":201,"column":11}},{"start":{"line":201,"column":11},"end":{"line":201,"column":11}}]},"24":{"line":216,"type":"if","locations":[{"start":{"line":216,"column":11},"end":{"line":216,"column":11}},{"start":{"line":216,"column":11},"end":{"line":216,"column":11}}]},"25":{"line":223,"type":"if","locations":[{"start":{"line":223,"column":11},"end":{"line":223,"column":11}},{"start":{"line":223,"column":11},"end":{"line":223,"column":11}}]},"26":{"line":230,"type":"if","locations":[{"start":{"line":230,"column":11},"end":{"line":230,"column":11}},{"start":{"line":230,"column":11},"end":{"line":230,"column":11}}]},"27":{"line":237,"type":"if","locations":[{"start":{"line":237,"column":11},"end":{"line":237,"column":11}},{"start":{"line":237,"column":11},"end":{"line":237,"column":11}}]},"28":{"line":246,"type":"if","locations":[{"start":{"line":246,"column":11},"end":{"line":246,"column":11}},{"start":{"line":246,"column":11},"end":{"line":246,"column":11}}]},"29":{"line":255,"type":"if","locations":[{"start":{"line":255,"column":11},"end":{"line":255,"column":11}},{"start":{"line":255,"column":11},"end":{"line":255,"column":11}}]},"30":{"line":273,"type":"if","locations":[{"start":{"line":273,"column":11},"end":{"line":273,"column":11}},{"start":{"line":273,"column":11},"end":{"line":273,"column":11}}]},"31":{"line":283,"type":"if","locations":[{"start":{"line":283,"column":11},"end":{"line":283,"column":11}},{"start":{"line":283,"column":11},"end":{"line":283,"column":11}}]},"32":{"line":309,"type":"if","locations":[{"start":{"line":309,"column":11},"end":{"line":309,"column":11}},{"start":{"line":309,"column":11},"end":{"line":309,"column":11}}]}}},"/Users/dtysky/Complex_Mind/MoeNotes/src/utils.js":{"path":"/Users/dtysky/Complex_Mind/MoeNotes/src/utils.js","s":{"1":1,"2":1,"3":1,"4":1,"5":1,"6":1,"7":1,"8":1,"9":1,"10":1,"11":1,"12":1,"13":1,"14":1,"15":1,"16":1,"17":1,"18":1,"19":1,"20":1,"21":1,"22":1,"23":1,"24":1,"25":1,"26":1,"27":1,"28":1,"29":1,"30":1,"31":9,"32":1,"33":65,"34":1116,"35":1,"36":92,"37":150,"38":1,"39":99,"40":164,"41":1,"42":163,"43":32,"44":131,"45":131,"46":1,"47":3,"48":1,"49":6,"50":1,"51":159,"52":159,"53":159,"54":1,"55":119,"56":1,"57":3,"58":3,"59":3,"60":3,"61":3,"62":3,"63":3,"64":3,"65":9,"66":3,"67":3,"68":1,"69":452,"70":2,"71":2,"72":1,"73":1,"74":25,"75":480,"76":480,"77":452,"78":25,"79":1,"80":25,"81":1,"82":1,"83":1,"84":1,"85":1,"86":1},"b":{"1":[2,7],"2":[9,9],"3":[1,163],"4":[32,131],"5":[452,28]},"f":{"1":9,"2":65,"3":1116,"4":92,"5":150,"6":99,"7":164,"8":131,"9":3,"10":6,"11":159,"12":119,"13":3,"14":9,"15":452,"16":2,"17":25,"18":25,"19":1},"fnMap":{"1":{"name":"_interopRequireDefault","line":0,"loc":{"start":{"line":0,"column":0},"end":{"line":0,"column":0}},"skip":true},"2":{"name":"bindFunctions","line":18,"loc":{"start":{"line":18,"column":7},"end":{"line":18,"column":44}}},"3":{"name":"(anonymous_3)","line":19,"loc":{"start":{"line":19,"column":20},"end":{"line":19,"column":30}}},"4":{"name":"getDirectories","line":24,"loc":{"start":{"line":24,"column":7},"end":{"line":24,"column":35}}},"5":{"name":"(anonymous_5)","line":25,"loc":{"start":{"line":25,"column":37},"end":{"line":25,"column":45}}},"6":{"name":"getFiles","line":30,"loc":{"start":{"line":30,"column":7},"end":{"line":30,"column":29}}},"7":{"name":"(anonymous_7)","line":31,"loc":{"start":{"line":31,"column":37},"end":{"line":31,"column":45}}},"8":{"name":"(anonymous_8)","line":39,"loc":{"start":{"line":39,"column":11},"end":{"line":39,"column":19}}},"9":{"name":"getNameFromPath","line":44,"loc":{"start":{"line":44,"column":7},"end":{"line":44,"column":35}}},"10":{"name":"arrayIsEqual","line":48,"loc":{"start":{"line":48,"column":7},"end":{"line":48,"column":36}}},"11":{"name":"arrayIsLike","line":52,"loc":{"start":{"line":52,"column":7},"end":{"line":52,"column":35}}},"12":{"name":"arrayHas","line":58,"loc":{"start":{"line":58,"column":7},"end":{"line":58,"column":30}}},"13":{"name":"stringToColor","line":62,"loc":{"start":{"line":62,"column":7},"end":{"line":62,"column":42}}},"14":{"name":"(anonymous_14)","line":70,"loc":{"start":{"line":70,"column":52},"end":{"line":null,"column":null}}},"15":{"name":"tryCatchWrapper","line":75,"loc":{"start":{"line":75,"column":0},"end":{"line":75,"column":37}}},"16":{"name":"(anonymous_16)","line":76,"loc":{"start":{"line":76,"column":11},"end":{"line":76,"column":22}}},"17":{"name":"createObjectWithErrorHandler","line":85,"loc":{"start":{"line":85,"column":7},"end":{"line":85,"column":58}}},"18":{"name":"logError","line":95,"loc":{"start":{"line":95,"column":7},"end":{"line":95,"column":30}}},"19":{"name":"(anonymous_19)","line":96,"loc":{"start":{"line":96,"column":11},"end":{"line":96,"column":27}}}},"statementMap":{"1":{"start":{"line":0,"column":0},"end":{"line":0,"column":0},"skip":true},"2":{"start":{"line":18,"column":16},"end":{"line":null,"column":null}},"3":{"start":{"line":24,"column":16},"end":{"line":null,"column":null}},"4":{"start":{"line":30,"column":16},"end":{"line":null,"column":null}},"5":{"start":{"line":44,"column":16},"end":{"line":null,"column":null}},"6":{"start":{"line":48,"column":16},"end":{"line":null,"column":null}},"7":{"start":{"line":52,"column":16},"end":{"line":null,"column":null}},"8":{"start":{"line":58,"column":16},"end":{"line":null,"column":null}},"9":{"start":{"line":62,"column":16},"end":{"line":null,"column":null}},"10":{"start":{"line":85,"column":16},"end":{"line":null,"column":null}},"11":{"start":{"line":95,"column":16},"end":{"line":null,"column":null}},"12":{"start":{"line":7,"column":0},"end":{"line":null,"column":null}},"13":{"start":{"line":0,"column":0},"end":{"line":0,"column":0},"skip":true},"14":{"start":{"line":8,"column":0},"end":{"line":null,"column":null}},"15":{"start":{"line":0,"column":0},"end":{"line":0,"column":0},"skip":true},"16":{"start":{"line":9,"column":0},"end":{"line":null,"column":null}},"17":{"start":{"line":0,"column":0},"end":{"line":0,"column":0},"skip":true},"18":{"start":{"line":10,"column":0},"end":{"line":null,"column":null}},"19":{"start":{"line":0,"column":0},"end":{"line":0,"column":0},"skip":true},"20":{"start":{"line":11,"column":0},"end":{"line":null,"column":null}},"21":{"start":{"line":0,"column":0},"end":{"line":0,"column":0},"skip":true},"22":{"start":{"line":12,"column":0},"end":{"line":null,"column":null}},"23":{"start":{"line":0,"column":0},"end":{"line":0,"column":0},"skip":true},"24":{"start":{"line":13,"column":0},"end":{"line":null,"column":null}},"25":{"start":{"line":0,"column":0},"end":{"line":0,"column":0},"skip":true},"26":{"start":{"line":14,"column":0},"end":{"line":null,"column":null}},"27":{"start":{"line":0,"column":0},"end":{"line":0,"column":0},"skip":true},"28":{"start":{"line":15,"column":0},"end":{"line":null,"column":null}},"29":{"start":{"line":0,"column":0},"end":{"line":0,"column":0},"skip":true},"30":{"start":{"line":0,"column":0},"end":{"line":0,"column":0},"skip":true},"31":{"start":{"line":0,"column":0},"end":{"line":0,"column":0},"skip":true},"32":{"start":{"line":18,"column":7},"end":{"line":18,"column":7}},"33":{"start":{"line":19,"column":12},"end":{"line":18,"column":44}},"34":{"start":{"line":20,"column":13},"end":{"line":19,"column":30}},"35":{"start":{"line":24,"column":7},"end":{"line":24,"column":7}},"36":{"start":{"line":25,"column":11},"end":{"line":24,"column":35}},"37":{"start":{"line":26,"column":15},"end":{"line":25,"column":45}},"38":{"start":{"line":30,"column":7},"end":{"line":30,"column":7}},"39":{"start":{"line":31,"column":11},"end":{"line":30,"column":29}},"40":{"start":{"line":32,"column":11},"end":{"line":32,"column":8}},"41":{"start":{"line":33,"column":19},"end":{"line":32,"column":54}},"42":{"start":{"line":35,"column":12},"end":{"line":35,"column":8}},"43":{"start":{"line":36,"column":19},"end":{"line":35,"column":47}},"44":{"start":{"line":38,"column":15},"end":{"line":31,"column":45}},"45":{"start":{"line":40,"column":15},"end":{"line":39,"column":19}},"46":{"start":{"line":44,"column":7},"end":{"line":44,"column":7}},"47":{"start":{"line":45,"column":11},"end":{"line":44,"column":35}},"48":{"start":{"line":48,"column":7},"end":{"line":48,"column":7}},"49":{"start":{"line":49,"column":11},"end":{"line":48,"column":36}},"50":{"start":{"line":52,"column":7},"end":{"line":52,"column":7}},"51":{"start":{"line":53,"column":8},"end":{"line":52,"column":35}},"52":{"start":{"line":54,"column":8},"end":{"line":52,"column":35}},"53":{"start":{"line":55,"column":11},"end":{"line":52,"column":35}},"54":{"start":{"line":58,"column":7},"end":{"line":58,"column":7}},"55":{"start":{"line":59,"column":11},"end":{"line":58,"column":30}},"56":{"start":{"line":62,"column":7},"end":{"line":62,"column":7}},"57":{"start":{"line":63,"column":10},"end":{"line":62,"column":42}},"58":{"start":{"line":64,"column":10},"end":{"line":62,"column":42}},"59":{"start":{"line":65,"column":10},"end":{"line":62,"column":42}},"60":{"start":{"line":66,"column":10},"end":{"line":62,"column":42}},"61":{"start":{"line":67,"column":10},"end":{"line":62,"column":42}},"62":{"start":{"line":68,"column":10},"end":{"line":62,"column":42}},"63":{"start":{"line":69,"column":10},"end":{"line":62,"column":42}},"64":{"start":{"line":70,"column":8},"end":{"line":62,"column":42}},"65":{"start":{"line":70,"column":59},"end":{"line":null,"column":null}},"66":{"start":{"line":71,"column":10},"end":{"line":62,"column":42}},"67":{"start":{"line":72,"column":11},"end":{"line":62,"column":42}},"68":{"start":{"line":75,"column":0},"end":{"line":75,"column":0}},"69":{"start":{"line":76,"column":11},"end":{"line":75,"column":37}},"70":{"start":{"line":77,"column":12},"end":{"line":79,"column":10}},"71":{"start":{"line":78,"column":19},"end":{"line":77,"column":12}},"72":{"start":{"line":80,"column":19},"end":{"line":79,"column":19}},"73":{"start":{"line":85,"column":7},"end":{"line":85,"column":7}},"74":{"start":{"line":86,"column":8},"end":{"line":86,"column":4}},"75":{"start":{"line":87,"column":14},"end":{"line":86,"column":24}},"76":{"start":{"line":88,"column":11},"end":{"line":88,"column":8}},"77":{"start":{"line":89,"column":16},"end":{"line":88,"column":35}},"78":{"start":{"line":92,"column":11},"end":{"line":85,"column":58}},"79":{"start":{"line":95,"column":7},"end":{"line":95,"column":7}},"80":{"start":{"line":96,"column":11},"end":{"line":95,"column":30}},"81":{"start":{"line":97,"column":14},"end":{"line":96,"column":27}},"82":{"start":{"line":98,"column":12},"end":{"line":96,"column":27}},"83":{"start":{"line":99,"column":32},"end":{"line":96,"column":27}},"84":{"start":{"line":100,"column":33},"end":{"line":96,"column":27}},"85":{"start":{"line":101,"column":15},"end":{"line":96,"column":27}},"86":{"start":{"line":102,"column":11},"end":{"line":96,"column":27}}},"branchMap":{"1":{"line":0,"type":"cond-expr","locations":[{"start":{"line":0,"column":0},"end":{"line":0,"column":0},"skip":true},{"start":{"line":0,"column":0},"end":{"line":0,"column":0},"skip":true}]},"2":{"line":0,"type":"binary-expr","locations":[{"start":{"line":0,"column":0},"end":{"line":0,"column":0},"skip":true},{"start":{"line":0,"column":0},"end":{"line":0,"column":0},"skip":true}]},"3":{"line":32,"type":"if","locations":[{"start":{"line":32,"column":11},"end":{"line":32,"column":11}},{"start":{"line":32,"column":11},"end":{"line":32,"column":11}}]},"4":{"line":35,"type":"if","locations":[{"start":{"line":35,"column":12},"end":{"line":35,"column":12}},{"start":{"line":35,"column":12},"end":{"line":35,"column":12}}]},"5":{"line":88,"type":"if","locations":[{"start":{"line":88,"column":11},"end":{"line":88,"column":11}},{"start":{"line":88,"column":11},"end":{"line":88,"column":11}}]}}},"/Users/dtysky/Complex_Mind/MoeNotes/src/storage.js":{"path":"/Users/dtysky/Complex_Mind/MoeNotes/src/storage.js","s":{"1":1,"2":1,"3":1,"4":1,"5":1,"6":1,"7":1,"8":2,"9":1},"b":{"1":[2,0],"2":[2,2]},"f":{"1":2},"fnMap":{"1":{"name":"_interopRequireDefault","line":0,"loc":{"start":{"line":0,"column":0},"end":{"line":0,"column":0}},"skip":true}},"statementMap":{"1":{"start":{"line":0,"column":0},"end":{"line":0,"column":0},"skip":true},"2":{"start":{"line":8,"column":0},"end":{"line":null,"column":null}},"3":{"start":{"line":0,"column":0},"end":{"line":0,"column":0},"skip":true},"4":{"start":{"line":9,"column":0},"end":{"line":null,"column":null}},"5":{"start":{"line":10,"column":0},"end":{"line":null,"column":null}},"6":{"start":{"line":0,"column":0},"end":{"line":0,"column":0},"skip":true},"7":{"start":{"line":0,"column":0},"end":{"line":0,"column":0},"skip":true},"8":{"start":{"line":0,"column":0},"end":{"line":0,"column":0},"skip":true},"9":{"start":{"line":13,"column":15},"end":{"line":null,"column":null}}},"branchMap":{"1":{"line":0,"type":"cond-expr","locations":[{"start":{"line":0,"column":0},"end":{"line":0,"column":0},"skip":true},{"start":{"line":0,"column":0},"end":{"line":0,"column":0},"skip":true}]},"2":{"line":0,"type":"binary-expr","locations":[{"start":{"line":0,"column":0},"end":{"line":0,"column":0},"skip":true},{"start":{"line":0,"column":0},"end":{"line":0,"column":0},"skip":true}]}}},"/Users/dtysky/Complex_Mind/MoeNotes/src/storage-top.js":{"path":"/Users/dtysky/Complex_Mind/MoeNotes/src/storage-top.js","s":{"1":1,"2":1,"3":1,"4":1,"5":13,"6":13,"7":13,"8":13,"9":13,"10":13,"11":1,"12":1,"13":1,"14":1,"15":0,"16":1,"17":1,"18":1,"19":1,"20":1,"21":1,"22":1,"23":1,"24":1,"25":1,"26":1,"27":1,"28":1,"29":5,"30":1,"31":14,"32":0,"33":1,"34":1,"35":14,"36":14,"37":14,"38":14,"39":14,"40":14,"41":14,"42":1,"43":15,"44":2,"45":13,"46":15,"47":2,"48":2,"49":13,"50":13,"51":13,"52":33,"53":11,"54":11,"55":22,"56":13,"57":13,"58":2,"59":11,"60":11,"61":13,"62":1,"63":2,"64":1,"65":1,"66":2,"67":1,"68":1,"69":16,"70":1,"71":1,"72":1,"73":1,"74":1,"75":1,"76":1,"77":1,"78":1,"79":1},"b":{"1":[13,13],"2":[13,0],"3":[1,0],"4":[0,1],"5":[2,3],"6":[5,5],"7":[0,14],"8":[2,13],"9":[11,22],"10":[2,11],"11":[11,0],"12":[13,2]},"f":{"1":1,"2":1,"3":1,"4":5,"5":14,"6":1,"7":14,"8":15,"9":2,"10":13,"11":33,"12":1,"13":2,"14":1,"15":1,"16":2,"17":1,"18":16,"19":1,"20":1,"21":1},"fnMap":{"1":{"name":"(anonymous_1)","line":0,"loc":{"start":{"line":0,"column":0},"end":{"line":0,"column":0}},"skip":true},"2":{"name":"defineProperties","line":0,"loc":{"start":{"line":0,"column":0},"end":{"line":0,"column":0}},"skip":true},"3":{"name":"(anonymous_3)","line":0,"loc":{"start":{"line":0,"column":0},"end":{"line":0,"column":0}},"skip":true},"4":{"name":"_interopRequireDefault","line":0,"loc":{"start":{"line":0,"column":0},"end":{"line":0,"column":0}},"skip":true},"5":{"name":"_classCallCheck","line":0,"loc":{"start":{"line":0,"column":0},"end":{"line":0,"column":0}},"skip":true},"6":{"name":"(anonymous_6)","line":0,"loc":{"start":{"line":0,"column":0},"end":{"line":0,"column":0}},"skip":true},"7":{"name":"StorageTop","line":17,"loc":{"start":{"line":17,"column":21},"end":{"line":18,"column":25}}},"8":{"name":"load","line":44,"loc":{"start":{"line":44,"column":10},"end":{"line":44,"column":10}}},"9":{"name":"createTree","line":55,"loc":{"start":{"line":55,"column":16},"end":{"line":55,"column":16}}},"10":{"name":"parse","line":64,"loc":{"start":{"line":64,"column":11},"end":{"line":64,"column":11}}},"11":{"name":"(anonymous_11)","line":68,"loc":{"start":{"line":68,"column":35},"end":{"line":68,"column":44}}},"12":{"name":"getIndexes","line":92,"loc":{"start":{"line":92,"column":17},"end":{"line":92,"column":17}}},"13":{"name":"has","line":96,"loc":{"start":{"line":96,"column":8},"end":{"line":96,"column":14}}},"14":{"name":"getNow","line":100,"loc":{"start":{"line":100,"column":13},"end":{"line":100,"column":13}}},"15":{"name":"getName","line":104,"loc":{"start":{"line":104,"column":12},"end":{"line":104,"column":19}}},"16":{"name":"isEmpty","line":108,"loc":{"start":{"line":108,"column":14},"end":{"line":108,"column":14}}},"17":{"name":"change","line":112,"loc":{"start":{"line":112,"column":11},"end":{"line":112,"column":18}}},"18":{"name":"save","line":117,"loc":{"start":{"line":117,"column":10},"end":{"line":117,"column":10}}},"19":{"name":"create","line":124,"loc":{"start":{"line":124,"column":11},"end":{"line":124,"column":15}}},"20":{"name":"remove","line":132,"loc":{"start":{"line":132,"column":11},"end":{"line":132,"column":18}}},"21":{"name":"rename","line":139,"loc":{"start":{"line":139,"column":11},"end":{"line":139,"column":24}}}},"statementMap":{"1":{"start":{"line":0,"column":0},"end":{"line":0,"column":0},"skip":true},"2":{"start":{"line":0,"column":0},"end":{"line":0,"column":0},"skip":true},"3":{"start":{"line":0,"column":0},"end":{"line":0,"column":0},"skip":true},"4":{"start":{"line":0,"column":0},"end":{"line":0,"column":0},"skip":true},"5":{"start":{"line":0,"column":0},"end":{"line":0,"column":0},"skip":true},"6":{"start":{"line":0,"column":0},"end":{"line":0,"column":0},"skip":true},"7":{"start":{"line":0,"column":0},"end":{"line":0,"column":0},"skip":true},"8":{"start":{"line":0,"column":0},"end":{"line":0,"column":0},"skip":true},"9":{"start":{"line":0,"column":0},"end":{"line":0,"column":0},"skip":true},"10":{"start":{"line":0,"column":0},"end":{"line":0,"column":0},"skip":true},"11":{"start":{"line":0,"column":0},"end":{"line":0,"column":0},"skip":true},"12":{"start":{"line":0,"column":0},"end":{"line":0,"column":0},"skip":true},"13":{"start":{"line":0,"column":0},"end":{"line":0,"column":0},"skip":true},"14":{"start":{"line":0,"column":0},"end":{"line":0,"column":0},"skip":true},"15":{"start":{"line":0,"column":0},"end":{"line":0,"column":0},"skip":true},"16":{"start":{"line":0,"column":0},"end":{"line":0,"column":0},"skip":true},"17":{"start":{"line":8,"column":0},"end":{"line":null,"column":null}},"18":{"start":{"line":0,"column":0},"end":{"line":0,"column":0},"skip":true},"19":{"start":{"line":9,"column":0},"end":{"line":null,"column":null}},"20":{"start":{"line":0,"column":0},"end":{"line":0,"column":0},"skip":true},"21":{"start":{"line":10,"column":0},"end":{"line":null,"column":null}},"22":{"start":{"line":0,"column":0},"end":{"line":0,"column":0},"skip":true},"23":{"start":{"line":11,"column":0},"end":{"line":null,"column":null}},"24":{"start":{"line":0,"column":0},"end":{"line":0,"column":0},"skip":true},"25":{"start":{"line":12,"column":0},"end":{"line":null,"column":null}},"26":{"start":{"line":14,"column":0},"end":{"line":null,"column":null}},"27":{"start":{"line":0,"column":0},"end":{"line":0,"column":0},"skip":true},"28":{"start":{"line":0,"column":0},"end":{"line":0,"column":0},"skip":true},"29":{"start":{"line":0,"column":0},"end":{"line":0,"column":0},"skip":true},"30":{"start":{"line":0,"column":0},"end":{"line":0,"column":0},"skip":true},"31":{"start":{"line":0,"column":0},"end":{"line":0,"column":0},"skip":true},"32":{"start":{"line":0,"column":0},"end":{"line":0,"column":0},"skip":true},"33":{"start":{"line":17,"column":21},"end":{"line":null,"column":null}},"34":{"start":{"line":17,"column":21},"end":{"line":18,"column":4}},"35":{"start":{"line":17,"column":21},"end":{"line":18,"column":25}},"36":{"start":{"line":19,"column":13},"end":{"line":18,"column":25}},"37":{"start":{"line":20,"column":13},"end":{"line":18,"column":25}},"38":{"start":{"line":21,"column":13},"end":{"line":18,"column":25}},"39":{"start":{"line":22,"column":13},"end":{"line":18,"column":25}},"40":{"start":{"line":23,"column":13},"end":{"line":18,"column":25}},"41":{"start":{"line":25,"column":12},"end":{"line":18,"column":25}},"42":{"start":{"line":17,"column":21},"end":{"line":null,"column":null}},"43":{"start":{"line":45,"column":11},"end":{"line":45,"column":8}},"44":{"start":{"line":46,"column":17},"end":{"line":45,"column":41}},"45":{"start":{"line":49,"column":17},"end":{"line":48,"column":12}},"46":{"start":{"line":51,"column":13},"end":{"line":44,"column":10}},"47":{"start":{"line":56,"column":12},"end":{"line":55,"column":16}},"48":{"start":{"line":61,"column":15},"end":{"line":55,"column":16}},"49":{"start":{"line":0,"column":0},"end":{"line":0,"column":0},"skip":true},"50":{"start":{"line":65,"column":12},"end":{"line":64,"column":11}},"51":{"start":{"line":68,"column":19},"end":{"line":64,"column":11}},"52":{"start":{"line":70,"column":15},"end":{"line":70,"column":12}},"53":{"start":{"line":71,"column":27},"end":{"line":70,"column":37}},"54":{"start":{"line":74,"column":23},"end":{"line":70,"column":37}},"55":{"start":{"line":77,"column":21},"end":{"line":76,"column":16}},"56":{"start":{"line":82,"column":13},"end":{"line":64,"column":11}},"57":{"start":{"line":83,"column":11},"end":{"line":86,"column":13}},"58":{"start":{"line":84,"column":17},"end":{"line":83,"column":43}},"59":{"start":{"line":86,"column":13},"end":{"line":86,"column":13}},"60":{"start":{"line":87,"column":17},"end":{"line":86,"column":62}},"61":{"start":{"line":89,"column":13},"end":{"line":64,"column":11}},"62":{"start":{"line":93,"column":15},"end":{"line":92,"column":17}},"63":{"start":{"line":97,"column":15},"end":{"line":96,"column":14}},"64":{"start":{"line":101,"column":15},"end":{"line":100,"column":13}},"65":{"start":{"line":105,"column":15},"end":{"line":104,"column":19}},"66":{"start":{"line":109,"column":15},"end":{"line":108,"column":14}},"67":{"start":{"line":113,"column":13},"end":{"line":112,"column":18}},"68":{"start":{"line":114,"column":13},"end":{"line":112,"column":18}},"69":{"start":{"line":118,"column":11},"end":{"line":117,"column":10}},"70":{"start":{"line":125,"column":13},"end":{"line":124,"column":15}},"71":{"start":{"line":126,"column":13},"end":{"line":124,"column":15}},"72":{"start":{"line":127,"column":13},"end":{"line":124,"column":15}},"73":{"start":{"line":133,"column":14},"end":{"line":132,"column":18}},"74":{"start":{"line":134,"column":13},"end":{"line":132,"column":18}},"75":{"start":{"line":135,"column":15},"end":{"line":132,"column":18}},"76":{"start":{"line":136,"column":15},"end":{"line":132,"column":18}},"77":{"start":{"line":140,"column":13},"end":{"line":139,"column":24}},"78":{"start":{"line":17,"column":21},"end":{"line":null,"column":null}},"79":{"start":{"line":0,"column":0},"end":{"line":0,"column":0},"skip":true}},"branchMap":{"1":{"line":0,"type":"binary-expr","locations":[{"start":{"line":0,"column":0},"end":{"line":0,"column":0},"skip":true},{"start":{"line":0,"column":0},"end":{"line":0,"column":0},"skip":true}]},"2":{"line":0,"type":"if","locations":[{"start":{"line":0,"column":0},"end":{"line":0,"column":0},"skip":true},{"start":{"line":0,"column":0},"end":{"line":0,"column":0},"skip":true}]},"3":{"line":0,"type":"if","locations":[{"start":{"line":0,"column":0},"end":{"line":0,"column":0},"skip":true},{"start":{"line":0,"column":0},"end":{"line":0,"column":0},"skip":true}]},"4":{"line":0,"type":"if","locations":[{"start":{"line":0,"column":0},"end":{"line":0,"column":0},"skip":true},{"start":{"line":0,"column":0},"end":{"line":0,"column":0},"skip":true}]},"5":{"line":0,"type":"cond-expr","locations":[{"start":{"line":0,"column":0},"end":{"line":0,"column":0},"skip":true},{"start":{"line":0,"column":0},"end":{"line":0,"column":0},"skip":true}]},"6":{"line":0,"type":"binary-expr","locations":[{"start":{"line":0,"column":0},"end":{"line":0,"column":0},"skip":true},{"start":{"line":0,"column":0},"end":{"line":0,"column":0},"skip":true}]},"7":{"line":0,"type":"if","locations":[{"start":{"line":0,"column":0},"end":{"line":0,"column":0},"skip":true},{"start":{"line":0,"column":0},"end":{"line":0,"column":0},"skip":true}]},"8":{"line":45,"type":"if","locations":[{"start":{"line":45,"column":11},"end":{"line":45,"column":11}},{"start":{"line":45,"column":11},"end":{"line":45,"column":11}}]},"9":{"line":70,"type":"if","locations":[{"start":{"line":70,"column":15},"end":{"line":70,"column":15}},{"start":{"line":70,"column":15},"end":{"line":70,"column":15}}]},"10":{"line":83,"type":"if","locations":[{"start":{"line":83,"column":11},"end":{"line":83,"column":11}},{"start":{"line":83,"column":11},"end":{"line":83,"column":11}}]},"11":{"line":86,"type":"if","locations":[{"start":{"line":86,"column":13},"end":{"line":86,"column":13}},{"start":{"line":86,"column":13},"end":{"line":86,"column":13}}]},"12":{"line":89,"type":"binary-expr","locations":[{"start":{"line":89,"column":23},"end":{"line":89,"column":23}},{"start":{"line":89,"column":53},"end":{"line":89,"column":23}}]}}}}