TN:
SF:/Users/dtysky/Complex_Mind/MoeNotes/src/parser.js
FN:15,highlight
FN:42,parse
FNF:2
FNH:2
FNDA:4,highlight
FNDA:1,parse
DA:9,1
DA:10,1
DA:11,1
DA:13,1
DA:15,1
DA:16,4
DA:17,4
DA:18,4
DA:19,2
DA:20,2
DA:23,2
DA:24,2
DA:26,4
DA:29,1
DA:42,1
DA:43,1
DA:47,1
LF:17
LH:17
BRDA:18,3,0,2
BRDA:18,3,1,2
BRF:2
BRH:2
end_of_record
TN:
SF:/Users/dtysky/Complex_Mind/MoeNotes/src/config.js
FN:42,ConfigManager
FN:47,loadConfig
FN:50,saveConfig
FN:53,getConfig
FN:56,getSysConfig
FN:59,generateCss
FNF:6
FNH:3
FNDA:1,ConfigManager
FNDA:0,loadConfig
FNDA:0,saveConfig
FNDA:4,getConfig
FNDA:24,getSysConfig
FNDA:0,generateCss
DA:8,1
DA:37,1
DA:42,1
DA:44,1
DA:45,1
DA:54,4
DA:57,24
DA:64,1
LF:8
LH:8
BRF:0
BRH:0
end_of_record
TN:
SF:/Users/dtysky/Complex_Mind/MoeNotes/src/storage-book.js
FN:15,StorageBook
FN:45,load
FN:70,createTree
FN:75,(anonymous_10)
FN:96,recreateIndexesWithNow
FN:113,parse
FN:146,getNow
FN:153,getPath
FN:167,getIndexes
FN:174,setIndexes
FN:192,readNowPage
FN:200,save
FN:215,has
FN:222,isEmpty
FN:229,canNotRemove
FN:236,change
FN:244,createToDevice
FN:254,create
FN:271,removeFromDevice
FN:281,remove
FN:301,renameFromDevice
FN:307,rename
FNF:22
FNH:22
FNDA:49,StorageBook
FNDA:50,load
FNDA:90,createTree
FNDA:97,(anonymous_10)
FNDA:154,recreateIndexesWithNow
FNDA:50,parse
FNDA:10,getNow
FNDA:5,getPath
FNDA:7,getIndexes
FNDA:5,setIndexes
FNDA:2,readNowPage
FNDA:51,save
FNDA:4,has
FNDA:4,isEmpty
FNDA:4,canNotRemove
FNDA:2,change
FNDA:2,createToDevice
FNDA:2,create
FNDA:2,removeFromDevice
FNDA:2,remove
FNDA:2,renameFromDevice
FNDA:2,rename
DA:8,1
DA:9,1
DA:10,1
DA:11,1
DA:12,1
DA:15,49
DA:17,49
DA:18,49
DA:20,49
DA:46,50
DA:47,50
DA:48,39
DA:54,11
DA:55,11
DA:60,1
DA:66,50
DA:67,50
DA:71,90
DA:72,90
DA:73,90
DA:74,90
DA:75,90
DA:76,97
DA:77,97
DA:78,97
DA:79,97
DA:80,31
DA:81,31
DA:84,66
DA:85,66
DA:87,90
DA:88,56
DA:91,34
DA:93,90
DA:97,154
DA:98,1
DA:100,153
DA:101,1
DA:103,152
DA:104,149
DA:106,3
DA:107,3
DA:108,2
DA:110,3
DA:114,50
DA:115,50
DA:118,50
DA:119,50
DA:120,50
DA:121,52
DA:122,1
DA:125,1
DA:128,51
DA:133,50
DA:134,51
DA:135,1
DA:136,1
DA:138,51
DA:143,50
DA:147,10
DA:148,5
DA:150,5
DA:154,5
DA:155,1
DA:160,4
DA:168,7
DA:169,3
DA:171,4
DA:175,5
DA:176,3
DA:177,1
DA:181,2
DA:184,2
DA:185,1
DA:189,1
DA:193,2
DA:194,2
DA:201,51
DA:202,1
DA:203,1
DA:208,51
DA:209,51
DA:216,4
DA:217,2
DA:219,2
DA:223,4
DA:224,2
DA:226,2
DA:230,4
DA:231,2
DA:233,2
DA:237,2
DA:238,1
DA:241,1
DA:245,2
DA:246,2
DA:247,1
DA:250,1
DA:255,2
DA:256,1
DA:257,1
DA:261,1
DA:264,1
DA:265,1
DA:272,2
DA:273,2
DA:274,1
DA:277,1
DA:282,2
DA:283,2
DA:284,1
DA:285,1
DA:286,1
DA:287,1
DA:293,1
DA:294,1
DA:295,1
DA:302,2
DA:303,2
DA:304,2
DA:308,2
DA:309,2
DA:310,1
DA:311,1
DA:312,1
DA:313,1
DA:314,1
DA:320,1
DA:321,1
DA:322,1
LF:130
LH:130
BRDA:47,8,0,39
BRDA:47,8,1,11
BRDA:79,9,0,31
BRDA:79,9,1,66
BRDA:87,10,0,56
BRDA:87,10,1,34
BRDA:97,11,0,1
BRDA:97,11,1,153
BRDA:100,12,0,1
BRDA:100,12,1,152
BRDA:103,13,0,149
BRDA:103,13,1,3
BRDA:107,14,0,2
BRDA:107,14,1,1
BRDA:121,15,0,1
BRDA:121,15,1,51
BRDA:134,16,0,1
BRDA:134,16,1,50
BRDA:147,17,0,5
BRDA:147,17,1,5
BRDA:154,18,0,1
BRDA:154,18,1,4
BRDA:168,19,0,3
BRDA:168,19,1,4
BRDA:175,20,0,3
BRDA:175,20,1,2
BRDA:176,21,0,1
BRDA:176,21,1,2
BRDA:184,22,0,1
BRDA:184,22,1,1
BRDA:201,23,0,1
BRDA:201,23,1,50
BRDA:216,24,0,2
BRDA:216,24,1,2
BRDA:223,25,0,2
BRDA:223,25,1,2
BRDA:230,26,0,2
BRDA:230,26,1,2
BRDA:237,27,0,1
BRDA:237,27,1,1
BRDA:246,28,0,1
BRDA:246,28,1,1
BRDA:255,29,0,1
BRDA:255,29,1,1
BRDA:273,30,0,1
BRDA:273,30,1,1
BRDA:283,31,0,1
BRDA:283,31,1,1
BRDA:309,32,0,1
BRDA:309,32,1,1
BRF:50
BRH:50
end_of_record
TN:
SF:/Users/dtysky/Complex_Mind/MoeNotes/src/utils.js
FN:18,bindFunctions
FN:19,(anonymous_3)
FN:24,getDirectories
FN:25,(anonymous_5)
FN:30,getFiles
FN:31,(anonymous_7)
FN:39,(anonymous_8)
FN:44,getNameFromPath
FN:48,arrayIsEqual
FN:52,arrayIsLike
FN:58,arrayHas
FN:62,stringToColor
FN:70,(anonymous_14)
FN:75,tryCatchWrapper
FN:76,(anonymous_16)
FN:85,createObjectWithErrorHandler
FN:95,logError
FN:96,(anonymous_19)
FNF:18
FNH:18
FNDA:65,bindFunctions
FNDA:1116,(anonymous_3)
FNDA:92,getDirectories
FNDA:150,(anonymous_5)
FNDA:99,getFiles
FNDA:164,(anonymous_7)
FNDA:131,(anonymous_8)
FNDA:3,getNameFromPath
FNDA:6,arrayIsEqual
FNDA:159,arrayIsLike
FNDA:119,arrayHas
FNDA:3,stringToColor
FNDA:9,(anonymous_14)
FNDA:452,tryCatchWrapper
FNDA:2,(anonymous_16)
FNDA:25,createObjectWithErrorHandler
FNDA:25,logError
FNDA:1,(anonymous_19)
DA:7,1
DA:8,1
DA:9,1
DA:10,1
DA:11,1
DA:12,1
DA:13,1
DA:14,1
DA:15,1
DA:18,1
DA:19,65
DA:20,1116
DA:24,1
DA:25,92
DA:26,150
DA:30,1
DA:31,99
DA:32,164
DA:33,1
DA:35,163
DA:36,32
DA:38,131
DA:40,131
DA:44,1
DA:45,3
DA:48,1
DA:49,6
DA:52,1
DA:53,159
DA:54,159
DA:55,159
DA:58,1
DA:59,119
DA:62,1
DA:63,3
DA:64,3
DA:65,3
DA:66,3
DA:67,3
DA:68,3
DA:69,3
DA:70,9
DA:71,3
DA:72,3
DA:75,1
DA:76,452
DA:77,2
DA:78,2
DA:80,1
DA:85,1
DA:86,25
DA:87,480
DA:88,480
DA:89,452
DA:92,25
DA:95,1
DA:96,25
DA:97,1
DA:98,1
DA:99,1
DA:100,1
DA:101,1
DA:102,1
LF:63
LH:63
BRDA:32,3,0,1
BRDA:32,3,1,163
BRDA:35,4,0,32
BRDA:35,4,1,131
BRDA:88,5,0,452
BRDA:88,5,1,28
BRF:6
BRH:6
end_of_record
TN:
SF:/Users/dtysky/Complex_Mind/MoeNotes/src/storage.js
FNF:0
FNH:0
DA:8,1
DA:9,1
DA:10,1
DA:13,1
LF:4
LH:4
BRF:0
BRH:0
end_of_record
TN:
SF:/Users/dtysky/Complex_Mind/MoeNotes/src/storage-top.js
FN:17,StorageTop
FN:44,load
FN:55,createTree
FN:64,parse
FN:68,(anonymous_11)
FN:92,getIndexes
FN:96,has
FN:100,getNow
FN:104,getName
FN:108,isEmpty
FN:112,change
FN:117,save
FN:124,create
FN:132,remove
FN:139,rename
FNF:15
FNH:15
FNDA:14,StorageTop
FNDA:15,load
FNDA:2,createTree
FNDA:13,parse
FNDA:33,(anonymous_11)
FNDA:1,getIndexes
FNDA:2,has
FNDA:1,getNow
FNDA:1,getName
FNDA:2,isEmpty
FNDA:1,change
FNDA:16,save
FNDA:1,create
FNDA:1,remove
FNDA:1,rename
DA:8,1
DA:9,1
DA:10,1
DA:11,1
DA:12,1
DA:14,1
DA:17,14
DA:19,14
DA:20,14
DA:21,14
DA:22,14
DA:23,14
DA:25,14
DA:45,15
DA:46,2
DA:49,13
DA:51,15
DA:56,2
DA:61,2
DA:65,13
DA:68,13
DA:70,33
DA:71,11
DA:74,11
DA:77,22
DA:82,13
DA:83,13
DA:84,2
DA:86,11
DA:87,11
DA:89,13
DA:93,1
DA:97,2
DA:101,1
DA:105,1
DA:109,2
DA:113,1
DA:114,1
DA:118,16
DA:125,1
DA:126,1
DA:127,1
DA:133,1
DA:134,1
DA:135,1
DA:136,1
DA:140,1
LF:47
LH:47
BRDA:45,8,0,2
BRDA:45,8,1,13
BRDA:70,9,0,11
BRDA:70,9,1,22
BRDA:83,10,0,2
BRDA:83,10,1,11
BRDA:86,11,0,11
BRDA:86,11,1,0
BRDA:89,12,0,13
BRDA:89,12,1,2
BRF:10
BRH:9
end_of_record
