TN:
SF:/Users/dtysky/Complex_Mind/MoeNotes/src/parser.js
FN:30,highlight
FN:64,parse
FNF:2
FNH:2
FNDA:5,highlight
FNDA:1,parse
DA:9,1
DA:10,1
DA:11,1
DA:14,1
DA:16,1
DA:17,0
DA:21,1
DA:26,1
DA:28,1
DA:30,1
DA:31,5
DA:32,5
DA:33,5
DA:34,3
DA:35,3
DA:38,2
DA:39,2
DA:41,5
DA:42,5
DA:43,5
DA:46,1
DA:48,5
DA:51,1
DA:64,1
DA:65,1
DA:69,1
LF:26
LH:25
BRDA:16,3,0,0
BRDA:16,3,1,1
BRDA:33,4,0,3
BRDA:33,4,1,2
BRF:4
BRH:3
end_of_record
TN:
SF:/Users/dtysky/Complex_Mind/MoeNotes/src/config-manager-zhizhang.js
FN:63,ConfigManager
FN:89,getExistedThemes
FN:91,(anonymous_9)
FN:98,initTheme
FN:111,save
FN:119,loadTheme
FN:126,loadConfig
FN:142,refresh
FN:151,getThemes
FN:155,getNow
FN:159,getConfig
FN:163,getStyles
FN:174,getSysConfig
FNF:13
FNH:9
FNDA:1,ConfigManager
FNDA:1,getExistedThemes
FNDA:7,(anonymous_9)
FNDA:1,initTheme
FNDA:1,save
FNDA:1,loadTheme
FNDA:1,loadConfig
FNDA:1,refresh
FNDA:0,getThemes
FNDA:0,getNow
FNDA:1,getConfig
FNDA:0,getStyles
FNDA:0,getSysConfig
DA:7,1
DA:8,1
DA:9,1
DA:11,1
DA:12,1
DA:13,0
DA:16,1
DA:19,1
DA:48,1
DA:52,1
DA:62,1
DA:63,1
DA:64,1
DA:65,1
DA:67,1
DA:82,1
DA:83,1
DA:84,1
DA:85,1
DA:86,1
DA:90,1
DA:91,1
DA:92,7
DA:99,1
DA:100,1
DA:107,0
DA:112,1
DA:120,1
DA:123,1
DA:127,1
DA:128,1
DA:131,1
DA:132,25
DA:133,24
DA:138,0
DA:143,1
DA:144,0
DA:146,1
DA:147,1
DA:148,1
DA:152,0
DA:156,0
DA:160,1
DA:164,0
DA:175,0
DA:180,1
LF:46
LH:38
BRDA:12,8,0,0
BRDA:12,8,1,1
BRDA:49,9,0,0
BRDA:49,9,1,1
BRDA:56,10,0,0
BRDA:56,10,1,1
BRDA:132,11,0,24
BRDA:132,11,1,1
BRDA:143,12,0,0
BRDA:143,12,1,1
BRF:10
BRH:6
end_of_record
TN:
SF:/Users/dtysky/Complex_Mind/MoeNotes/src/utils.js
FN:18,getDirectories
FN:19,(anonymous_3)
FN:24,getFiles
FN:25,(anonymous_5)
FN:33,(anonymous_6)
FN:38,getNameFromPath
FN:42,arrayIsEqual
FN:46,arrayIsLike
FN:52,arrayHas
FN:56,stringToColor
FN:79,(anonymous_12)
FN:82,(anonymous_13)
FN:85,(anonymous_14)
FN:91,tryCatchWrapper
FN:92,(anonymous_16)
FN:101,bindTryCatchWrapper
FN:102,(anonymous_18)
FN:109,createObjectWithErrorHandler
FN:119,logError
FN:120,(anonymous_21)
FN:130,bindFunctions
FN:131,(anonymous_23)
FNF:22
FNH:22
FNDA:95,getDirectories
FNDA:195,(anonymous_3)
FNDA:120,getFiles
FNDA:325,(anonymous_5)
FNDA:290,(anonymous_6)
FNDA:3,getNameFromPath
FNDA:6,arrayIsEqual
FNDA:204,arrayIsLike
FNDA:162,arrayHas
FNDA:7,stringToColor
FNDA:12,(anonymous_12)
FNDA:6,(anonymous_13)
FNDA:3,(anonymous_14)
FNDA:513,tryCatchWrapper
FNDA:6,(anonymous_16)
FNDA:1,bindTryCatchWrapper
FNDA:2,(anonymous_18)
FNDA:28,createObjectWithErrorHandler
FNDA:28,logError
FNDA:1,(anonymous_21)
FNDA:73,bindFunctions
FNDA:1212,(anonymous_23)
DA:7,1
DA:8,1
DA:9,1
DA:10,1
DA:11,1
DA:12,1
DA:13,1
DA:14,1
DA:15,1
DA:18,1
DA:19,95
DA:20,195
DA:24,1
DA:25,120
DA:26,325
DA:27,1
DA:29,324
DA:30,34
DA:32,290
DA:34,290
DA:38,1
DA:39,3
DA:42,1
DA:43,6
DA:46,1
DA:47,204
DA:48,204
DA:49,204
DA:52,1
DA:53,162
DA:56,1
DA:57,7
DA:58,7
DA:59,7
DA:60,7
DA:61,7
DA:62,7
DA:63,7
DA:64,4
DA:65,3
DA:68,1
DA:71,7
DA:72,2
DA:74,7
DA:75,7
DA:76,7
DA:77,7
DA:78,7
DA:79,12
DA:81,3
DA:82,6
DA:84,1
DA:85,3
DA:87,7
DA:88,7
DA:91,1
DA:92,513
DA:93,6
DA:94,6
DA:96,3
DA:101,1
DA:102,1
DA:103,2
DA:109,1
DA:110,28
DA:111,540
DA:112,540
DA:113,509
DA:116,28
DA:119,1
DA:120,28
DA:121,1
DA:122,1
DA:123,1
DA:124,1
DA:125,1
DA:126,1
DA:130,1
DA:131,73
DA:132,1212
DA:133,1212
DA:134,2
LF:82
LH:82
BRDA:26,3,0,1
BRDA:26,3,1,324
BRDA:29,4,0,34
BRDA:29,4,1,290
BRDA:63,5,0,4
BRDA:63,5,1,3
BRDA:64,6,0,3
BRDA:64,6,1,1
BRDA:71,7,0,2
BRDA:71,7,1,5
BRDA:78,8,0,4
BRDA:78,8,1,3
BRDA:81,9,0,2
BRDA:81,9,1,1
BRDA:84,10,0,1
BRDA:84,10,1,0
BRDA:112,11,0,509
BRDA:112,11,1,31
BRDA:133,12,0,2
BRDA:133,12,1,1210
BRF:20
BRH:19
end_of_record
TN:
SF:/Users/dtysky/Complex_Mind/MoeNotes/src/config-manager.js
FN:64,ConfigManager
FN:90,getExistedThemes
FN:92,(anonymous_9)
FN:99,initTheme
FN:112,save
FN:120,loadTheme
FN:127,loadConfig
FN:143,refresh
FN:152,getThemes
FN:156,getNow
FN:160,getConfig
FN:164,getStyles
FN:175,getSysConfig
FNF:13
FNH:10
FNDA:1,ConfigManager
FNDA:1,getExistedThemes
FNDA:7,(anonymous_9)
FNDA:1,initTheme
FNDA:1,save
FNDA:1,loadTheme
FNDA:1,loadConfig
FNDA:1,refresh
FNDA:0,getThemes
FNDA:0,getNow
FNDA:7,getConfig
FNDA:0,getStyles
FNDA:28,getSysConfig
DA:7,1
DA:8,1
DA:9,1
DA:11,1
DA:13,1
DA:14,0
DA:17,1
DA:20,1
DA:49,1
DA:53,1
DA:63,1
DA:64,1
DA:65,1
DA:66,1
DA:68,1
DA:83,1
DA:84,1
DA:85,1
DA:86,1
DA:87,1
DA:91,1
DA:92,1
DA:93,7
DA:100,1
DA:101,1
DA:108,0
DA:113,1
DA:121,1
DA:124,1
DA:128,1
DA:129,1
DA:132,1
DA:133,25
DA:134,24
DA:139,0
DA:144,1
DA:145,0
DA:147,1
DA:148,1
DA:149,1
DA:153,0
DA:157,0
DA:161,7
DA:165,0
DA:176,28
DA:181,1
LF:46
LH:39
BRDA:13,8,0,0
BRDA:13,8,1,1
BRDA:50,9,0,0
BRDA:50,9,1,1
BRDA:57,10,0,0
BRDA:57,10,1,1
BRDA:133,11,0,24
BRDA:133,11,1,1
BRDA:144,12,0,0
BRDA:144,12,1,1
BRF:10
BRH:6
end_of_record
TN:
SF:/Users/dtysky/Complex_Mind/MoeNotes/src/storage.js
FNF:0
FNH:0
DA:8,1
DA:9,1
DA:10,1
DA:12,1
LF:4
LH:4
BRF:0
BRH:0
end_of_record
TN:
SF:/Users/dtysky/Complex_Mind/MoeNotes/src/storage-top.js
FN:18,StorageTop
FN:44,load
FN:55,createTree
FN:64,parse
FN:74,(anonymous_11)
FN:100,getIndexes
FN:104,has
FN:108,getNow
FN:112,getName
FN:116,isEmpty
FN:120,change
FN:125,save
FN:132,create
FN:140,remove
FN:147,rename
FNF:15
FNH:15
FNDA:15,StorageTop
FNDA:16,load
FNDA:3,createTree
FNDA:14,parse
FNDA:36,(anonymous_11)
FNDA:1,getIndexes
FNDA:2,has
FNDA:1,getNow
FNDA:1,getName
FNDA:2,isEmpty
FNDA:1,change
FNDA:17,save
FNDA:1,create
FNDA:1,remove
FNDA:1,rename
DA:8,1
DA:9,1
DA:10,1
DA:11,1
DA:12,1
DA:14,1
DA:17,1
DA:18,1
DA:19,15
DA:20,15
DA:21,15
DA:22,15
DA:23,15
DA:25,15
DA:45,16
DA:46,2
DA:49,14
DA:51,16
DA:56,3
DA:61,3
DA:65,14
DA:66,14
DA:67,14
DA:72,1
DA:74,14
DA:75,36
DA:76,11
DA:79,11
DA:82,25
DA:87,14
DA:88,14
DA:89,2
DA:91,12
DA:92,11
DA:93,11
DA:96,1
DA:101,1
DA:105,2
DA:109,1
DA:113,1
DA:117,2
DA:121,1
DA:122,1
DA:126,17
DA:133,1
DA:134,1
DA:135,1
DA:141,1
DA:142,1
DA:143,1
DA:144,1
DA:148,1
LF:52
LH:52
BRDA:45,8,0,2
BRDA:45,8,1,14
BRDA:75,9,0,11
BRDA:75,9,1,25
BRDA:88,10,0,2
BRDA:88,10,1,12
BRDA:91,11,0,11
BRDA:91,11,1,1
BRF:8
BRH:8
end_of_record
TN:
SF:/Users/dtysky/Complex_Mind/MoeNotes/src/storage-book.js
FN:15,StorageBook
FN:44,load
FN:69,createTree
FN:74,(anonymous_10)
FN:95,recreateIndexesWithNow
FN:112,parse
FN:145,getNow
FN:152,getPath
FN:166,getIndexes
FN:173,setIndexes
FN:191,readNowPage
FN:199,save
FN:214,has
FN:221,isEmpty
FN:228,canNotRemove
FN:235,change
FN:243,createToDevice
FN:253,create
FN:270,removeFromDevice
FN:280,remove
FN:300,renameFromDevice
FN:306,rename
FNF:22
FNH:22
FNDA:52,StorageBook
FNDA:53,load
FNDA:93,createTree
FNDA:118,(anonymous_10)
FNDA:199,recreateIndexesWithNow
FNDA:53,parse
FNDA:10,getNow
FNDA:5,getPath
FNDA:7,getIndexes
FNDA:5,setIndexes
FNDA:2,readNowPage
FNDA:54,save
FNDA:4,has
FNDA:4,isEmpty
FNDA:4,canNotRemove
FNDA:2,change
FNDA:2,createToDevice
FNDA:2,create
FNDA:2,removeFromDevice
FNDA:2,remove
FNDA:2,renameFromDevice
FNDA:2,rename
DA:8,1
DA:9,1
DA:10,1
DA:11,1
DA:12,1
DA:14,1
DA:15,1
DA:16,52
DA:17,52
DA:19,52
DA:45,53
DA:46,53
DA:47,39
DA:53,14
DA:54,14
DA:59,1
DA:65,53
DA:66,53
DA:70,93
DA:71,93
DA:72,93
DA:73,93
DA:74,93
DA:75,118
DA:76,118
DA:77,118
DA:78,118
DA:79,31
DA:80,31
DA:83,87
DA:84,87
DA:86,93
DA:87,56
DA:90,37
DA:92,93
DA:96,199
DA:97,1
DA:99,198
DA:100,1
DA:102,197
DA:103,194
DA:105,3
DA:106,3
DA:107,2
DA:109,3
DA:113,53
DA:114,53
DA:117,53
DA:118,53
DA:119,53
DA:120,73
DA:121,1
DA:124,1
DA:127,72
DA:132,53
DA:133,72
DA:134,1
DA:135,1
DA:137,72
DA:142,53
DA:146,10
DA:147,5
DA:149,5
DA:153,5
DA:154,1
DA:159,4
DA:167,7
DA:168,3
DA:170,4
DA:174,5
DA:175,3
DA:176,1
DA:180,2
DA:183,2
DA:184,1
DA:188,1
DA:192,2
DA:193,2
DA:200,54
DA:201,1
DA:202,1
DA:207,54
DA:208,54
DA:215,4
DA:216,2
DA:218,2
DA:222,4
DA:223,2
DA:225,2
DA:229,4
DA:230,2
DA:232,2
DA:236,2
DA:237,1
DA:240,1
DA:244,2
DA:245,2
DA:246,1
DA:249,1
DA:254,2
DA:255,1
DA:256,1
DA:260,1
DA:263,1
DA:264,1
DA:271,2
DA:272,2
DA:273,1
DA:276,1
DA:281,2
DA:282,2
DA:283,1
DA:284,1
DA:285,1
DA:286,1
DA:292,1
DA:293,1
DA:294,1
DA:301,2
DA:302,2
DA:303,2
DA:307,2
DA:308,2
DA:309,1
DA:310,1
DA:311,1
DA:312,1
DA:313,1
DA:319,1
DA:320,1
DA:321,1
LF:131
LH:131
BRDA:46,8,0,39
BRDA:46,8,1,14
BRDA:78,9,0,31
BRDA:78,9,1,87
BRDA:86,10,0,56
BRDA:86,10,1,37
BRDA:96,11,0,1
BRDA:96,11,1,198
BRDA:99,12,0,1
BRDA:99,12,1,197
BRDA:102,13,0,194
BRDA:102,13,1,3
BRDA:106,14,0,2
BRDA:106,14,1,1
BRDA:120,15,0,1
BRDA:120,15,1,72
BRDA:133,16,0,1
BRDA:133,16,1,71
BRDA:146,17,0,5
BRDA:146,17,1,5
BRDA:153,18,0,1
BRDA:153,18,1,4
BRDA:167,19,0,3
BRDA:167,19,1,4
BRDA:174,20,0,3
BRDA:174,20,1,2
BRDA:175,21,0,1
BRDA:175,21,1,2
BRDA:183,22,0,1
BRDA:183,22,1,1
BRDA:200,23,0,1
BRDA:200,23,1,53
BRDA:215,24,0,2
BRDA:215,24,1,2
BRDA:222,25,0,2
BRDA:222,25,1,2
BRDA:229,26,0,2
BRDA:229,26,1,2
BRDA:236,27,0,1
BRDA:236,27,1,1
BRDA:245,28,0,1
BRDA:245,28,1,1
BRDA:254,29,0,1
BRDA:254,29,1,1
BRDA:272,30,0,1
BRDA:272,30,1,1
BRDA:282,31,0,1
BRDA:282,31,1,1
BRDA:308,32,0,1
BRDA:308,32,1,1
BRF:50
BRH:50
end_of_record
