{"/Users/dtysky/Complex_Mind/MoeNotes/src/storage-book.js":{"path":"/Users/dtysky/Complex_Mind/MoeNotes/src/storage-book.js","s":{"1":1,"2":1,"3":1,"4":1,"5":20,"6":20,"7":20,"8":20,"9":20,"10":20,"11":1,"12":1,"13":1,"14":1,"15":0,"16":1,"17":1,"18":1,"19":1,"20":1,"21":1,"22":1,"23":1,"24":1,"25":3,"26":1,"27":1,"28":0,"29":1,"30":1,"31":1,"32":1,"33":1,"34":1,"35":1,"36":1,"37":1,"38":1,"39":2,"40":2,"41":2,"42":2,"43":2,"44":2,"45":6,"46":6,"47":6,"48":6,"49":2,"50":2,"51":2,"52":4,"53":4,"54":2,"55":2,"56":4,"57":4,"58":0,"59":0,"60":0,"61":0,"62":1,"63":1,"64":1,"65":1,"66":1,"67":3,"68":1,"69":0,"70":0,"71":0,"72":0,"73":0,"74":0,"75":0,"76":0,"77":0,"78":0,"79":0,"80":0,"81":0,"82":0,"83":0,"84":0,"85":0,"86":0,"87":0,"88":0,"89":0,"90":0,"91":0,"92":0,"93":0,"94":0,"95":0,"96":0,"97":0,"98":0,"99":0,"100":0,"101":0,"102":0,"103":0,"104":0,"105":0,"106":0,"107":0,"108":0,"109":0,"110":0,"111":0,"112":0,"113":0,"114":0,"115":0,"116":0,"117":0,"118":0,"119":0,"120":0,"121":0,"122":0,"123":0,"124":0,"125":0,"126":0,"127":0,"128":0,"129":0,"130":0,"131":0,"132":0,"133":0,"134":0,"135":0,"136":0,"137":1,"138":1},"b":{"1":[20,20],"2":[20,0],"3":[1,0],"4":[0,1],"5":[0,3],"6":[3,3],"7":[0,1],"8":[1,0],"9":[2,4],"10":[4,0],"11":[0,0],"12":[0,0],"13":[0,0],"14":[0,0],"15":[0,0],"16":[0,0],"17":[0,0],"18":[0,0],"19":[0,0],"20":[0,0],"21":[0,0],"22":[0,0],"23":[0,0]},"f":{"1":1,"2":1,"3":1,"4":3,"5":1,"6":1,"7":1,"8":1,"9":2,"10":6,"11":4,"12":1,"13":0,"14":0,"15":0,"16":0,"17":0,"18":0,"19":0,"20":0,"21":0,"22":0,"23":0,"24":0,"25":0,"26":0,"27":0,"28":0},"fnMap":{"1":{"name":"(anonymous_1)","line":0,"loc":{"start":{"line":0,"column":0},"end":{"line":0,"column":0}},"skip":true},"2":{"name":"defineProperties","line":0,"loc":{"start":{"line":0,"column":0},"end":{"line":0,"column":0}},"skip":true},"3":{"name":"(anonymous_3)","line":0,"loc":{"start":{"line":0,"column":0},"end":{"line":0,"column":0}},"skip":true},"4":{"name":"_interopRequireDefault","line":0,"loc":{"start":{"line":0,"column":0},"end":{"line":0,"column":0}},"skip":true},"5":{"name":"_classCallCheck","line":0,"loc":{"start":{"line":0,"column":0},"end":{"line":0,"column":0}},"skip":true},"6":{"name":"(anonymous_6)","line":0,"loc":{"start":{"line":0,"column":0},"end":{"line":0,"column":0}},"skip":true},"7":{"name":"StorageBook","line":14,"loc":{"start":{"line":14,"column":21},"end":{"line":15,"column":19}}},"8":{"name":"load","line":20,"loc":{"start":{"line":20,"column":9},"end":{"line":20,"column":13}}},"9":{"name":"createTree","line":31,"loc":{"start":{"line":31,"column":15},"end":{"line":31,"column":18}}},"10":{"name":"(anonymous_10)","line":37,"loc":{"start":{"line":37,"column":35},"end":{"line":37,"column":41}}},"11":{"name":"recreateIndexesWithNow","line":53,"loc":{"start":{"line":53,"column":27},"end":{"line":53,"column":42}}},"12":{"name":"parse","line":64,"loc":{"start":{"line":64,"column":10},"end":{"line":64,"column":13}}},"13":{"name":"getNow","line":78,"loc":{"start":{"line":78,"column":11},"end":{"line":78,"column":20}}},"14":{"name":"getPath","line":85,"loc":{"start":{"line":85,"column":12},"end":{"line":85,"column":27}}},"15":{"name":"getIndexes","line":99,"loc":{"start":{"line":99,"column":15},"end":{"line":99,"column":24}}},"16":{"name":"setIndexes","line":106,"loc":{"start":{"line":106,"column":15},"end":{"line":106,"column":33}}},"17":{"name":"readNowPage","line":114,"loc":{"start":{"line":114,"column":17},"end":{"line":114,"column":17}}},"18":{"name":"save","line":122,"loc":{"start":{"line":122,"column":9},"end":{"line":122,"column":14}}},"19":{"name":"has","line":135,"loc":{"start":{"line":135,"column":8},"end":{"line":135,"column":23}}},"20":{"name":"isEmpty","line":142,"loc":{"start":{"line":142,"column":12},"end":{"line":142,"column":21}}},"21":{"name":"canNotRemove","line":150,"loc":{"start":{"line":150,"column":17},"end":{"line":150,"column":26}}},"22":{"name":"change","line":157,"loc":{"start":{"line":157,"column":11},"end":{"line":157,"column":26}}},"23":{"name":"createToDevice","line":165,"loc":{"start":{"line":165,"column":19},"end":{"line":165,"column":31}}},"24":{"name":"create","line":175,"loc":{"start":{"line":175,"column":11},"end":{"line":175,"column":30}}},"25":{"name":"removeFromDevice","line":192,"loc":{"start":{"line":192,"column":21},"end":{"line":192,"column":27}}},"26":{"name":"remove","line":197,"loc":{"start":{"line":197,"column":11},"end":{"line":197,"column":26}}},"27":{"name":"renameFromDevice","line":214,"loc":{"start":{"line":214,"column":21},"end":{"line":214,"column":36}}},"28":{"name":"rename","line":220,"loc":{"start":{"line":220,"column":11},"end":{"line":220,"column":35}}}},"statementMap":{"1":{"start":{"line":0,"column":0},"end":{"line":0,"column":0},"skip":true},"2":{"start":{"line":0,"column":0},"end":{"line":0,"column":0},"skip":true},"3":{"start":{"line":0,"column":0},"end":{"line":0,"column":0},"skip":true},"4":{"start":{"line":0,"column":0},"end":{"line":0,"column":0},"skip":true},"5":{"start":{"line":0,"column":0},"end":{"line":0,"column":0},"skip":true},"6":{"start":{"line":0,"column":0},"end":{"line":0,"column":0},"skip":true},"7":{"start":{"line":0,"column":0},"end":{"line":0,"column":0},"skip":true},"8":{"start":{"line":0,"column":0},"end":{"line":0,"column":0},"skip":true},"9":{"start":{"line":0,"column":0},"end":{"line":0,"column":0},"skip":true},"10":{"start":{"line":0,"column":0},"end":{"line":0,"column":0},"skip":true},"11":{"start":{"line":0,"column":0},"end":{"line":0,"column":0},"skip":true},"12":{"start":{"line":0,"column":0},"end":{"line":0,"column":0},"skip":true},"13":{"start":{"line":0,"column":0},"end":{"line":0,"column":0},"skip":true},"14":{"start":{"line":0,"column":0},"end":{"line":0,"column":0},"skip":true},"15":{"start":{"line":0,"column":0},"end":{"line":0,"column":0},"skip":true},"16":{"start":{"line":0,"column":0},"end":{"line":0,"column":0},"skip":true},"17":{"start":{"line":8,"column":0},"end":{"line":null,"column":null}},"18":{"start":{"line":0,"column":0},"end":{"line":0,"column":0},"skip":true},"19":{"start":{"line":9,"column":0},"end":{"line":null,"column":null}},"20":{"start":{"line":0,"column":0},"end":{"line":0,"column":0},"skip":true},"21":{"start":{"line":10,"column":0},"end":{"line":null,"column":null}},"22":{"start":{"line":0,"column":0},"end":{"line":0,"column":0},"skip":true},"23":{"start":{"line":11,"column":0},"end":{"line":null,"column":null}},"24":{"start":{"line":0,"column":0},"end":{"line":0,"column":0},"skip":true},"25":{"start":{"line":0,"column":0},"end":{"line":0,"column":0},"skip":true},"26":{"start":{"line":0,"column":0},"end":{"line":0,"column":0},"skip":true},"27":{"start":{"line":0,"column":0},"end":{"line":0,"column":0},"skip":true},"28":{"start":{"line":0,"column":0},"end":{"line":0,"column":0},"skip":true},"29":{"start":{"line":14,"column":21},"end":{"line":null,"column":null}},"30":{"start":{"line":14,"column":21},"end":{"line":15,"column":4}},"31":{"start":{"line":14,"column":21},"end":{"line":15,"column":19}},"32":{"start":{"line":16,"column":13},"end":{"line":15,"column":19}},"33":{"start":{"line":17,"column":13},"end":{"line":15,"column":19}},"34":{"start":{"line":14,"column":21},"end":{"line":null,"column":null}},"35":{"start":{"line":21,"column":14},"end":{"line":20,"column":13}},"36":{"start":{"line":22,"column":12},"end":{"line":22,"column":8}},"37":{"start":{"line":23,"column":15},"end":{"line":22,"column":37}},"38":{"start":{"line":28,"column":13},"end":{"line":20,"column":13}},"39":{"start":{"line":32,"column":12},"end":{"line":31,"column":18}},"40":{"start":{"line":33,"column":13},"end":{"line":31,"column":18}},"41":{"start":{"line":34,"column":13},"end":{"line":31,"column":18}},"42":{"start":{"line":35,"column":13},"end":{"line":31,"column":18}},"43":{"start":{"line":36,"column":13},"end":{"line":31,"column":18}},"44":{"start":{"line":37,"column":23},"end":{"line":31,"column":18}},"45":{"start":{"line":38,"column":18},"end":{"line":37,"column":41}},"46":{"start":{"line":39,"column":17},"end":{"line":37,"column":41}},"47":{"start":{"line":40,"column":17},"end":{"line":37,"column":41}},"48":{"start":{"line":41,"column":16},"end":{"line":41,"column":12}},"49":{"start":{"line":42,"column":21},"end":{"line":41,"column":35}},"50":{"start":{"line":43,"column":21},"end":{"line":41,"column":35}},"51":{"start":{"line":41,"column":35},"end":{"line":41,"column":35}},"52":{"start":{"line":46,"column":17},"end":{"line":37,"column":41}},"53":{"start":{"line":47,"column":17},"end":{"line":37,"column":41}},"54":{"start":{"line":49,"column":13},"end":{"line":31,"column":18}},"55":{"start":{"line":50,"column":15},"end":{"line":31,"column":18}},"56":{"start":{"line":54,"column":11},"end":{"line":54,"column":8}},"57":{"start":{"line":55,"column":19},"end":{"line":54,"column":56}},"58":{"start":{"line":57,"column":15},"end":{"line":53,"column":42}},"59":{"start":{"line":58,"column":11},"end":{"line":58,"column":8}},"60":{"start":{"line":59,"column":19},"end":{"line":58,"column":49}},"61":{"start":{"line":61,"column":15},"end":{"line":53,"column":42}},"62":{"start":{"line":65,"column":14},"end":{"line":64,"column":13}},"63":{"start":{"line":66,"column":12},"end":{"line":64,"column":13}},"64":{"start":{"line":67,"column":12},"end":{"line":64,"column":13}},"65":{"start":{"line":68,"column":21},"end":{"line":64,"column":13}},"66":{"start":{"line":69,"column":12},"end":{"line":69,"column":8}},"67":{"start":{"line":70,"column":23},"end":{"line":69,"column":43}},"68":{"start":{"line":75,"column":15},"end":{"line":64,"column":13}},"69":{"start":{"line":79,"column":11},"end":{"line":79,"column":8}},"70":{"start":{"line":80,"column":19},"end":{"line":79,"column":33}},"71":{"start":{"line":82,"column":15},"end":{"line":78,"column":20}},"72":{"start":{"line":86,"column":11},"end":{"line":86,"column":8}},"73":{"start":{"line":87,"column":19},"end":{"line":86,"column":33}},"74":{"start":{"line":92,"column":15},"end":{"line":85,"column":27}},"75":{"start":{"line":100,"column":11},"end":{"line":100,"column":8}},"76":{"start":{"line":101,"column":19},"end":{"line":100,"column":33}},"77":{"start":{"line":103,"column":15},"end":{"line":99,"column":24}},"78":{"start":{"line":107,"column":11},"end":{"line":107,"column":8}},"79":{"start":{"line":108,"column":17},"end":{"line":107,"column":33}},"80":{"start":{"line":107,"column":33},"end":{"line":107,"column":33}},"81":{"start":{"line":111,"column":13},"end":{"line":106,"column":33}},"82":{"start":{"line":115,"column":14},"end":{"line":114,"column":17}},"83":{"start":{"line":116,"column":15},"end":{"line":114,"column":17}},"84":{"start":{"line":123,"column":14},"end":{"line":122,"column":14}},"85":{"start":{"line":124,"column":11},"end":{"line":122,"column":14}},"86":{"start":{"line":128,"column":14},"end":{"line":122,"column":14}},"87":{"start":{"line":129,"column":11},"end":{"line":122,"column":14}},"88":{"start":{"line":136,"column":11},"end":{"line":136,"column":8}},"89":{"start":{"line":137,"column":19},"end":{"line":136,"column":33}},"90":{"start":{"line":139,"column":15},"end":{"line":135,"column":23}},"91":{"start":{"line":143,"column":11},"end":{"line":143,"column":8}},"92":{"start":{"line":144,"column":19},"end":{"line":143,"column":33}},"93":{"start":{"line":146,"column":16},"end":{"line":142,"column":21}},"94":{"start":{"line":147,"column":15},"end":{"line":142,"column":21}},"95":{"start":{"line":151,"column":11},"end":{"line":151,"column":8}},"96":{"start":{"line":152,"column":19},"end":{"line":151,"column":33}},"97":{"start":{"line":154,"column":15},"end":{"line":150,"column":26}},"98":{"start":{"line":158,"column":11},"end":{"line":158,"column":8}},"99":{"start":{"line":159,"column":17},"end":{"line":158,"column":33}},"100":{"start":{"line":158,"column":33},"end":{"line":158,"column":33}},"101":{"start":{"line":162,"column":13},"end":{"line":157,"column":26}},"102":{"start":{"line":166,"column":12},"end":{"line":165,"column":31}},"103":{"start":{"line":167,"column":11},"end":{"line":167,"column":8}},"104":{"start":{"line":168,"column":15},"end":{"line":167,"column":29}},"105":{"start":{"line":171,"column":15},"end":{"line":170,"column":12}},"106":{"start":{"line":176,"column":11},"end":{"line":176,"column":8}},"107":{"start":{"line":177,"column":17},"end":{"line":176,"column":33}},"108":{"start":{"line":178,"column":17},"end":{"line":176,"column":33}},"109":{"start":{"line":181,"column":17},"end":{"line":176,"column":33}},"110":{"start":{"line":176,"column":33},"end":{"line":176,"column":33}},"111":{"start":{"line":184,"column":13},"end":{"line":175,"column":30}},"112":{"start":{"line":185,"column":13},"end":{"line":175,"column":30}},"113":{"start":{"line":186,"column":13},"end":{"line":175,"column":30}},"114":{"start":{"line":193,"column":12},"end":{"line":192,"column":27}},"115":{"start":{"line":194,"column":11},"end":{"line":192,"column":27}},"116":{"start":{"line":198,"column":12},"end":{"line":197,"column":26}},"117":{"start":{"line":199,"column":11},"end":{"line":199,"column":8}},"118":{"start":{"line":200,"column":16},"end":{"line":199,"column":33}},"119":{"start":{"line":201,"column":17},"end":{"line":199,"column":33}},"120":{"start":{"line":202,"column":17},"end":{"line":199,"column":33}},"121":{"start":{"line":199,"column":33},"end":{"line":199,"column":33}},"122":{"start":{"line":207,"column":12},"end":{"line":197,"column":26}},"123":{"start":{"line":208,"column":13},"end":{"line":197,"column":26}},"124":{"start":{"line":209,"column":13},"end":{"line":197,"column":26}},"125":{"start":{"line":215,"column":12},"end":{"line":214,"column":36}},"126":{"start":{"line":216,"column":12},"end":{"line":214,"column":36}},"127":{"start":{"line":217,"column":11},"end":{"line":214,"column":36}},"128":{"start":{"line":221,"column":12},"end":{"line":220,"column":35}},"129":{"start":{"line":222,"column":11},"end":{"line":222,"column":8}},"130":{"start":{"line":223,"column":16},"end":{"line":222,"column":33}},"131":{"start":{"line":224,"column":17},"end":{"line":222,"column":33}},"132":{"start":{"line":225,"column":17},"end":{"line":222,"column":33}},"133":{"start":{"line":222,"column":33},"end":{"line":222,"column":33}},"134":{"start":{"line":231,"column":12},"end":{"line":220,"column":35}},"135":{"start":{"line":232,"column":13},"end":{"line":220,"column":35}},"136":{"start":{"line":233,"column":13},"end":{"line":220,"column":35}},"137":{"start":{"line":14,"column":21},"end":{"line":null,"column":null}},"138":{"start":{"line":0,"column":0},"end":{"line":0,"column":0},"skip":true}},"branchMap":{"1":{"line":0,"type":"binary-expr","locations":[{"start":{"line":0,"column":0},"end":{"line":0,"column":0},"skip":true},{"start":{"line":0,"column":0},"end":{"line":0,"column":0},"skip":true}]},"2":{"line":0,"type":"if","locations":[{"start":{"line":0,"column":0},"end":{"line":0,"column":0},"skip":true},{"start":{"line":0,"column":0},"end":{"line":0,"column":0},"skip":true}]},"3":{"line":0,"type":"if","locations":[{"start":{"line":0,"column":0},"end":{"line":0,"column":0},"skip":true},{"start":{"line":0,"column":0},"end":{"line":0,"column":0},"skip":true}]},"4":{"line":0,"type":"if","locations":[{"start":{"line":0,"column":0},"end":{"line":0,"column":0},"skip":true},{"start":{"line":0,"column":0},"end":{"line":0,"column":0},"skip":true}]},"5":{"line":0,"type":"cond-expr","locations":[{"start":{"line":0,"column":0},"end":{"line":0,"column":0},"skip":true},{"start":{"line":0,"column":0},"end":{"line":0,"column":0},"skip":true}]},"6":{"line":0,"type":"binary-expr","locations":[{"start":{"line":0,"column":0},"end":{"line":0,"column":0},"skip":true},{"start":{"line":0,"column":0},"end":{"line":0,"column":0},"skip":true}]},"7":{"line":0,"type":"if","locations":[{"start":{"line":0,"column":0},"end":{"line":0,"column":0},"skip":true},{"start":{"line":0,"column":0},"end":{"line":0,"column":0},"skip":true}]},"8":{"line":22,"type":"if","locations":[{"start":{"line":22,"column":12},"end":{"line":22,"column":12}},{"start":{"line":22,"column":12},"end":{"line":22,"column":12}}]},"9":{"line":41,"type":"if","locations":[{"start":{"line":41,"column":16},"end":{"line":41,"column":16}},{"start":{"line":41,"column":16},"end":{"line":41,"column":16}}]},"10":{"line":54,"type":"if","locations":[{"start":{"line":54,"column":11},"end":{"line":54,"column":11}},{"start":{"line":54,"column":11},"end":{"line":54,"column":11}}]},"11":{"line":58,"type":"if","locations":[{"start":{"line":58,"column":11},"end":{"line":58,"column":11}},{"start":{"line":58,"column":11},"end":{"line":58,"column":11}}]},"12":{"line":79,"type":"if","locations":[{"start":{"line":79,"column":11},"end":{"line":79,"column":11}},{"start":{"line":79,"column":11},"end":{"line":79,"column":11}}]},"13":{"line":86,"type":"if","locations":[{"start":{"line":86,"column":11},"end":{"line":86,"column":11}},{"start":{"line":86,"column":11},"end":{"line":86,"column":11}}]},"14":{"line":100,"type":"if","locations":[{"start":{"line":100,"column":11},"end":{"line":100,"column":11}},{"start":{"line":100,"column":11},"end":{"line":100,"column":11}}]},"15":{"line":107,"type":"if","locations":[{"start":{"line":107,"column":11},"end":{"line":107,"column":11}},{"start":{"line":107,"column":11},"end":{"line":107,"column":11}}]},"16":{"line":136,"type":"if","locations":[{"start":{"line":136,"column":11},"end":{"line":136,"column":11}},{"start":{"line":136,"column":11},"end":{"line":136,"column":11}}]},"17":{"line":143,"type":"if","locations":[{"start":{"line":143,"column":11},"end":{"line":143,"column":11}},{"start":{"line":143,"column":11},"end":{"line":143,"column":11}}]},"18":{"line":151,"type":"if","locations":[{"start":{"line":151,"column":11},"end":{"line":151,"column":11}},{"start":{"line":151,"column":11},"end":{"line":151,"column":11}}]},"19":{"line":158,"type":"if","locations":[{"start":{"line":158,"column":11},"end":{"line":158,"column":11}},{"start":{"line":158,"column":11},"end":{"line":158,"column":11}}]},"20":{"line":167,"type":"if","locations":[{"start":{"line":167,"column":11},"end":{"line":167,"column":11}},{"start":{"line":167,"column":11},"end":{"line":167,"column":11}}]},"21":{"line":176,"type":"if","locations":[{"start":{"line":176,"column":11},"end":{"line":176,"column":11}},{"start":{"line":176,"column":11},"end":{"line":176,"column":11}}]},"22":{"line":199,"type":"if","locations":[{"start":{"line":199,"column":11},"end":{"line":199,"column":11}},{"start":{"line":199,"column":11},"end":{"line":199,"column":11}}]},"23":{"line":222,"type":"if","locations":[{"start":{"line":222,"column":11},"end":{"line":222,"column":11}},{"start":{"line":222,"column":11},"end":{"line":222,"column":11}}]}}},"/Users/dtysky/Complex_Mind/MoeNotes/src/utils.js":{"path":"/Users/dtysky/Complex_Mind/MoeNotes/src/utils.js","s":{"1":1,"2":1,"3":1,"4":1,"5":1,"6":1,"7":1,"8":1,"9":1,"10":1,"11":1,"12":1,"13":2,"14":1,"15":0,"16":0,"17":1,"18":2,"19":7,"20":1,"21":6,"22":8,"23":0,"24":8,"25":0,"26":8,"27":8,"28":1,"29":2,"30":1,"31":4,"32":1,"33":0},"b":{"1":[0,2],"2":[2,2],"3":[0,8],"4":[0,8]},"f":{"1":2,"2":0,"3":0,"4":2,"5":7,"6":6,"7":8,"8":8,"9":2,"10":4,"11":0},"fnMap":{"1":{"name":"_interopRequireDefault","line":0,"loc":{"start":{"line":0,"column":0},"end":{"line":0,"column":0}},"skip":true},"2":{"name":"bindFunctions","line":11,"loc":{"start":{"line":11,"column":7},"end":{"line":11,"column":44}}},"3":{"name":"(anonymous_3)","line":12,"loc":{"start":{"line":12,"column":20},"end":{"line":12,"column":30}}},"4":{"name":"getDirectories","line":17,"loc":{"start":{"line":17,"column":7},"end":{"line":17,"column":35}}},"5":{"name":"(anonymous_5)","line":18,"loc":{"start":{"line":18,"column":37},"end":{"line":18,"column":45}}},"6":{"name":"getFiles","line":23,"loc":{"start":{"line":23,"column":7},"end":{"line":23,"column":29}}},"7":{"name":"(anonymous_7)","line":24,"loc":{"start":{"line":24,"column":37},"end":{"line":24,"column":45}}},"8":{"name":"(anonymous_8)","line":32,"loc":{"start":{"line":32,"column":11},"end":{"line":32,"column":19}}},"9":{"name":"getNameFromPath","line":37,"loc":{"start":{"line":37,"column":7},"end":{"line":37,"column":35}}},"10":{"name":"arrayIsEqual","line":41,"loc":{"start":{"line":41,"column":7},"end":{"line":41,"column":36}}},"11":{"name":"arrayHas","line":45,"loc":{"start":{"line":45,"column":7},"end":{"line":45,"column":30}}}},"statementMap":{"1":{"start":{"line":0,"column":0},"end":{"line":0,"column":0},"skip":true},"2":{"start":{"line":11,"column":16},"end":{"line":null,"column":null}},"3":{"start":{"line":17,"column":16},"end":{"line":null,"column":null}},"4":{"start":{"line":23,"column":16},"end":{"line":null,"column":null}},"5":{"start":{"line":37,"column":16},"end":{"line":null,"column":null}},"6":{"start":{"line":41,"column":16},"end":{"line":null,"column":null}},"7":{"start":{"line":45,"column":16},"end":{"line":null,"column":null}},"8":{"start":{"line":7,"column":0},"end":{"line":null,"column":null}},"9":{"start":{"line":0,"column":0},"end":{"line":0,"column":0},"skip":true},"10":{"start":{"line":8,"column":0},"end":{"line":null,"column":null}},"11":{"start":{"line":0,"column":0},"end":{"line":0,"column":0},"skip":true},"12":{"start":{"line":0,"column":0},"end":{"line":0,"column":0},"skip":true},"13":{"start":{"line":0,"column":0},"end":{"line":0,"column":0},"skip":true},"14":{"start":{"line":11,"column":7},"end":{"line":11,"column":7}},"15":{"start":{"line":12,"column":12},"end":{"line":11,"column":44}},"16":{"start":{"line":13,"column":13},"end":{"line":12,"column":30}},"17":{"start":{"line":17,"column":7},"end":{"line":17,"column":7}},"18":{"start":{"line":18,"column":11},"end":{"line":17,"column":35}},"19":{"start":{"line":19,"column":15},"end":{"line":18,"column":45}},"20":{"start":{"line":23,"column":7},"end":{"line":23,"column":7}},"21":{"start":{"line":24,"column":11},"end":{"line":23,"column":29}},"22":{"start":{"line":25,"column":11},"end":{"line":25,"column":8}},"23":{"start":{"line":26,"column":19},"end":{"line":25,"column":54}},"24":{"start":{"line":28,"column":12},"end":{"line":28,"column":8}},"25":{"start":{"line":29,"column":19},"end":{"line":28,"column":47}},"26":{"start":{"line":31,"column":15},"end":{"line":24,"column":45}},"27":{"start":{"line":33,"column":15},"end":{"line":32,"column":19}},"28":{"start":{"line":37,"column":7},"end":{"line":37,"column":7}},"29":{"start":{"line":38,"column":11},"end":{"line":37,"column":35}},"30":{"start":{"line":41,"column":7},"end":{"line":41,"column":7}},"31":{"start":{"line":42,"column":11},"end":{"line":41,"column":36}},"32":{"start":{"line":45,"column":7},"end":{"line":45,"column":7}},"33":{"start":{"line":46,"column":11},"end":{"line":45,"column":30}}},"branchMap":{"1":{"line":0,"type":"cond-expr","locations":[{"start":{"line":0,"column":0},"end":{"line":0,"column":0},"skip":true},{"start":{"line":0,"column":0},"end":{"line":0,"column":0},"skip":true}]},"2":{"line":0,"type":"binary-expr","locations":[{"start":{"line":0,"column":0},"end":{"line":0,"column":0},"skip":true},{"start":{"line":0,"column":0},"end":{"line":0,"column":0},"skip":true}]},"3":{"line":25,"type":"if","locations":[{"start":{"line":25,"column":11},"end":{"line":25,"column":11}},{"start":{"line":25,"column":11},"end":{"line":25,"column":11}}]},"4":{"line":28,"type":"if","locations":[{"start":{"line":28,"column":12},"end":{"line":28,"column":12}},{"start":{"line":28,"column":12},"end":{"line":28,"column":12}}]}}}}