{"/Users/dtysky/Complex_Mind/MoeNotes/src/storage-book.js":{"path":"/Users/dtysky/Complex_Mind/MoeNotes/src/storage-book.js","s":{"1":1,"2":1,"3":1,"4":1,"5":20,"6":20,"7":20,"8":20,"9":20,"10":20,"11":1,"12":1,"13":1,"14":1,"15":0,"16":1,"17":1,"18":1,"19":1,"20":1,"21":1,"22":1,"23":1,"24":1,"25":3,"26":1,"27":1,"28":1,"29":1,"30":1,"31":1,"32":0,"33":0,"34":1,"35":0,"36":0,"37":0,"38":0,"39":0,"40":0,"41":0,"42":0,"43":0,"44":0,"45":0,"46":0,"47":0,"48":0,"49":0,"50":0,"51":0,"52":0,"53":0,"54":0,"55":0,"56":0,"57":0,"58":0,"59":0,"60":0,"61":0,"62":0,"63":0,"64":0,"65":0,"66":0,"67":0,"68":0,"69":0,"70":0,"71":0,"72":0,"73":0,"74":0,"75":0,"76":0,"77":0,"78":0,"79":0,"80":0,"81":0,"82":0,"83":0,"84":0,"85":0,"86":0,"87":0,"88":0,"89":0,"90":0,"91":0,"92":0,"93":0,"94":0,"95":0,"96":0,"97":0,"98":0,"99":0,"100":0,"101":0,"102":0,"103":0,"104":0,"105":0,"106":0,"107":0,"108":0,"109":0,"110":0,"111":0,"112":0,"113":0,"114":0,"115":0,"116":0,"117":0,"118":0,"119":0,"120":0,"121":0,"122":0,"123":0,"124":0,"125":0,"126":0,"127":0,"128":0,"129":0,"130":0,"131":0,"132":0,"133":0,"134":0,"135":0,"136":1,"137":1},"b":{"1":[20,20],"2":[20,0],"3":[1,0],"4":[0,1],"5":[0,3],"6":[3,3],"7":[1,0],"8":[0,0],"9":[0,0],"10":[0,0],"11":[0,0],"12":[0,0],"13":[0,0],"14":[0,0],"15":[0,0],"16":[0,0],"17":[0,0],"18":[0,0],"19":[0,0],"20":[0,0],"21":[0,0],"22":[0,0],"23":[0,0]},"f":{"1":1,"2":1,"3":1,"4":3,"5":1,"6":1,"7":1,"8":0,"9":0,"10":0,"11":0,"12":0,"13":0,"14":0,"15":0,"16":0,"17":0,"18":0,"19":0,"20":0,"21":0,"22":0,"23":0,"24":0,"25":0,"26":0,"27":0,"28":0},"fnMap":{"1":{"name":"(anonymous_1)","line":0,"loc":{"start":{"line":0,"column":0},"end":{"line":0,"column":0}},"skip":true},"2":{"name":"defineProperties","line":0,"loc":{"start":{"line":0,"column":0},"end":{"line":0,"column":0}},"skip":true},"3":{"name":"(anonymous_3)","line":0,"loc":{"start":{"line":0,"column":0},"end":{"line":0,"column":0}},"skip":true},"4":{"name":"_interopRequireDefault","line":0,"loc":{"start":{"line":0,"column":0},"end":{"line":0,"column":0}},"skip":true},"5":{"name":"_classCallCheck","line":0,"loc":{"start":{"line":0,"column":0},"end":{"line":0,"column":0}},"skip":true},"6":{"name":"(anonymous_6)","line":0,"loc":{"start":{"line":0,"column":0},"end":{"line":0,"column":0}},"skip":true},"7":{"name":"StorageBook","line":13,"loc":{"start":{"line":13,"column":21},"end":{"line":14,"column":19}}},"8":{"name":"load","line":19,"loc":{"start":{"line":19,"column":9},"end":{"line":19,"column":13}}},"9":{"name":"createTree","line":31,"loc":{"start":{"line":31,"column":15},"end":{"line":31,"column":18}}},"10":{"name":"(anonymous_10)","line":37,"loc":{"start":{"line":37,"column":35},"end":{"line":37,"column":44}}},"11":{"name":"recreateIndexesWithNow","line":51,"loc":{"start":{"line":51,"column":27},"end":{"line":51,"column":42}}},"12":{"name":"parse","line":62,"loc":{"start":{"line":62,"column":10},"end":{"line":62,"column":13}}},"13":{"name":"getNow","line":76,"loc":{"start":{"line":76,"column":11},"end":{"line":76,"column":20}}},"14":{"name":"getPath","line":83,"loc":{"start":{"line":83,"column":12},"end":{"line":83,"column":27}}},"15":{"name":"getIndexes","line":97,"loc":{"start":{"line":97,"column":15},"end":{"line":97,"column":24}}},"16":{"name":"setIndexes","line":104,"loc":{"start":{"line":104,"column":15},"end":{"line":104,"column":33}}},"17":{"name":"readNowPage","line":112,"loc":{"start":{"line":112,"column":17},"end":{"line":112,"column":17}}},"18":{"name":"save","line":119,"loc":{"start":{"line":119,"column":9},"end":{"line":119,"column":14}}},"19":{"name":"has","line":132,"loc":{"start":{"line":132,"column":8},"end":{"line":132,"column":23}}},"20":{"name":"isEmpty","line":139,"loc":{"start":{"line":139,"column":12},"end":{"line":139,"column":21}}},"21":{"name":"canNotRemove","line":147,"loc":{"start":{"line":147,"column":17},"end":{"line":147,"column":26}}},"22":{"name":"change","line":154,"loc":{"start":{"line":154,"column":11},"end":{"line":154,"column":26}}},"23":{"name":"createToDevice","line":162,"loc":{"start":{"line":162,"column":19},"end":{"line":162,"column":31}}},"24":{"name":"create","line":172,"loc":{"start":{"line":172,"column":11},"end":{"line":172,"column":30}}},"25":{"name":"removeFromDevice","line":189,"loc":{"start":{"line":189,"column":21},"end":{"line":189,"column":27}}},"26":{"name":"remove","line":194,"loc":{"start":{"line":194,"column":11},"end":{"line":194,"column":26}}},"27":{"name":"renameFromDevice","line":211,"loc":{"start":{"line":211,"column":21},"end":{"line":211,"column":36}}},"28":{"name":"rename","line":217,"loc":{"start":{"line":217,"column":11},"end":{"line":217,"column":35}}}},"statementMap":{"1":{"start":{"line":0,"column":0},"end":{"line":0,"column":0},"skip":true},"2":{"start":{"line":0,"column":0},"end":{"line":0,"column":0},"skip":true},"3":{"start":{"line":0,"column":0},"end":{"line":0,"column":0},"skip":true},"4":{"start":{"line":0,"column":0},"end":{"line":0,"column":0},"skip":true},"5":{"start":{"line":0,"column":0},"end":{"line":0,"column":0},"skip":true},"6":{"start":{"line":0,"column":0},"end":{"line":0,"column":0},"skip":true},"7":{"start":{"line":0,"column":0},"end":{"line":0,"column":0},"skip":true},"8":{"start":{"line":0,"column":0},"end":{"line":0,"column":0},"skip":true},"9":{"start":{"line":0,"column":0},"end":{"line":0,"column":0},"skip":true},"10":{"start":{"line":0,"column":0},"end":{"line":0,"column":0},"skip":true},"11":{"start":{"line":0,"column":0},"end":{"line":0,"column":0},"skip":true},"12":{"start":{"line":0,"column":0},"end":{"line":0,"column":0},"skip":true},"13":{"start":{"line":0,"column":0},"end":{"line":0,"column":0},"skip":true},"14":{"start":{"line":0,"column":0},"end":{"line":0,"column":0},"skip":true},"15":{"start":{"line":0,"column":0},"end":{"line":0,"column":0},"skip":true},"16":{"start":{"line":0,"column":0},"end":{"line":0,"column":0},"skip":true},"17":{"start":{"line":8,"column":0},"end":{"line":null,"column":null}},"18":{"start":{"line":0,"column":0},"end":{"line":0,"column":0},"skip":true},"19":{"start":{"line":9,"column":0},"end":{"line":null,"column":null}},"20":{"start":{"line":0,"column":0},"end":{"line":0,"column":0},"skip":true},"21":{"start":{"line":10,"column":0},"end":{"line":null,"column":null}},"22":{"start":{"line":0,"column":0},"end":{"line":0,"column":0},"skip":true},"23":{"start":{"line":11,"column":0},"end":{"line":null,"column":null}},"24":{"start":{"line":0,"column":0},"end":{"line":0,"column":0},"skip":true},"25":{"start":{"line":0,"column":0},"end":{"line":0,"column":0},"skip":true},"26":{"start":{"line":0,"column":0},"end":{"line":0,"column":0},"skip":true},"27":{"start":{"line":0,"column":0},"end":{"line":0,"column":0},"skip":true},"28":{"start":{"line":0,"column":0},"end":{"line":0,"column":0},"skip":true},"29":{"start":{"line":13,"column":21},"end":{"line":null,"column":null}},"30":{"start":{"line":13,"column":21},"end":{"line":14,"column":4}},"31":{"start":{"line":13,"column":21},"end":{"line":14,"column":19}},"32":{"start":{"line":15,"column":13},"end":{"line":14,"column":19}},"33":{"start":{"line":16,"column":13},"end":{"line":14,"column":19}},"34":{"start":{"line":13,"column":21},"end":{"line":null,"column":null}},"35":{"start":{"line":20,"column":14},"end":{"line":19,"column":13}},"36":{"start":{"line":21,"column":12},"end":{"line":21,"column":8}},"37":{"start":{"line":22,"column":17},"end":{"line":21,"column":35}},"38":{"start":{"line":23,"column":15},"end":{"line":21,"column":35}},"39":{"start":{"line":28,"column":13},"end":{"line":19,"column":13}},"40":{"start":{"line":32,"column":12},"end":{"line":31,"column":18}},"41":{"start":{"line":33,"column":13},"end":{"line":31,"column":18}},"42":{"start":{"line":34,"column":13},"end":{"line":31,"column":18}},"43":{"start":{"line":35,"column":13},"end":{"line":31,"column":18}},"44":{"start":{"line":36,"column":13},"end":{"line":31,"column":18}},"45":{"start":{"line":37,"column":23},"end":{"line":31,"column":18}},"46":{"start":{"line":38,"column":18},"end":{"line":37,"column":44}},"47":{"start":{"line":39,"column":17},"end":{"line":37,"column":44}},"48":{"start":{"line":40,"column":16},"end":{"line":40,"column":12}},"49":{"start":{"line":41,"column":21},"end":{"line":40,"column":35}},"50":{"start":{"line":42,"column":21},"end":{"line":40,"column":35}},"51":{"start":{"line":40,"column":35},"end":{"line":40,"column":35}},"52":{"start":{"line":45,"column":17},"end":{"line":37,"column":44}},"53":{"start":{"line":46,"column":17},"end":{"line":37,"column":44}},"54":{"start":{"line":48,"column":13},"end":{"line":31,"column":18}},"55":{"start":{"line":52,"column":11},"end":{"line":52,"column":8}},"56":{"start":{"line":53,"column":19},"end":{"line":52,"column":56}},"57":{"start":{"line":55,"column":15},"end":{"line":51,"column":42}},"58":{"start":{"line":56,"column":11},"end":{"line":56,"column":8}},"59":{"start":{"line":57,"column":19},"end":{"line":56,"column":49}},"60":{"start":{"line":59,"column":15},"end":{"line":51,"column":42}},"61":{"start":{"line":63,"column":14},"end":{"line":62,"column":13}},"62":{"start":{"line":64,"column":12},"end":{"line":62,"column":13}},"63":{"start":{"line":65,"column":12},"end":{"line":62,"column":13}},"64":{"start":{"line":66,"column":21},"end":{"line":62,"column":13}},"65":{"start":{"line":67,"column":12},"end":{"line":67,"column":8}},"66":{"start":{"line":68,"column":23},"end":{"line":67,"column":43}},"67":{"start":{"line":73,"column":15},"end":{"line":62,"column":13}},"68":{"start":{"line":77,"column":11},"end":{"line":77,"column":8}},"69":{"start":{"line":78,"column":19},"end":{"line":77,"column":33}},"70":{"start":{"line":80,"column":15},"end":{"line":76,"column":20}},"71":{"start":{"line":84,"column":11},"end":{"line":84,"column":8}},"72":{"start":{"line":85,"column":19},"end":{"line":84,"column":33}},"73":{"start":{"line":90,"column":15},"end":{"line":83,"column":27}},"74":{"start":{"line":98,"column":11},"end":{"line":98,"column":8}},"75":{"start":{"line":99,"column":19},"end":{"line":98,"column":33}},"76":{"start":{"line":101,"column":15},"end":{"line":97,"column":24}},"77":{"start":{"line":105,"column":11},"end":{"line":105,"column":8}},"78":{"start":{"line":106,"column":17},"end":{"line":105,"column":33}},"79":{"start":{"line":105,"column":33},"end":{"line":105,"column":33}},"80":{"start":{"line":109,"column":13},"end":{"line":104,"column":33}},"81":{"start":{"line":113,"column":14},"end":{"line":112,"column":17}},"82":{"start":{"line":114,"column":15},"end":{"line":112,"column":17}},"83":{"start":{"line":120,"column":14},"end":{"line":119,"column":14}},"84":{"start":{"line":121,"column":11},"end":{"line":119,"column":14}},"85":{"start":{"line":125,"column":14},"end":{"line":119,"column":14}},"86":{"start":{"line":126,"column":11},"end":{"line":119,"column":14}},"87":{"start":{"line":133,"column":11},"end":{"line":133,"column":8}},"88":{"start":{"line":134,"column":19},"end":{"line":133,"column":33}},"89":{"start":{"line":136,"column":15},"end":{"line":132,"column":23}},"90":{"start":{"line":140,"column":11},"end":{"line":140,"column":8}},"91":{"start":{"line":141,"column":19},"end":{"line":140,"column":33}},"92":{"start":{"line":143,"column":16},"end":{"line":139,"column":21}},"93":{"start":{"line":144,"column":15},"end":{"line":139,"column":21}},"94":{"start":{"line":148,"column":11},"end":{"line":148,"column":8}},"95":{"start":{"line":149,"column":19},"end":{"line":148,"column":33}},"96":{"start":{"line":151,"column":15},"end":{"line":147,"column":26}},"97":{"start":{"line":155,"column":11},"end":{"line":155,"column":8}},"98":{"start":{"line":156,"column":17},"end":{"line":155,"column":33}},"99":{"start":{"line":155,"column":33},"end":{"line":155,"column":33}},"100":{"start":{"line":159,"column":13},"end":{"line":154,"column":26}},"101":{"start":{"line":163,"column":12},"end":{"line":162,"column":31}},"102":{"start":{"line":164,"column":11},"end":{"line":164,"column":8}},"103":{"start":{"line":165,"column":15},"end":{"line":164,"column":29}},"104":{"start":{"line":168,"column":15},"end":{"line":167,"column":12}},"105":{"start":{"line":173,"column":11},"end":{"line":173,"column":8}},"106":{"start":{"line":174,"column":17},"end":{"line":173,"column":33}},"107":{"start":{"line":175,"column":17},"end":{"line":173,"column":33}},"108":{"start":{"line":178,"column":17},"end":{"line":173,"column":33}},"109":{"start":{"line":173,"column":33},"end":{"line":173,"column":33}},"110":{"start":{"line":181,"column":13},"end":{"line":172,"column":30}},"111":{"start":{"line":182,"column":13},"end":{"line":172,"column":30}},"112":{"start":{"line":183,"column":13},"end":{"line":172,"column":30}},"113":{"start":{"line":190,"column":12},"end":{"line":189,"column":27}},"114":{"start":{"line":191,"column":11},"end":{"line":189,"column":27}},"115":{"start":{"line":195,"column":12},"end":{"line":194,"column":26}},"116":{"start":{"line":196,"column":11},"end":{"line":196,"column":8}},"117":{"start":{"line":197,"column":16},"end":{"line":196,"column":33}},"118":{"start":{"line":198,"column":17},"end":{"line":196,"column":33}},"119":{"start":{"line":199,"column":17},"end":{"line":196,"column":33}},"120":{"start":{"line":196,"column":33},"end":{"line":196,"column":33}},"121":{"start":{"line":204,"column":12},"end":{"line":194,"column":26}},"122":{"start":{"line":205,"column":13},"end":{"line":194,"column":26}},"123":{"start":{"line":206,"column":13},"end":{"line":194,"column":26}},"124":{"start":{"line":212,"column":12},"end":{"line":211,"column":36}},"125":{"start":{"line":213,"column":12},"end":{"line":211,"column":36}},"126":{"start":{"line":214,"column":11},"end":{"line":211,"column":36}},"127":{"start":{"line":218,"column":12},"end":{"line":217,"column":35}},"128":{"start":{"line":219,"column":11},"end":{"line":219,"column":8}},"129":{"start":{"line":220,"column":16},"end":{"line":219,"column":33}},"130":{"start":{"line":221,"column":17},"end":{"line":219,"column":33}},"131":{"start":{"line":222,"column":17},"end":{"line":219,"column":33}},"132":{"start":{"line":219,"column":33},"end":{"line":219,"column":33}},"133":{"start":{"line":228,"column":12},"end":{"line":217,"column":35}},"134":{"start":{"line":229,"column":13},"end":{"line":217,"column":35}},"135":{"start":{"line":230,"column":13},"end":{"line":217,"column":35}},"136":{"start":{"line":13,"column":21},"end":{"line":null,"column":null}},"137":{"start":{"line":0,"column":0},"end":{"line":0,"column":0},"skip":true}},"branchMap":{"1":{"line":0,"type":"binary-expr","locations":[{"start":{"line":0,"column":0},"end":{"line":0,"column":0},"skip":true},{"start":{"line":0,"column":0},"end":{"line":0,"column":0},"skip":true}]},"2":{"line":0,"type":"if","locations":[{"start":{"line":0,"column":0},"end":{"line":0,"column":0},"skip":true},{"start":{"line":0,"column":0},"end":{"line":0,"column":0},"skip":true}]},"3":{"line":0,"type":"if","locations":[{"start":{"line":0,"column":0},"end":{"line":0,"column":0},"skip":true},{"start":{"line":0,"column":0},"end":{"line":0,"column":0},"skip":true}]},"4":{"line":0,"type":"if","locations":[{"start":{"line":0,"column":0},"end":{"line":0,"column":0},"skip":true},{"start":{"line":0,"column":0},"end":{"line":0,"column":0},"skip":true}]},"5":{"line":0,"type":"cond-expr","locations":[{"start":{"line":0,"column":0},"end":{"line":0,"column":0},"skip":true},{"start":{"line":0,"column":0},"end":{"line":0,"column":0},"skip":true}]},"6":{"line":0,"type":"binary-expr","locations":[{"start":{"line":0,"column":0},"end":{"line":0,"column":0},"skip":true},{"start":{"line":0,"column":0},"end":{"line":0,"column":0},"skip":true}]},"7":{"line":0,"type":"if","locations":[{"start":{"line":0,"column":0},"end":{"line":0,"column":0},"skip":true},{"start":{"line":0,"column":0},"end":{"line":0,"column":0},"skip":true}]},"8":{"line":21,"type":"if","locations":[{"start":{"line":21,"column":12},"end":{"line":21,"column":12}},{"start":{"line":21,"column":12},"end":{"line":21,"column":12}}]},"9":{"line":40,"type":"if","locations":[{"start":{"line":40,"column":16},"end":{"line":40,"column":16}},{"start":{"line":40,"column":16},"end":{"line":40,"column":16}}]},"10":{"line":52,"type":"if","locations":[{"start":{"line":52,"column":11},"end":{"line":52,"column":11}},{"start":{"line":52,"column":11},"end":{"line":52,"column":11}}]},"11":{"line":56,"type":"if","locations":[{"start":{"line":56,"column":11},"end":{"line":56,"column":11}},{"start":{"line":56,"column":11},"end":{"line":56,"column":11}}]},"12":{"line":77,"type":"if","locations":[{"start":{"line":77,"column":11},"end":{"line":77,"column":11}},{"start":{"line":77,"column":11},"end":{"line":77,"column":11}}]},"13":{"line":84,"type":"if","locations":[{"start":{"line":84,"column":11},"end":{"line":84,"column":11}},{"start":{"line":84,"column":11},"end":{"line":84,"column":11}}]},"14":{"line":98,"type":"if","locations":[{"start":{"line":98,"column":11},"end":{"line":98,"column":11}},{"start":{"line":98,"column":11},"end":{"line":98,"column":11}}]},"15":{"line":105,"type":"if","locations":[{"start":{"line":105,"column":11},"end":{"line":105,"column":11}},{"start":{"line":105,"column":11},"end":{"line":105,"column":11}}]},"16":{"line":133,"type":"if","locations":[{"start":{"line":133,"column":11},"end":{"line":133,"column":11}},{"start":{"line":133,"column":11},"end":{"line":133,"column":11}}]},"17":{"line":140,"type":"if","locations":[{"start":{"line":140,"column":11},"end":{"line":140,"column":11}},{"start":{"line":140,"column":11},"end":{"line":140,"column":11}}]},"18":{"line":148,"type":"if","locations":[{"start":{"line":148,"column":11},"end":{"line":148,"column":11}},{"start":{"line":148,"column":11},"end":{"line":148,"column":11}}]},"19":{"line":155,"type":"if","locations":[{"start":{"line":155,"column":11},"end":{"line":155,"column":11}},{"start":{"line":155,"column":11},"end":{"line":155,"column":11}}]},"20":{"line":164,"type":"if","locations":[{"start":{"line":164,"column":11},"end":{"line":164,"column":11}},{"start":{"line":164,"column":11},"end":{"line":164,"column":11}}]},"21":{"line":173,"type":"if","locations":[{"start":{"line":173,"column":11},"end":{"line":173,"column":11}},{"start":{"line":173,"column":11},"end":{"line":173,"column":11}}]},"22":{"line":196,"type":"if","locations":[{"start":{"line":196,"column":11},"end":{"line":196,"column":11}},{"start":{"line":196,"column":11},"end":{"line":196,"column":11}}]},"23":{"line":219,"type":"if","locations":[{"start":{"line":219,"column":11},"end":{"line":219,"column":11}},{"start":{"line":219,"column":11},"end":{"line":219,"column":11}}]}}},"/Users/dtysky/Complex_Mind/MoeNotes/src/utils.js":{"path":"/Users/dtysky/Complex_Mind/MoeNotes/src/utils.js","s":{"1":1,"2":1,"3":1,"4":1,"5":1,"6":1,"7":1,"8":1,"9":1,"10":1,"11":1,"12":1,"13":2,"14":1,"15":0,"16":0,"17":1,"18":0,"19":0,"20":1,"21":0,"22":0,"23":0,"24":0,"25":1,"26":0,"27":1,"28":0,"29":1,"30":0},"b":{"1":[0,2],"2":[2,2],"3":[0,0]},"f":{"1":2,"2":0,"3":0,"4":0,"5":0,"6":0,"7":0,"8":0,"9":0,"10":0},"fnMap":{"1":{"name":"_interopRequireDefault","line":0,"loc":{"start":{"line":0,"column":0},"end":{"line":0,"column":0}},"skip":true},"2":{"name":"bindFunctions","line":11,"loc":{"start":{"line":11,"column":7},"end":{"line":11,"column":44}}},"3":{"name":"(anonymous_3)","line":12,"loc":{"start":{"line":12,"column":20},"end":{"line":12,"column":30}}},"4":{"name":"getDirectories","line":17,"loc":{"start":{"line":17,"column":7},"end":{"line":17,"column":35}}},"5":{"name":"(anonymous_5)","line":18,"loc":{"start":{"line":18,"column":37},"end":{"line":18,"column":45}}},"6":{"name":"getFiles","line":23,"loc":{"start":{"line":23,"column":7},"end":{"line":23,"column":29}}},"7":{"name":"(anonymous_7)","line":24,"loc":{"start":{"line":24,"column":37},"end":{"line":24,"column":45}}},"8":{"name":"getNameFromPath","line":32,"loc":{"start":{"line":32,"column":7},"end":{"line":32,"column":35}}},"9":{"name":"arrayIsEqual","line":36,"loc":{"start":{"line":36,"column":7},"end":{"line":36,"column":36}}},"10":{"name":"arrayHas","line":40,"loc":{"start":{"line":40,"column":7},"end":{"line":40,"column":30}}}},"statementMap":{"1":{"start":{"line":0,"column":0},"end":{"line":0,"column":0},"skip":true},"2":{"start":{"line":11,"column":16},"end":{"line":null,"column":null}},"3":{"start":{"line":17,"column":16},"end":{"line":null,"column":null}},"4":{"start":{"line":23,"column":16},"end":{"line":null,"column":null}},"5":{"start":{"line":32,"column":16},"end":{"line":null,"column":null}},"6":{"start":{"line":36,"column":16},"end":{"line":null,"column":null}},"7":{"start":{"line":40,"column":16},"end":{"line":null,"column":null}},"8":{"start":{"line":7,"column":0},"end":{"line":null,"column":null}},"9":{"start":{"line":0,"column":0},"end":{"line":0,"column":0},"skip":true},"10":{"start":{"line":8,"column":0},"end":{"line":null,"column":null}},"11":{"start":{"line":0,"column":0},"end":{"line":0,"column":0},"skip":true},"12":{"start":{"line":0,"column":0},"end":{"line":0,"column":0},"skip":true},"13":{"start":{"line":0,"column":0},"end":{"line":0,"column":0},"skip":true},"14":{"start":{"line":11,"column":7},"end":{"line":11,"column":7}},"15":{"start":{"line":12,"column":12},"end":{"line":11,"column":44}},"16":{"start":{"line":13,"column":13},"end":{"line":12,"column":30}},"17":{"start":{"line":17,"column":7},"end":{"line":17,"column":7}},"18":{"start":{"line":18,"column":11},"end":{"line":17,"column":35}},"19":{"start":{"line":19,"column":15},"end":{"line":18,"column":45}},"20":{"start":{"line":23,"column":7},"end":{"line":23,"column":7}},"21":{"start":{"line":24,"column":11},"end":{"line":23,"column":29}},"22":{"start":{"line":25,"column":11},"end":{"line":25,"column":8}},"23":{"start":{"line":26,"column":19},"end":{"line":25,"column":54}},"24":{"start":{"line":28,"column":15},"end":{"line":24,"column":45}},"25":{"start":{"line":32,"column":7},"end":{"line":32,"column":7}},"26":{"start":{"line":33,"column":11},"end":{"line":32,"column":35}},"27":{"start":{"line":36,"column":7},"end":{"line":36,"column":7}},"28":{"start":{"line":37,"column":11},"end":{"line":36,"column":36}},"29":{"start":{"line":40,"column":7},"end":{"line":40,"column":7}},"30":{"start":{"line":41,"column":11},"end":{"line":40,"column":30}}},"branchMap":{"1":{"line":0,"type":"cond-expr","locations":[{"start":{"line":0,"column":0},"end":{"line":0,"column":0},"skip":true},{"start":{"line":0,"column":0},"end":{"line":0,"column":0},"skip":true}]},"2":{"line":0,"type":"binary-expr","locations":[{"start":{"line":0,"column":0},"end":{"line":0,"column":0},"skip":true},{"start":{"line":0,"column":0},"end":{"line":0,"column":0},"skip":true}]},"3":{"line":25,"type":"if","locations":[{"start":{"line":25,"column":11},"end":{"line":25,"column":11}},{"start":{"line":25,"column":11},"end":{"line":25,"column":11}}]}}}}