TN:
SF:/Users/dtysky/Complex_Mind/MoeNotes/src/storage-book.js
FN:13,StorageBook
FN:19,load
FN:31,createTree
FN:37,(anonymous_10)
FN:51,recreateIndexesWithNow
FN:62,parse
FN:76,getNow
FN:83,getPath
FN:97,getIndexes
FN:104,setIndexes
FN:112,readNowPage
FN:119,save
FN:132,has
FN:139,isEmpty
FN:147,canNotRemove
FN:154,change
FN:162,createToDevice
FN:172,create
FN:189,removeFromDevice
FN:194,remove
FN:211,renameFromDevice
FN:217,rename
FNF:22
FNH:1
FNDA:1,StorageBook
FNDA:0,load
FNDA:0,createTree
FNDA:0,(anonymous_10)
FNDA:0,recreateIndexesWithNow
FNDA:0,parse
FNDA:0,getNow
FNDA:0,getPath
FNDA:0,getIndexes
FNDA:0,setIndexes
FNDA:0,readNowPage
FNDA:0,save
FNDA:0,has
FNDA:0,isEmpty
FNDA:0,canNotRemove
FNDA:0,change
FNDA:0,createToDevice
FNDA:0,create
FNDA:0,removeFromDevice
FNDA:0,remove
FNDA:0,renameFromDevice
FNDA:0,rename
DA:8,1
DA:9,1
DA:10,1
DA:11,1
DA:13,1
DA:15,0
DA:16,0
DA:20,0
DA:21,0
DA:22,0
DA:23,0
DA:28,0
DA:32,0
DA:33,0
DA:34,0
DA:35,0
DA:36,0
DA:37,0
DA:38,0
DA:39,0
DA:40,0
DA:41,0
DA:42,0
DA:45,0
DA:46,0
DA:48,0
DA:52,0
DA:53,0
DA:55,0
DA:56,0
DA:57,0
DA:59,0
DA:63,0
DA:64,0
DA:65,0
DA:66,0
DA:67,0
DA:68,0
DA:73,0
DA:77,0
DA:78,0
DA:80,0
DA:84,0
DA:85,0
DA:90,0
DA:98,0
DA:99,0
DA:101,0
DA:105,0
DA:106,0
DA:109,0
DA:113,0
DA:114,0
DA:120,0
DA:121,0
DA:125,0
DA:126,0
DA:133,0
DA:134,0
DA:136,0
DA:140,0
DA:141,0
DA:143,0
DA:144,0
DA:148,0
DA:149,0
DA:151,0
DA:155,0
DA:156,0
DA:159,0
DA:163,0
DA:164,0
DA:165,0
DA:168,0
DA:173,0
DA:174,0
DA:175,0
DA:178,0
DA:181,0
DA:182,0
DA:183,0
DA:190,0
DA:191,0
DA:195,0
DA:196,0
DA:197,0
DA:198,0
DA:199,0
DA:204,0
DA:205,0
DA:206,0
DA:212,0
DA:213,0
DA:214,0
DA:218,0
DA:219,0
DA:220,0
DA:221,0
DA:222,0
DA:228,0
DA:229,0
DA:230,0
LF:102
LH:5
BRDA:21,8,0,0
BRDA:21,8,1,0
BRDA:40,9,0,0
BRDA:40,9,1,0
BRDA:52,10,0,0
BRDA:52,10,1,0
BRDA:56,11,0,0
BRDA:56,11,1,0
BRDA:77,12,0,0
BRDA:77,12,1,0
BRDA:84,13,0,0
BRDA:84,13,1,0
BRDA:98,14,0,0
BRDA:98,14,1,0
BRDA:105,15,0,0
BRDA:105,15,1,0
BRDA:133,16,0,0
BRDA:133,16,1,0
BRDA:140,17,0,0
BRDA:140,17,1,0
BRDA:148,18,0,0
BRDA:148,18,1,0
BRDA:155,19,0,0
BRDA:155,19,1,0
BRDA:164,20,0,0
BRDA:164,20,1,0
BRDA:173,21,0,0
BRDA:173,21,1,0
BRDA:196,22,0,0
BRDA:196,22,1,0
BRDA:219,23,0,0
BRDA:219,23,1,0
BRF:32
BRH:0
end_of_record
TN:
SF:/Users/dtysky/Complex_Mind/MoeNotes/src/utils.js
FN:11,bindFunctions
FN:12,(anonymous_3)
FN:17,getDirectories
FN:18,(anonymous_5)
FN:23,getFiles
FN:24,(anonymous_7)
FN:32,getNameFromPath
FN:36,arrayIsEqual
FN:40,arrayHas
FNF:9
FNH:0
FNDA:0,bindFunctions
FNDA:0,(anonymous_3)
FNDA:0,getDirectories
FNDA:0,(anonymous_5)
FNDA:0,getFiles
FNDA:0,(anonymous_7)
FNDA:0,getNameFromPath
FNDA:0,arrayIsEqual
FNDA:0,arrayHas
DA:7,1
DA:8,1
DA:11,1
DA:12,0
DA:13,0
DA:17,1
DA:18,0
DA:19,0
DA:23,1
DA:24,0
DA:25,0
DA:26,0
DA:28,0
DA:32,1
DA:33,0
DA:36,1
DA:37,0
DA:40,1
DA:41,0
LF:19
LH:8
BRDA:25,3,0,0
BRDA:25,3,1,0
BRF:2
BRH:0
end_of_record
