TN:
SF:/Users/dtysky/Complex_Mind/MoeNotes/src/storage-book.js
FN:15,StorageBook
FN:21,load
FN:32,createTree
FN:38,(anonymous_10)
FN:54,recreateIndexesWithNow
FN:65,parse
FN:94,getNow
FN:101,getPath
FN:115,getIndexes
FN:122,setIndexes
FN:140,readNowPage
FN:148,save
FN:161,has
FN:168,isEmpty
FN:175,canNotRemove
FN:182,change
FN:190,createToDevice
FN:200,create
FN:217,removeFromDevice
FN:227,remove
FN:247,renameFromDevice
FN:253,rename
FNF:22
FNH:22
FNDA:15,StorageBook
FNDA:16,load
FNDA:30,createTree
FNDA:89,(anonymous_10)
FNDA:63,recreateIndexesWithNow
FNDA:16,parse
FNDA:10,getNow
FNDA:5,getPath
FNDA:7,getIndexes
FNDA:5,setIndexes
FNDA:2,readNowPage
FNDA:1,save
FNDA:4,has
FNDA:4,isEmpty
FNDA:4,canNotRemove
FNDA:2,change
FNDA:2,createToDevice
FNDA:2,create
FNDA:2,removeFromDevice
FNDA:2,remove
FNDA:2,renameFromDevice
FNDA:2,rename
DA:8,1
DA:9,1
DA:10,1
DA:11,1
DA:12,1
DA:15,15
DA:17,15
DA:18,15
DA:22,16
DA:23,16
DA:24,14
DA:29,16
DA:33,30
DA:34,30
DA:35,30
DA:36,30
DA:37,30
DA:38,30
DA:39,89
DA:40,89
DA:41,89
DA:42,89
DA:43,29
DA:44,29
DA:47,60
DA:48,60
DA:50,30
DA:51,30
DA:55,63
DA:56,60
DA:58,3
DA:59,3
DA:60,2
DA:62,3
DA:66,16
DA:67,16
DA:70,16
DA:71,16
DA:72,16
DA:73,48
DA:74,1
DA:77,1
DA:80,47
DA:85,16
DA:86,47
DA:87,1
DA:88,1
DA:91,16
DA:95,10
DA:96,5
DA:98,5
DA:102,5
DA:103,1
DA:108,4
DA:116,7
DA:117,3
DA:119,4
DA:123,5
DA:124,3
DA:125,1
DA:129,2
DA:132,2
DA:133,1
DA:137,1
DA:141,2
DA:142,2
DA:149,1
DA:150,1
DA:154,1
DA:155,1
DA:162,4
DA:163,2
DA:165,2
DA:169,4
DA:170,2
DA:172,2
DA:176,4
DA:177,2
DA:179,2
DA:183,2
DA:184,1
DA:187,1
DA:191,2
DA:192,2
DA:193,1
DA:196,1
DA:201,2
DA:202,1
DA:203,1
DA:207,1
DA:210,1
DA:211,1
DA:218,2
DA:219,2
DA:220,1
DA:223,1
DA:228,2
DA:229,2
DA:230,1
DA:231,1
DA:232,1
DA:233,1
DA:239,1
DA:240,1
DA:241,1
DA:248,2
DA:249,2
DA:250,2
DA:254,2
DA:255,2
DA:256,1
DA:257,1
DA:258,1
DA:259,1
DA:260,1
DA:266,1
DA:267,1
DA:268,1
LF:118
LH:118
BRDA:23,8,0,14
BRDA:23,8,1,2
BRDA:42,9,0,29
BRDA:42,9,1,60
BRDA:55,10,0,60
BRDA:55,10,1,3
BRDA:59,11,0,2
BRDA:59,11,1,1
BRDA:73,12,0,1
BRDA:73,12,1,47
BRDA:86,13,0,1
BRDA:86,13,1,46
BRDA:95,14,0,5
BRDA:95,14,1,5
BRDA:102,15,0,1
BRDA:102,15,1,4
BRDA:116,16,0,3
BRDA:116,16,1,4
BRDA:123,17,0,3
BRDA:123,17,1,2
BRDA:124,18,0,1
BRDA:124,18,1,2
BRDA:132,19,0,1
BRDA:132,19,1,1
BRDA:162,20,0,2
BRDA:162,20,1,2
BRDA:169,21,0,2
BRDA:169,21,1,2
BRDA:176,22,0,2
BRDA:176,22,1,2
BRDA:183,23,0,1
BRDA:183,23,1,1
BRDA:192,24,0,1
BRDA:192,24,1,1
BRDA:201,25,0,1
BRDA:201,25,1,1
BRDA:219,26,0,1
BRDA:219,26,1,1
BRDA:229,27,0,1
BRDA:229,27,1,1
BRDA:255,28,0,1
BRDA:255,28,1,1
BRF:42
BRH:42
end_of_record
TN:
SF:/Users/dtysky/Complex_Mind/MoeNotes/src/utils.js
FN:12,bindFunctions
FN:13,(anonymous_3)
FN:18,getDirectories
FN:19,(anonymous_5)
FN:24,getFiles
FN:25,(anonymous_7)
FN:33,(anonymous_8)
FN:38,getNameFromPath
FN:42,arrayIsEqual
FN:46,arrayIsLike
FN:52,arrayHas
FNF:11
FNH:8
FNDA:0,bindFunctions
FNDA:0,(anonymous_3)
FNDA:30,getDirectories
FNDA:105,(anonymous_5)
FNDA:89,getFiles
FNDA:149,(anonymous_7)
FNDA:120,(anonymous_8)
FNDA:30,getNameFromPath
FNDA:0,arrayIsEqual
FNDA:68,arrayIsLike
FNDA:98,arrayHas
DA:7,1
DA:8,1
DA:9,1
DA:10,1
DA:12,1
DA:13,0
DA:14,0
DA:18,1
DA:19,30
DA:20,105
DA:24,1
DA:25,89
DA:26,149
DA:27,0
DA:29,149
DA:30,29
DA:32,120
DA:34,120
DA:38,1
DA:39,30
DA:42,1
DA:43,0
DA:46,1
DA:47,68
DA:48,68
DA:49,68
DA:52,1
DA:53,98
LF:28
LH:24
BRDA:26,3,0,0
BRDA:26,3,1,149
BRDA:29,4,0,29
BRDA:29,4,1,120
BRF:4
BRH:3
end_of_record
